Linked: (/home/ecl-109/uuv_ws/devel/.private/marine_sensor_msgs/include/marine_sensor_msgs/RadarSector.h, /home/ecl-109/uuv_ws/devel/include/marine_sensor_msgs/RadarSector.h)
Linked: (/home/ecl-109/uuv_ws/devel/.private/marine_sensor_msgs/include/marine_sensor_msgs/RadarEcho.h, /home/ecl-109/uuv_ws/devel/include/marine_sensor_msgs/RadarEcho.h)
Linked: (/home/ecl-109/uuv_ws/devel/.private/marine_sensor_msgs/include/marine_sensor_msgs/TurbidityNTU.h, /home/ecl-109/uuv_ws/devel/include/marine_sensor_msgs/TurbidityNTU.h)
Linked: (/home/ecl-109/uuv_ws/devel/.private/marine_sensor_msgs/lib/python3/dist-packages/marine_sensor_msgs/__init__.py, /home/ecl-109/uuv_ws/devel/lib/python3/dist-packages/marine_sensor_msgs/__init__.py)
Linked: (/home/ecl-109/uuv_ws/devel/.private/marine_sensor_msgs/lib/python3/dist-packages/marine_sensor_msgs/msg/_TurbidityNTU.py, /home/ecl-109/uuv_ws/devel/lib/python3/dist-packages/marine_sensor_msgs/msg/_TurbidityNTU.py)
Linked: (/home/ecl-109/uuv_ws/devel/.private/marine_sensor_msgs/lib/python3/dist-packages/marine_sensor_msgs/msg/_RadarEcho.py, /home/ecl-109/uuv_ws/devel/lib/python3/dist-packages/marine_sensor_msgs/msg/_RadarEcho.py)
Linked: (/home/ecl-109/uuv_ws/devel/.private/marine_sensor_msgs/lib/python3/dist-packages/marine_sensor_msgs/msg/__init__.py, /home/ecl-109/uuv_ws/devel/lib/python3/dist-packages/marine_sensor_msgs/msg/__init__.py)
Linked: (/home/ecl-109/uuv_ws/devel/.private/marine_sensor_msgs/lib/python3/dist-packages/marine_sensor_msgs/msg/_RadarSector.py, /home/ecl-109/uuv_ws/devel/lib/python3/dist-packages/marine_sensor_msgs/msg/_RadarSector.py)
Linked: (/home/ecl-109/uuv_ws/devel/.private/marine_sensor_msgs/lib/pkgconfig/marine_sensor_msgs.pc, /home/ecl-109/uuv_ws/devel/lib/pkgconfig/marine_sensor_msgs.pc)
Linked: (/home/ecl-109/uuv_ws/devel/.private/marine_sensor_msgs/share/roseus/ros/marine_sensor_msgs/manifest.l, /home/ecl-109/uuv_ws/devel/share/roseus/ros/marine_sensor_msgs/manifest.l)
Linked: (/home/ecl-109/uuv_ws/devel/.private/marine_sensor_msgs/share/roseus/ros/marine_sensor_msgs/msg/TurbidityNTU.l, /home/ecl-109/uuv_ws/devel/share/roseus/ros/marine_sensor_msgs/msg/TurbidityNTU.l)
Linked: (/home/ecl-109/uuv_ws/devel/.private/marine_sensor_msgs/share/roseus/ros/marine_sensor_msgs/msg/RadarSector.l, /home/ecl-109/uuv_ws/devel/share/roseus/ros/marine_sensor_msgs/msg/RadarSector.l)
Linked: (/home/ecl-109/uuv_ws/devel/.private/marine_sensor_msgs/share/roseus/ros/marine_sensor_msgs/msg/RadarEcho.l, /home/ecl-109/uuv_ws/devel/share/roseus/ros/marine_sensor_msgs/msg/RadarEcho.l)
Linked: (/home/ecl-109/uuv_ws/devel/.private/marine_sensor_msgs/share/gennodejs/ros/marine_sensor_msgs/_index.js, /home/ecl-109/uuv_ws/devel/share/gennodejs/ros/marine_sensor_msgs/_index.js)
Linked: (/home/ecl-109/uuv_ws/devel/.private/marine_sensor_msgs/share/gennodejs/ros/marine_sensor_msgs/msg/RadarSector.js, /home/ecl-109/uuv_ws/devel/share/gennodejs/ros/marine_sensor_msgs/msg/RadarSector.js)
Linked: (/home/ecl-109/uuv_ws/devel/.private/marine_sensor_msgs/share/gennodejs/ros/marine_sensor_msgs/msg/TurbidityNTU.js, /home/ecl-109/uuv_ws/devel/share/gennodejs/ros/marine_sensor_msgs/msg/TurbidityNTU.js)
Linked: (/home/ecl-109/uuv_ws/devel/.private/marine_sensor_msgs/share/gennodejs/ros/marine_sensor_msgs/msg/RadarEcho.js, /home/ecl-109/uuv_ws/devel/share/gennodejs/ros/marine_sensor_msgs/msg/RadarEcho.js)
Linked: (/home/ecl-109/uuv_ws/devel/.private/marine_sensor_msgs/share/gennodejs/ros/marine_sensor_msgs/msg/_index.js, /home/ecl-109/uuv_ws/devel/share/gennodejs/ros/marine_sensor_msgs/msg/_index.js)
Linked: (/home/ecl-109/uuv_ws/devel/.private/marine_sensor_msgs/share/marine_sensor_msgs/cmake/marine_sensor_msgs-msg-extras.cmake, /home/ecl-109/uuv_ws/devel/share/marine_sensor_msgs/cmake/marine_sensor_msgs-msg-extras.cmake)
Linked: (/home/ecl-109/uuv_ws/devel/.private/marine_sensor_msgs/share/marine_sensor_msgs/cmake/marine_sensor_msgs-msg-paths.cmake, /home/ecl-109/uuv_ws/devel/share/marine_sensor_msgs/cmake/marine_sensor_msgs-msg-paths.cmake)
Linked: (/home/ecl-109/uuv_ws/devel/.private/marine_sensor_msgs/share/marine_sensor_msgs/cmake/marine_sensor_msgsConfig.cmake, /home/ecl-109/uuv_ws/devel/share/marine_sensor_msgs/cmake/marine_sensor_msgsConfig.cmake)
Linked: (/home/ecl-109/uuv_ws/devel/.private/marine_sensor_msgs/share/marine_sensor_msgs/cmake/marine_sensor_msgsConfig-version.cmake, /home/ecl-109/uuv_ws/devel/share/marine_sensor_msgs/cmake/marine_sensor_msgsConfig-version.cmake)
Linked: (/home/ecl-109/uuv_ws/devel/.private/marine_sensor_msgs/share/common-lisp/ros/marine_sensor_msgs/msg/RadarEcho.lisp, /home/ecl-109/uuv_ws/devel/share/common-lisp/ros/marine_sensor_msgs/msg/RadarEcho.lisp)
Linked: (/home/ecl-109/uuv_ws/devel/.private/marine_sensor_msgs/share/common-lisp/ros/marine_sensor_msgs/msg/TurbidityNTU.lisp, /home/ecl-109/uuv_ws/devel/share/common-lisp/ros/marine_sensor_msgs/msg/TurbidityNTU.lisp)
Linked: (/home/ecl-109/uuv_ws/devel/.private/marine_sensor_msgs/share/common-lisp/ros/marine_sensor_msgs/msg/RadarSector.lisp, /home/ecl-109/uuv_ws/devel/share/common-lisp/ros/marine_sensor_msgs/msg/RadarSector.lisp)
Linked: (/home/ecl-109/uuv_ws/devel/.private/marine_sensor_msgs/share/common-lisp/ros/marine_sensor_msgs/msg/_package.lisp, /home/ecl-109/uuv_ws/devel/share/common-lisp/ros/marine_sensor_msgs/msg/_package.lisp)
Linked: (/home/ecl-109/uuv_ws/devel/.private/marine_sensor_msgs/share/common-lisp/ros/marine_sensor_msgs/msg/marine_sensor_msgs-msg.asd, /home/ecl-109/uuv_ws/devel/share/common-lisp/ros/marine_sensor_msgs/msg/marine_sensor_msgs-msg.asd)
Linked: (/home/ecl-109/uuv_ws/devel/.private/marine_sensor_msgs/share/common-lisp/ros/marine_sensor_msgs/msg/_package_RadarEcho.lisp, /home/ecl-109/uuv_ws/devel/share/common-lisp/ros/marine_sensor_msgs/msg/_package_RadarEcho.lisp)
Linked: (/home/ecl-109/uuv_ws/devel/.private/marine_sensor_msgs/share/common-lisp/ros/marine_sensor_msgs/msg/_package_TurbidityNTU.lisp, /home/ecl-109/uuv_ws/devel/share/common-lisp/ros/marine_sensor_msgs/msg/_package_TurbidityNTU.lisp)
Linked: (/home/ecl-109/uuv_ws/devel/.private/marine_sensor_msgs/share/common-lisp/ros/marine_sensor_msgs/msg/_package_RadarSector.lisp, /home/ecl-109/uuv_ws/devel/share/common-lisp/ros/marine_sensor_msgs/msg/_package_RadarSector.lisp)
