[36m--[0m Using CATKIN_DEVEL_PREFIX: /home/ecl-109/uuv_ws/devel/.private/bruce_slam
[36m--[0m Using CMAKE_PREFIX_PATH: /home/ecl-109/uuv_ws/devel;/opt/ros/noetic
[36m--[0m This workspace overlays: /home/ecl-109/uuv_ws/devel;/opt/ros/noetic
[36m--[0m Using PYTHON_EXECUTABLE: /usr/bin/python3
[36m--[0m Using Debian Python package layout
[36m--[0m Using empy: /usr/lib/python3/dist-packages/em.py
[36m--[0m Using CATKIN_ENABLE_TESTING: ON
[36m--[0m Call enable_testing()
[36m--[0m Using CATKIN_TEST_RESULTS_DIR: /home/ecl-109/uuv_ws/build/bruce_slam/test_results
[36m--[0m Forcing gtest/gmock from source, though one was otherwise available.
[36m--[0m Found gtest sources under '/usr/src/googletest': gtests will be built
[36m--[0m Found gmock sources under '/usr/src/googletest': gmock will be built
[36m--[0m Found PythonInterp: /usr/bin/python3 (found version "3.8.10")
[36m--[0m Using Python nosetests: /usr/bin/nosetests3
[36m--[0m catkin 0.8.10
[36m--[0m BUILD_SHARED_LIBS is on
[36m--[0m Using these message generators: gencpp;geneus;genlisp;gennodejs;genpy
[36m--[0m Found PythonInterp: /usr/bin/python3 (found suitable version "3.8.10", minimum required is "3.8.10")
[36m--[0m Found pybind11: /opt/ros/noetic/include (found version "")
[36m--[0m Found Boost: /usr/lib/x86_64-linux-gnu/cmake/Boost-1.71.0/BoostConfig.cmake (found version "1.71.0") found components: thread filesystem system program_options date_time
[36m--[0m Found Boost: /usr/lib/x86_64-linux-gnu/cmake/Boost-1.71.0/BoostConfig.cmake (found version "1.71.0") found components: thread filesystem system program_options date_time chrono
[36m--[0m Eigen found (include: /usr/include/eigen3, version: 3.3.7)
[36m--[0m Found Boost: /usr/include (found suitable version "1.71.0", minimum required is "1.55.0") found components: system filesystem date_time iostreams regex
[36m--[0m OpenNI found (include: /usr/include/ni, lib: /usr/lib/libOpenNI.so)
[36m--[0m OpenNI2 found (include: /usr/include/openni2, lib: /usr/lib/libOpenNI2.so)
** WARNING ** io features related to pcap will be disabled
** WARNING ** io features related to png will be disabled
[36m--[0m The imported target "vtkParseOGLExt" references the file
   "/usr/bin/vtkParseOGLExt-7.1"
but this file does not exist.  Possible reasons include:
* The file was deleted, renamed, or moved to another location.
* An install or uninstall procedure did not complete successfully.
* The installation package was faulty and contained
   "/usr/lib/cmake/vtk-7.1/VTKTargets.cmake"
but not all the files it references.

[36m--[0m The imported target "vtkRenderingPythonTkWidgets" references the file
   "/usr/lib/x86_64-linux-gnu/libvtkRenderingPythonTkWidgets.so"
but this file does not exist.  Possible reasons include:
* The file was deleted, renamed, or moved to another location.
* An install or uninstall procedure did not complete successfully.
* The installation package was faulty and contained
   "/usr/lib/cmake/vtk-7.1/VTKTargets.cmake"
but not all the files it references.

[36m--[0m The imported target "vtk" references the file
   "/usr/bin/vtk"
but this file does not exist.  Possible reasons include:
* The file was deleted, renamed, or moved to another location.
* An install or uninstall procedure did not complete successfully.
* The installation package was faulty and contained
   "/usr/lib/cmake/vtk-7.1/VTKTargets.cmake"
but not all the files it references.

[36m--[0m The imported target "pvtk" references the file
   "/usr/bin/pvtk"
but this file does not exist.  Possible reasons include:
* The file was deleted, renamed, or moved to another location.
* An install or uninstall procedure did not complete successfully.
* The installation package was faulty and contained
   "/usr/lib/cmake/vtk-7.1/VTKTargets.cmake"
but not all the files it references.

** WARNING ** io features related to libusb-1.0 will be disabled
[36m--[0m looking for PCL_COMMON
[36m--[0m looking for PCL_OCTREE
[36m--[0m looking for PCL_IO
[36m--[0m Found PCL: pcl_common;pcl_octree;pcl_io;/usr/lib/x86_64-linux-gnu/libboost_system.so.1.71.0;/usr/lib/x86_64-linux-gnu/libboost_filesystem.so.1.71.0;/usr/lib/x86_64-linux-gnu/libboost_date_time.so.1.71.0;/usr/lib/x86_64-linux-gnu/libboost_iostreams.so;/usr/lib/x86_64-linux-gnu/libboost_regex.so;/usr/lib/libOpenNI.so;/usr/lib/libOpenNI2.so;vtkChartsCore;vtkCommonColor;vtkCommonCore;vtksys;vtkCommonDataModel;vtkCommonMath;vtkCommonMisc;vtkCommonSystem;vtkCommonTransforms;vtkCommonExecutionModel;vtkFiltersGeneral;vtkCommonComputationalGeometry;vtkFiltersCore;vtkInfovisCore;vtkFiltersExtraction;vtkFiltersStatistics;vtkImagingFourier;vtkImagingCore;vtkalglib;vtkRenderingContext2D;vtkRenderingCore;vtkFiltersGeometry;vtkFiltersSources;vtkRenderingFreeType;/usr/lib/x86_64-linux-gnu/libfreetype.so;/usr/lib/x86_64-linux-gnu/libz.so;vtkFiltersModeling;vtkImagingSources;vtkInteractionStyle;vtkInteractionWidgets;vtkFiltersHybrid;vtkImagingColor;vtkImagingGeneral;vtkImagingHybrid;vtkIOImage;vtkDICOMParser;vtkmetaio;/usr/lib/x86_64-linux-gnu/libjpeg.so;/usr/lib/x86_64-linux-gnu/libpng.so;/usr/lib/x86_64-linux-gnu/libtiff.so;vtkRenderingAnnotation;vtkRenderingVolume;vtkIOXML;vtkIOCore;vtkIOXMLParser;/usr/lib/x86_64-linux-gnu/libexpat.so;vtkIOGeometry;vtkIOLegacy;vtkIOPLY;vtkRenderingLOD;vtkViewsContext2D;vtkViewsCore;vtkRenderingContextOpenGL2;vtkRenderingOpenGL2 (Required is at least version "1.10")
[31m[1mCMake Error[0m at /home/ecl-109/uuv_ws/src/sonar-SLAM/bruce_slam/CMakeLists.txt:63 (target_link_libraries):
  The keyword signature for target_link_libraries has already been used with
  the target "pcl".  All uses of target_link_libraries with a target must be
  either all-keyword or all-plain.

  The uses of the keyword signature are here:

   * /opt/ros/noetic/share/pybind11_catkin/cmake/pybind11Tools.cmake:179 (target_link_libraries)
   * /opt/ros/noetic/share/pybind11_catkin/cmake/pybind11Tools.cmake:211 (target_link_libraries)



[31m[1mCMake Error[0m at /home/ecl-109/uuv_ws/src/sonar-SLAM/bruce_slam/CMakeLists.txt:70 (target_link_libraries):
  The keyword signature for target_link_libraries has already been used with
  the target "cfar".  All uses of target_link_libraries with a target must be
  either all-keyword or all-plain.

  The uses of the keyword signature are here:

   * /opt/ros/noetic/share/pybind11_catkin/cmake/pybind11Tools.cmake:179 (target_link_libraries)
   * /opt/ros/noetic/share/pybind11_catkin/cmake/pybind11Tools.cmake:211 (target_link_libraries)



[36m--[0m Configuring incomplete, errors occurred!
See also "/home/ecl-109/uuv_ws/build/bruce_slam/CMakeFiles/CMakeOutput.log".
See also "/home/ecl-109/uuv_ws/build/bruce_slam/CMakeFiles/CMakeError.log".
make: *** [Makefile:1052: cmake_check_build_system] Error 1
