Linked: (/home/ecl-109/uuv_ws/devel/.private/ds_hotel_msgs/include/ds_hotel_msgs/PowerCmdRequest.h, /home/ecl-109/uuv_ws/devel/include/ds_hotel_msgs/PowerCmdRequest.h)
Linked: (/home/ecl-109/uuv_ws/devel/.private/ds_hotel_msgs/include/ds_hotel_msgs/PwrSwitchDeviceCmd.h, /home/ecl-109/uuv_ws/devel/include/ds_hotel_msgs/PwrSwitchDeviceCmd.h)
Linked: (/home/ecl-109/uuv_ws/devel/.private/ds_hotel_msgs/include/ds_hotel_msgs/PWRdevice.h, /home/ecl-109/uuv_ws/devel/include/ds_hotel_msgs/PWRdevice.h)
Linked: (/home/ecl-109/uuv_ws/devel/.private/ds_hotel_msgs/include/ds_hotel_msgs/HTP.h, /home/ecl-109/uuv_ws/devel/include/ds_hotel_msgs/HTP.h)
Linked: (/home/ecl-109/uuv_ws/devel/.private/ds_hotel_msgs/include/ds_hotel_msgs/PowerSupply.h, /home/ecl-109/uuv_ws/devel/include/ds_hotel_msgs/PowerSupply.h)
Linked: (/home/ecl-109/uuv_ws/devel/.private/ds_hotel_msgs/include/ds_hotel_msgs/HTPGL.h, /home/ecl-109/uuv_ws/devel/include/ds_hotel_msgs/HTPGL.h)
Linked: (/home/ecl-109/uuv_ws/devel/.private/ds_hotel_msgs/include/ds_hotel_msgs/PWR.h, /home/ecl-109/uuv_ws/devel/include/ds_hotel_msgs/PWR.h)
Linked: (/home/ecl-109/uuv_ws/devel/.private/ds_hotel_msgs/include/ds_hotel_msgs/XR.h, /home/ecl-109/uuv_ws/devel/include/ds_hotel_msgs/XR.h)
Linked: (/home/ecl-109/uuv_ws/devel/.private/ds_hotel_msgs/include/ds_hotel_msgs/TrigPrmCtrlCmdRequest.h, /home/ecl-109/uuv_ws/devel/include/ds_hotel_msgs/TrigPrmCtrlCmdRequest.h)
Linked: (/home/ecl-109/uuv_ws/devel/.private/ds_hotel_msgs/include/ds_hotel_msgs/ClioChgCmd.h, /home/ecl-109/uuv_ws/devel/include/ds_hotel_msgs/ClioChgCmd.h)
Linked: (/home/ecl-109/uuv_ws/devel/.private/ds_hotel_msgs/include/ds_hotel_msgs/TriggerChannelConfig.h, /home/ecl-109/uuv_ws/devel/include/ds_hotel_msgs/TriggerChannelConfig.h)
Linked: (/home/ecl-109/uuv_ws/devel/.private/ds_hotel_msgs/include/ds_hotel_msgs/ChargeCmdRequest.h, /home/ecl-109/uuv_ws/devel/include/ds_hotel_msgs/ChargeCmdRequest.h)
Linked: (/home/ecl-109/uuv_ws/devel/.private/ds_hotel_msgs/include/ds_hotel_msgs/BatteryCmd.h, /home/ecl-109/uuv_ws/devel/include/ds_hotel_msgs/BatteryCmd.h)
Linked: (/home/ecl-109/uuv_ws/devel/.private/ds_hotel_msgs/include/ds_hotel_msgs/Charge.h, /home/ecl-109/uuv_ws/devel/include/ds_hotel_msgs/Charge.h)
Linked: (/home/ecl-109/uuv_ws/devel/.private/ds_hotel_msgs/include/ds_hotel_msgs/ClioChgCmdResponse.h, /home/ecl-109/uuv_ws/devel/include/ds_hotel_msgs/ClioChgCmdResponse.h)
Linked: (/home/ecl-109/uuv_ws/devel/.private/ds_hotel_msgs/include/ds_hotel_msgs/ChargeCmd.h, /home/ecl-109/uuv_ws/devel/include/ds_hotel_msgs/ChargeCmd.h)
Linked: (/home/ecl-109/uuv_ws/devel/.private/ds_hotel_msgs/include/ds_hotel_msgs/PowerCmd.h, /home/ecl-109/uuv_ws/devel/include/ds_hotel_msgs/PowerCmd.h)
Linked: (/home/ecl-109/uuv_ws/devel/.private/ds_hotel_msgs/include/ds_hotel_msgs/Battery.h, /home/ecl-109/uuv_ws/devel/include/ds_hotel_msgs/Battery.h)
Linked: (/home/ecl-109/uuv_ws/devel/.private/ds_hotel_msgs/include/ds_hotel_msgs/ChargeCmdResponse.h, /home/ecl-109/uuv_ws/devel/include/ds_hotel_msgs/ChargeCmdResponse.h)
Linked: (/home/ecl-109/uuv_ws/devel/.private/ds_hotel_msgs/include/ds_hotel_msgs/PwrSwitchDeviceStatus.h, /home/ecl-109/uuv_ws/devel/include/ds_hotel_msgs/PwrSwitchDeviceStatus.h)
Linked: (/home/ecl-109/uuv_ws/devel/.private/ds_hotel_msgs/include/ds_hotel_msgs/ClioBattery.h, /home/ecl-109/uuv_ws/devel/include/ds_hotel_msgs/ClioBattery.h)
Linked: (/home/ecl-109/uuv_ws/devel/.private/ds_hotel_msgs/include/ds_hotel_msgs/PwrSwitch.h, /home/ecl-109/uuv_ws/devel/include/ds_hotel_msgs/PwrSwitch.h)
Linked: (/home/ecl-109/uuv_ws/devel/.private/ds_hotel_msgs/include/ds_hotel_msgs/PowerSupplyCommand.h, /home/ecl-109/uuv_ws/devel/include/ds_hotel_msgs/PowerSupplyCommand.h)
Linked: (/home/ecl-109/uuv_ws/devel/.private/ds_hotel_msgs/include/ds_hotel_msgs/PwrSwitchCmd.h, /home/ecl-109/uuv_ws/devel/include/ds_hotel_msgs/PwrSwitchCmd.h)
Linked: (/home/ecl-109/uuv_ws/devel/.private/ds_hotel_msgs/include/ds_hotel_msgs/BatMan.h, /home/ecl-109/uuv_ws/devel/include/ds_hotel_msgs/BatMan.h)
Linked: (/home/ecl-109/uuv_ws/devel/.private/ds_hotel_msgs/include/ds_hotel_msgs/AbortCmdRequest.h, /home/ecl-109/uuv_ws/devel/include/ds_hotel_msgs/AbortCmdRequest.h)
Linked: (/home/ecl-109/uuv_ws/devel/.private/ds_hotel_msgs/include/ds_hotel_msgs/PowerCmdResponse.h, /home/ecl-109/uuv_ws/devel/include/ds_hotel_msgs/PowerCmdResponse.h)
Linked: (/home/ecl-109/uuv_ws/devel/.private/ds_hotel_msgs/include/ds_hotel_msgs/PwrSwitchCmdRequest.h, /home/ecl-109/uuv_ws/devel/include/ds_hotel_msgs/PwrSwitchCmdRequest.h)
Linked: (/home/ecl-109/uuv_ws/devel/.private/ds_hotel_msgs/include/ds_hotel_msgs/BatteryCmdResponse.h, /home/ecl-109/uuv_ws/devel/include/ds_hotel_msgs/BatteryCmdResponse.h)
Linked: (/home/ecl-109/uuv_ws/devel/.private/ds_hotel_msgs/include/ds_hotel_msgs/BatteryCmdRequest.h, /home/ecl-109/uuv_ws/devel/include/ds_hotel_msgs/BatteryCmdRequest.h)
Linked: (/home/ecl-109/uuv_ws/devel/.private/ds_hotel_msgs/include/ds_hotel_msgs/TrigPrmCtrlCmd.h, /home/ecl-109/uuv_ws/devel/include/ds_hotel_msgs/TrigPrmCtrlCmd.h)
Linked: (/home/ecl-109/uuv_ws/devel/.private/ds_hotel_msgs/include/ds_hotel_msgs/PowerSupplyCommandResponse.h, /home/ecl-109/uuv_ws/devel/include/ds_hotel_msgs/PowerSupplyCommandResponse.h)
Linked: (/home/ecl-109/uuv_ws/devel/.private/ds_hotel_msgs/include/ds_hotel_msgs/A2D2.h, /home/ecl-109/uuv_ws/devel/include/ds_hotel_msgs/A2D2.h)
Linked: (/home/ecl-109/uuv_ws/devel/.private/ds_hotel_msgs/include/ds_hotel_msgs/PwrSwitchDevices.h, /home/ecl-109/uuv_ws/devel/include/ds_hotel_msgs/PwrSwitchDevices.h)
Linked: (/home/ecl-109/uuv_ws/devel/.private/ds_hotel_msgs/include/ds_hotel_msgs/PowerSupplyCommandRequest.h, /home/ecl-109/uuv_ws/devel/include/ds_hotel_msgs/PowerSupplyCommandRequest.h)
Linked: (/home/ecl-109/uuv_ws/devel/.private/ds_hotel_msgs/include/ds_hotel_msgs/AbortCmdResponse.h, /home/ecl-109/uuv_ws/devel/include/ds_hotel_msgs/AbortCmdResponse.h)
Linked: (/home/ecl-109/uuv_ws/devel/.private/ds_hotel_msgs/include/ds_hotel_msgs/PwrSwitchCmdResponse.h, /home/ecl-109/uuv_ws/devel/include/ds_hotel_msgs/PwrSwitchCmdResponse.h)
Linked: (/home/ecl-109/uuv_ws/devel/.private/ds_hotel_msgs/include/ds_hotel_msgs/AbortCmd.h, /home/ecl-109/uuv_ws/devel/include/ds_hotel_msgs/AbortCmd.h)
Linked: (/home/ecl-109/uuv_ws/devel/.private/ds_hotel_msgs/include/ds_hotel_msgs/ClioChgCmdRequest.h, /home/ecl-109/uuv_ws/devel/include/ds_hotel_msgs/ClioChgCmdRequest.h)
Linked: (/home/ecl-109/uuv_ws/devel/.private/ds_hotel_msgs/include/ds_hotel_msgs/XrSimState.h, /home/ecl-109/uuv_ws/devel/include/ds_hotel_msgs/XrSimState.h)
Linked: (/home/ecl-109/uuv_ws/devel/.private/ds_hotel_msgs/include/ds_hotel_msgs/TrigPrmCtrlCmdResponse.h, /home/ecl-109/uuv_ws/devel/include/ds_hotel_msgs/TrigPrmCtrlCmdResponse.h)
Linked: (/home/ecl-109/uuv_ws/devel/.private/ds_hotel_msgs/include/ds_hotel_msgs/ClioBatteryPack.h, /home/ecl-109/uuv_ws/devel/include/ds_hotel_msgs/ClioBatteryPack.h)
Linked: (/home/ecl-109/uuv_ws/devel/.private/ds_hotel_msgs/lib/python3/dist-packages/ds_hotel_msgs/__init__.py, /home/ecl-109/uuv_ws/devel/lib/python3/dist-packages/ds_hotel_msgs/__init__.py)
Linked: (/home/ecl-109/uuv_ws/devel/.private/ds_hotel_msgs/lib/python3/dist-packages/ds_hotel_msgs/srv/_ClioChgCmd.py, /home/ecl-109/uuv_ws/devel/lib/python3/dist-packages/ds_hotel_msgs/srv/_ClioChgCmd.py)
Linked: (/home/ecl-109/uuv_ws/devel/.private/ds_hotel_msgs/lib/python3/dist-packages/ds_hotel_msgs/srv/_PwrSwitchCmd.py, /home/ecl-109/uuv_ws/devel/lib/python3/dist-packages/ds_hotel_msgs/srv/_PwrSwitchCmd.py)
Linked: (/home/ecl-109/uuv_ws/devel/.private/ds_hotel_msgs/lib/python3/dist-packages/ds_hotel_msgs/srv/_ChargeCmd.py, /home/ecl-109/uuv_ws/devel/lib/python3/dist-packages/ds_hotel_msgs/srv/_ChargeCmd.py)
Linked: (/home/ecl-109/uuv_ws/devel/.private/ds_hotel_msgs/lib/python3/dist-packages/ds_hotel_msgs/srv/_PowerCmd.py, /home/ecl-109/uuv_ws/devel/lib/python3/dist-packages/ds_hotel_msgs/srv/_PowerCmd.py)
Linked: (/home/ecl-109/uuv_ws/devel/.private/ds_hotel_msgs/lib/python3/dist-packages/ds_hotel_msgs/srv/_TrigPrmCtrlCmd.py, /home/ecl-109/uuv_ws/devel/lib/python3/dist-packages/ds_hotel_msgs/srv/_TrigPrmCtrlCmd.py)
Linked: (/home/ecl-109/uuv_ws/devel/.private/ds_hotel_msgs/lib/python3/dist-packages/ds_hotel_msgs/srv/__init__.py, /home/ecl-109/uuv_ws/devel/lib/python3/dist-packages/ds_hotel_msgs/srv/__init__.py)
Linked: (/home/ecl-109/uuv_ws/devel/.private/ds_hotel_msgs/lib/python3/dist-packages/ds_hotel_msgs/srv/_PowerSupplyCommand.py, /home/ecl-109/uuv_ws/devel/lib/python3/dist-packages/ds_hotel_msgs/srv/_PowerSupplyCommand.py)
Linked: (/home/ecl-109/uuv_ws/devel/.private/ds_hotel_msgs/lib/python3/dist-packages/ds_hotel_msgs/srv/_BatteryCmd.py, /home/ecl-109/uuv_ws/devel/lib/python3/dist-packages/ds_hotel_msgs/srv/_BatteryCmd.py)
Linked: (/home/ecl-109/uuv_ws/devel/.private/ds_hotel_msgs/lib/python3/dist-packages/ds_hotel_msgs/srv/_AbortCmd.py, /home/ecl-109/uuv_ws/devel/lib/python3/dist-packages/ds_hotel_msgs/srv/_AbortCmd.py)
Linked: (/home/ecl-109/uuv_ws/devel/.private/ds_hotel_msgs/lib/python3/dist-packages/ds_hotel_msgs/msg/_TriggerChannelConfig.py, /home/ecl-109/uuv_ws/devel/lib/python3/dist-packages/ds_hotel_msgs/msg/_TriggerChannelConfig.py)
Linked: (/home/ecl-109/uuv_ws/devel/.private/ds_hotel_msgs/lib/python3/dist-packages/ds_hotel_msgs/msg/_HTPGL.py, /home/ecl-109/uuv_ws/devel/lib/python3/dist-packages/ds_hotel_msgs/msg/_HTPGL.py)
Linked: (/home/ecl-109/uuv_ws/devel/.private/ds_hotel_msgs/lib/python3/dist-packages/ds_hotel_msgs/msg/_PwrSwitchDeviceStatus.py, /home/ecl-109/uuv_ws/devel/lib/python3/dist-packages/ds_hotel_msgs/msg/_PwrSwitchDeviceStatus.py)
Linked: (/home/ecl-109/uuv_ws/devel/.private/ds_hotel_msgs/lib/python3/dist-packages/ds_hotel_msgs/msg/_XR.py, /home/ecl-109/uuv_ws/devel/lib/python3/dist-packages/ds_hotel_msgs/msg/_XR.py)
Linked: (/home/ecl-109/uuv_ws/devel/.private/ds_hotel_msgs/lib/python3/dist-packages/ds_hotel_msgs/msg/_PWRdevice.py, /home/ecl-109/uuv_ws/devel/lib/python3/dist-packages/ds_hotel_msgs/msg/_PWRdevice.py)
Linked: (/home/ecl-109/uuv_ws/devel/.private/ds_hotel_msgs/lib/python3/dist-packages/ds_hotel_msgs/msg/_XrSimState.py, /home/ecl-109/uuv_ws/devel/lib/python3/dist-packages/ds_hotel_msgs/msg/_XrSimState.py)
Linked: (/home/ecl-109/uuv_ws/devel/.private/ds_hotel_msgs/lib/python3/dist-packages/ds_hotel_msgs/msg/_PWR.py, /home/ecl-109/uuv_ws/devel/lib/python3/dist-packages/ds_hotel_msgs/msg/_PWR.py)
Linked: (/home/ecl-109/uuv_ws/devel/.private/ds_hotel_msgs/lib/python3/dist-packages/ds_hotel_msgs/msg/_ClioBatteryPack.py, /home/ecl-109/uuv_ws/devel/lib/python3/dist-packages/ds_hotel_msgs/msg/_ClioBatteryPack.py)
Linked: (/home/ecl-109/uuv_ws/devel/.private/ds_hotel_msgs/lib/python3/dist-packages/ds_hotel_msgs/msg/_HTP.py, /home/ecl-109/uuv_ws/devel/lib/python3/dist-packages/ds_hotel_msgs/msg/_HTP.py)
Linked: (/home/ecl-109/uuv_ws/devel/.private/ds_hotel_msgs/lib/python3/dist-packages/ds_hotel_msgs/msg/__init__.py, /home/ecl-109/uuv_ws/devel/lib/python3/dist-packages/ds_hotel_msgs/msg/__init__.py)
Linked: (/home/ecl-109/uuv_ws/devel/.private/ds_hotel_msgs/lib/python3/dist-packages/ds_hotel_msgs/msg/_Battery.py, /home/ecl-109/uuv_ws/devel/lib/python3/dist-packages/ds_hotel_msgs/msg/_Battery.py)
Linked: (/home/ecl-109/uuv_ws/devel/.private/ds_hotel_msgs/lib/python3/dist-packages/ds_hotel_msgs/msg/_PwrSwitch.py, /home/ecl-109/uuv_ws/devel/lib/python3/dist-packages/ds_hotel_msgs/msg/_PwrSwitch.py)
Linked: (/home/ecl-109/uuv_ws/devel/.private/ds_hotel_msgs/lib/python3/dist-packages/ds_hotel_msgs/msg/_ClioBattery.py, /home/ecl-109/uuv_ws/devel/lib/python3/dist-packages/ds_hotel_msgs/msg/_ClioBattery.py)
Linked: (/home/ecl-109/uuv_ws/devel/.private/ds_hotel_msgs/lib/python3/dist-packages/ds_hotel_msgs/msg/_BatMan.py, /home/ecl-109/uuv_ws/devel/lib/python3/dist-packages/ds_hotel_msgs/msg/_BatMan.py)
Linked: (/home/ecl-109/uuv_ws/devel/.private/ds_hotel_msgs/lib/python3/dist-packages/ds_hotel_msgs/msg/_PwrSwitchDeviceCmd.py, /home/ecl-109/uuv_ws/devel/lib/python3/dist-packages/ds_hotel_msgs/msg/_PwrSwitchDeviceCmd.py)
Linked: (/home/ecl-109/uuv_ws/devel/.private/ds_hotel_msgs/lib/python3/dist-packages/ds_hotel_msgs/msg/_A2D2.py, /home/ecl-109/uuv_ws/devel/lib/python3/dist-packages/ds_hotel_msgs/msg/_A2D2.py)
Linked: (/home/ecl-109/uuv_ws/devel/.private/ds_hotel_msgs/lib/python3/dist-packages/ds_hotel_msgs/msg/_PwrSwitchDevices.py, /home/ecl-109/uuv_ws/devel/lib/python3/dist-packages/ds_hotel_msgs/msg/_PwrSwitchDevices.py)
Linked: (/home/ecl-109/uuv_ws/devel/.private/ds_hotel_msgs/lib/python3/dist-packages/ds_hotel_msgs/msg/_PowerSupply.py, /home/ecl-109/uuv_ws/devel/lib/python3/dist-packages/ds_hotel_msgs/msg/_PowerSupply.py)
Linked: (/home/ecl-109/uuv_ws/devel/.private/ds_hotel_msgs/lib/python3/dist-packages/ds_hotel_msgs/msg/_Charge.py, /home/ecl-109/uuv_ws/devel/lib/python3/dist-packages/ds_hotel_msgs/msg/_Charge.py)
Linked: (/home/ecl-109/uuv_ws/devel/.private/ds_hotel_msgs/lib/pkgconfig/ds_hotel_msgs.pc, /home/ecl-109/uuv_ws/devel/lib/pkgconfig/ds_hotel_msgs.pc)
Linked: (/home/ecl-109/uuv_ws/devel/.private/ds_hotel_msgs/share/roseus/ros/ds_hotel_msgs/manifest.l, /home/ecl-109/uuv_ws/devel/share/roseus/ros/ds_hotel_msgs/manifest.l)
Linked: (/home/ecl-109/uuv_ws/devel/.private/ds_hotel_msgs/share/roseus/ros/ds_hotel_msgs/srv/BatteryCmd.l, /home/ecl-109/uuv_ws/devel/share/roseus/ros/ds_hotel_msgs/srv/BatteryCmd.l)
Linked: (/home/ecl-109/uuv_ws/devel/.private/ds_hotel_msgs/share/roseus/ros/ds_hotel_msgs/srv/ChargeCmd.l, /home/ecl-109/uuv_ws/devel/share/roseus/ros/ds_hotel_msgs/srv/ChargeCmd.l)
Linked: (/home/ecl-109/uuv_ws/devel/.private/ds_hotel_msgs/share/roseus/ros/ds_hotel_msgs/srv/TrigPrmCtrlCmd.l, /home/ecl-109/uuv_ws/devel/share/roseus/ros/ds_hotel_msgs/srv/TrigPrmCtrlCmd.l)
Linked: (/home/ecl-109/uuv_ws/devel/.private/ds_hotel_msgs/share/roseus/ros/ds_hotel_msgs/srv/PowerSupplyCommand.l, /home/ecl-109/uuv_ws/devel/share/roseus/ros/ds_hotel_msgs/srv/PowerSupplyCommand.l)
Linked: (/home/ecl-109/uuv_ws/devel/.private/ds_hotel_msgs/share/roseus/ros/ds_hotel_msgs/srv/AbortCmd.l, /home/ecl-109/uuv_ws/devel/share/roseus/ros/ds_hotel_msgs/srv/AbortCmd.l)
Linked: (/home/ecl-109/uuv_ws/devel/.private/ds_hotel_msgs/share/roseus/ros/ds_hotel_msgs/srv/ClioChgCmd.l, /home/ecl-109/uuv_ws/devel/share/roseus/ros/ds_hotel_msgs/srv/ClioChgCmd.l)
Linked: (/home/ecl-109/uuv_ws/devel/.private/ds_hotel_msgs/share/roseus/ros/ds_hotel_msgs/srv/PwrSwitchCmd.l, /home/ecl-109/uuv_ws/devel/share/roseus/ros/ds_hotel_msgs/srv/PwrSwitchCmd.l)
Linked: (/home/ecl-109/uuv_ws/devel/.private/ds_hotel_msgs/share/roseus/ros/ds_hotel_msgs/srv/PowerCmd.l, /home/ecl-109/uuv_ws/devel/share/roseus/ros/ds_hotel_msgs/srv/PowerCmd.l)
Linked: (/home/ecl-109/uuv_ws/devel/.private/ds_hotel_msgs/share/roseus/ros/ds_hotel_msgs/msg/XR.l, /home/ecl-109/uuv_ws/devel/share/roseus/ros/ds_hotel_msgs/msg/XR.l)
Linked: (/home/ecl-109/uuv_ws/devel/.private/ds_hotel_msgs/share/roseus/ros/ds_hotel_msgs/msg/PwrSwitchDeviceStatus.l, /home/ecl-109/uuv_ws/devel/share/roseus/ros/ds_hotel_msgs/msg/PwrSwitchDeviceStatus.l)
Linked: (/home/ecl-109/uuv_ws/devel/.private/ds_hotel_msgs/share/roseus/ros/ds_hotel_msgs/msg/ClioBatteryPack.l, /home/ecl-109/uuv_ws/devel/share/roseus/ros/ds_hotel_msgs/msg/ClioBatteryPack.l)
Linked: (/home/ecl-109/uuv_ws/devel/.private/ds_hotel_msgs/share/roseus/ros/ds_hotel_msgs/msg/Charge.l, /home/ecl-109/uuv_ws/devel/share/roseus/ros/ds_hotel_msgs/msg/Charge.l)
Linked: (/home/ecl-109/uuv_ws/devel/.private/ds_hotel_msgs/share/roseus/ros/ds_hotel_msgs/msg/HTPGL.l, /home/ecl-109/uuv_ws/devel/share/roseus/ros/ds_hotel_msgs/msg/HTPGL.l)
Linked: (/home/ecl-109/uuv_ws/devel/.private/ds_hotel_msgs/share/roseus/ros/ds_hotel_msgs/msg/PowerSupply.l, /home/ecl-109/uuv_ws/devel/share/roseus/ros/ds_hotel_msgs/msg/PowerSupply.l)
Linked: (/home/ecl-109/uuv_ws/devel/.private/ds_hotel_msgs/share/roseus/ros/ds_hotel_msgs/msg/ClioBattery.l, /home/ecl-109/uuv_ws/devel/share/roseus/ros/ds_hotel_msgs/msg/ClioBattery.l)
Linked: (/home/ecl-109/uuv_ws/devel/.private/ds_hotel_msgs/share/roseus/ros/ds_hotel_msgs/msg/PWRdevice.l, /home/ecl-109/uuv_ws/devel/share/roseus/ros/ds_hotel_msgs/msg/PWRdevice.l)
Linked: (/home/ecl-109/uuv_ws/devel/.private/ds_hotel_msgs/share/roseus/ros/ds_hotel_msgs/msg/PWR.l, /home/ecl-109/uuv_ws/devel/share/roseus/ros/ds_hotel_msgs/msg/PWR.l)
Linked: (/home/ecl-109/uuv_ws/devel/.private/ds_hotel_msgs/share/roseus/ros/ds_hotel_msgs/msg/A2D2.l, /home/ecl-109/uuv_ws/devel/share/roseus/ros/ds_hotel_msgs/msg/A2D2.l)
Linked: (/home/ecl-109/uuv_ws/devel/.private/ds_hotel_msgs/share/roseus/ros/ds_hotel_msgs/msg/PwrSwitch.l, /home/ecl-109/uuv_ws/devel/share/roseus/ros/ds_hotel_msgs/msg/PwrSwitch.l)
Linked: (/home/ecl-109/uuv_ws/devel/.private/ds_hotel_msgs/share/roseus/ros/ds_hotel_msgs/msg/BatMan.l, /home/ecl-109/uuv_ws/devel/share/roseus/ros/ds_hotel_msgs/msg/BatMan.l)
Linked: (/home/ecl-109/uuv_ws/devel/.private/ds_hotel_msgs/share/roseus/ros/ds_hotel_msgs/msg/PwrSwitchDeviceCmd.l, /home/ecl-109/uuv_ws/devel/share/roseus/ros/ds_hotel_msgs/msg/PwrSwitchDeviceCmd.l)
Linked: (/home/ecl-109/uuv_ws/devel/.private/ds_hotel_msgs/share/roseus/ros/ds_hotel_msgs/msg/Battery.l, /home/ecl-109/uuv_ws/devel/share/roseus/ros/ds_hotel_msgs/msg/Battery.l)
Linked: (/home/ecl-109/uuv_ws/devel/.private/ds_hotel_msgs/share/roseus/ros/ds_hotel_msgs/msg/XrSimState.l, /home/ecl-109/uuv_ws/devel/share/roseus/ros/ds_hotel_msgs/msg/XrSimState.l)
Linked: (/home/ecl-109/uuv_ws/devel/.private/ds_hotel_msgs/share/roseus/ros/ds_hotel_msgs/msg/HTP.l, /home/ecl-109/uuv_ws/devel/share/roseus/ros/ds_hotel_msgs/msg/HTP.l)
Linked: (/home/ecl-109/uuv_ws/devel/.private/ds_hotel_msgs/share/roseus/ros/ds_hotel_msgs/msg/TriggerChannelConfig.l, /home/ecl-109/uuv_ws/devel/share/roseus/ros/ds_hotel_msgs/msg/TriggerChannelConfig.l)
Linked: (/home/ecl-109/uuv_ws/devel/.private/ds_hotel_msgs/share/roseus/ros/ds_hotel_msgs/msg/PwrSwitchDevices.l, /home/ecl-109/uuv_ws/devel/share/roseus/ros/ds_hotel_msgs/msg/PwrSwitchDevices.l)
Linked: (/home/ecl-109/uuv_ws/devel/.private/ds_hotel_msgs/share/gennodejs/ros/ds_hotel_msgs/_index.js, /home/ecl-109/uuv_ws/devel/share/gennodejs/ros/ds_hotel_msgs/_index.js)
Linked: (/home/ecl-109/uuv_ws/devel/.private/ds_hotel_msgs/share/gennodejs/ros/ds_hotel_msgs/srv/AbortCmd.js, /home/ecl-109/uuv_ws/devel/share/gennodejs/ros/ds_hotel_msgs/srv/AbortCmd.js)
Linked: (/home/ecl-109/uuv_ws/devel/.private/ds_hotel_msgs/share/gennodejs/ros/ds_hotel_msgs/srv/TrigPrmCtrlCmd.js, /home/ecl-109/uuv_ws/devel/share/gennodejs/ros/ds_hotel_msgs/srv/TrigPrmCtrlCmd.js)
Linked: (/home/ecl-109/uuv_ws/devel/.private/ds_hotel_msgs/share/gennodejs/ros/ds_hotel_msgs/srv/PowerSupplyCommand.js, /home/ecl-109/uuv_ws/devel/share/gennodejs/ros/ds_hotel_msgs/srv/PowerSupplyCommand.js)
Linked: (/home/ecl-109/uuv_ws/devel/.private/ds_hotel_msgs/share/gennodejs/ros/ds_hotel_msgs/srv/PwrSwitchCmd.js, /home/ecl-109/uuv_ws/devel/share/gennodejs/ros/ds_hotel_msgs/srv/PwrSwitchCmd.js)
Linked: (/home/ecl-109/uuv_ws/devel/.private/ds_hotel_msgs/share/gennodejs/ros/ds_hotel_msgs/srv/ClioChgCmd.js, /home/ecl-109/uuv_ws/devel/share/gennodejs/ros/ds_hotel_msgs/srv/ClioChgCmd.js)
Linked: (/home/ecl-109/uuv_ws/devel/.private/ds_hotel_msgs/share/gennodejs/ros/ds_hotel_msgs/srv/ChargeCmd.js, /home/ecl-109/uuv_ws/devel/share/gennodejs/ros/ds_hotel_msgs/srv/ChargeCmd.js)
Linked: (/home/ecl-109/uuv_ws/devel/.private/ds_hotel_msgs/share/gennodejs/ros/ds_hotel_msgs/srv/_index.js, /home/ecl-109/uuv_ws/devel/share/gennodejs/ros/ds_hotel_msgs/srv/_index.js)
Linked: (/home/ecl-109/uuv_ws/devel/.private/ds_hotel_msgs/share/gennodejs/ros/ds_hotel_msgs/srv/BatteryCmd.js, /home/ecl-109/uuv_ws/devel/share/gennodejs/ros/ds_hotel_msgs/srv/BatteryCmd.js)
Linked: (/home/ecl-109/uuv_ws/devel/.private/ds_hotel_msgs/share/gennodejs/ros/ds_hotel_msgs/srv/PowerCmd.js, /home/ecl-109/uuv_ws/devel/share/gennodejs/ros/ds_hotel_msgs/srv/PowerCmd.js)
Linked: (/home/ecl-109/uuv_ws/devel/.private/ds_hotel_msgs/share/gennodejs/ros/ds_hotel_msgs/msg/Battery.js, /home/ecl-109/uuv_ws/devel/share/gennodejs/ros/ds_hotel_msgs/msg/Battery.js)
Linked: (/home/ecl-109/uuv_ws/devel/.private/ds_hotel_msgs/share/gennodejs/ros/ds_hotel_msgs/msg/TriggerChannelConfig.js, /home/ecl-109/uuv_ws/devel/share/gennodejs/ros/ds_hotel_msgs/msg/TriggerChannelConfig.js)
Linked: (/home/ecl-109/uuv_ws/devel/.private/ds_hotel_msgs/share/gennodejs/ros/ds_hotel_msgs/msg/XrSimState.js, /home/ecl-109/uuv_ws/devel/share/gennodejs/ros/ds_hotel_msgs/msg/XrSimState.js)
Linked: (/home/ecl-109/uuv_ws/devel/.private/ds_hotel_msgs/share/gennodejs/ros/ds_hotel_msgs/msg/PWR.js, /home/ecl-109/uuv_ws/devel/share/gennodejs/ros/ds_hotel_msgs/msg/PWR.js)
Linked: (/home/ecl-109/uuv_ws/devel/.private/ds_hotel_msgs/share/gennodejs/ros/ds_hotel_msgs/msg/PwrSwitch.js, /home/ecl-109/uuv_ws/devel/share/gennodejs/ros/ds_hotel_msgs/msg/PwrSwitch.js)
Linked: (/home/ecl-109/uuv_ws/devel/.private/ds_hotel_msgs/share/gennodejs/ros/ds_hotel_msgs/msg/XR.js, /home/ecl-109/uuv_ws/devel/share/gennodejs/ros/ds_hotel_msgs/msg/XR.js)
Linked: (/home/ecl-109/uuv_ws/devel/.private/ds_hotel_msgs/share/gennodejs/ros/ds_hotel_msgs/msg/HTPGL.js, /home/ecl-109/uuv_ws/devel/share/gennodejs/ros/ds_hotel_msgs/msg/HTPGL.js)
Linked: (/home/ecl-109/uuv_ws/devel/.private/ds_hotel_msgs/share/gennodejs/ros/ds_hotel_msgs/msg/PWRdevice.js, /home/ecl-109/uuv_ws/devel/share/gennodejs/ros/ds_hotel_msgs/msg/PWRdevice.js)
Linked: (/home/ecl-109/uuv_ws/devel/.private/ds_hotel_msgs/share/gennodejs/ros/ds_hotel_msgs/msg/ClioBattery.js, /home/ecl-109/uuv_ws/devel/share/gennodejs/ros/ds_hotel_msgs/msg/ClioBattery.js)
Linked: (/home/ecl-109/uuv_ws/devel/.private/ds_hotel_msgs/share/gennodejs/ros/ds_hotel_msgs/msg/ClioBatteryPack.js, /home/ecl-109/uuv_ws/devel/share/gennodejs/ros/ds_hotel_msgs/msg/ClioBatteryPack.js)
Linked: (/home/ecl-109/uuv_ws/devel/.private/ds_hotel_msgs/share/gennodejs/ros/ds_hotel_msgs/msg/HTP.js, /home/ecl-109/uuv_ws/devel/share/gennodejs/ros/ds_hotel_msgs/msg/HTP.js)
Linked: (/home/ecl-109/uuv_ws/devel/.private/ds_hotel_msgs/share/gennodejs/ros/ds_hotel_msgs/msg/PwrSwitchDevices.js, /home/ecl-109/uuv_ws/devel/share/gennodejs/ros/ds_hotel_msgs/msg/PwrSwitchDevices.js)
Linked: (/home/ecl-109/uuv_ws/devel/.private/ds_hotel_msgs/share/gennodejs/ros/ds_hotel_msgs/msg/PwrSwitchDeviceStatus.js, /home/ecl-109/uuv_ws/devel/share/gennodejs/ros/ds_hotel_msgs/msg/PwrSwitchDeviceStatus.js)
Linked: (/home/ecl-109/uuv_ws/devel/.private/ds_hotel_msgs/share/gennodejs/ros/ds_hotel_msgs/msg/PowerSupply.js, /home/ecl-109/uuv_ws/devel/share/gennodejs/ros/ds_hotel_msgs/msg/PowerSupply.js)
Linked: (/home/ecl-109/uuv_ws/devel/.private/ds_hotel_msgs/share/gennodejs/ros/ds_hotel_msgs/msg/A2D2.js, /home/ecl-109/uuv_ws/devel/share/gennodejs/ros/ds_hotel_msgs/msg/A2D2.js)
Linked: (/home/ecl-109/uuv_ws/devel/.private/ds_hotel_msgs/share/gennodejs/ros/ds_hotel_msgs/msg/_index.js, /home/ecl-109/uuv_ws/devel/share/gennodejs/ros/ds_hotel_msgs/msg/_index.js)
Linked: (/home/ecl-109/uuv_ws/devel/.private/ds_hotel_msgs/share/gennodejs/ros/ds_hotel_msgs/msg/PwrSwitchDeviceCmd.js, /home/ecl-109/uuv_ws/devel/share/gennodejs/ros/ds_hotel_msgs/msg/PwrSwitchDeviceCmd.js)
Linked: (/home/ecl-109/uuv_ws/devel/.private/ds_hotel_msgs/share/gennodejs/ros/ds_hotel_msgs/msg/Charge.js, /home/ecl-109/uuv_ws/devel/share/gennodejs/ros/ds_hotel_msgs/msg/Charge.js)
Linked: (/home/ecl-109/uuv_ws/devel/.private/ds_hotel_msgs/share/gennodejs/ros/ds_hotel_msgs/msg/BatMan.js, /home/ecl-109/uuv_ws/devel/share/gennodejs/ros/ds_hotel_msgs/msg/BatMan.js)
Linked: (/home/ecl-109/uuv_ws/devel/.private/ds_hotel_msgs/share/ds_hotel_msgs/cmake/ds_hotel_msgs-msg-extras.cmake, /home/ecl-109/uuv_ws/devel/share/ds_hotel_msgs/cmake/ds_hotel_msgs-msg-extras.cmake)
Linked: (/home/ecl-109/uuv_ws/devel/.private/ds_hotel_msgs/share/ds_hotel_msgs/cmake/ds_hotel_msgsConfig.cmake, /home/ecl-109/uuv_ws/devel/share/ds_hotel_msgs/cmake/ds_hotel_msgsConfig.cmake)
Linked: (/home/ecl-109/uuv_ws/devel/.private/ds_hotel_msgs/share/ds_hotel_msgs/cmake/ds_hotel_msgs-msg-paths.cmake, /home/ecl-109/uuv_ws/devel/share/ds_hotel_msgs/cmake/ds_hotel_msgs-msg-paths.cmake)
Linked: (/home/ecl-109/uuv_ws/devel/.private/ds_hotel_msgs/share/ds_hotel_msgs/cmake/ds_hotel_msgsConfig-version.cmake, /home/ecl-109/uuv_ws/devel/share/ds_hotel_msgs/cmake/ds_hotel_msgsConfig-version.cmake)
Linked: (/home/ecl-109/uuv_ws/devel/.private/ds_hotel_msgs/share/common-lisp/ros/ds_hotel_msgs/srv/AbortCmd.lisp, /home/ecl-109/uuv_ws/devel/share/common-lisp/ros/ds_hotel_msgs/srv/AbortCmd.lisp)
Linked: (/home/ecl-109/uuv_ws/devel/.private/ds_hotel_msgs/share/common-lisp/ros/ds_hotel_msgs/srv/_package_PowerSupplyCommand.lisp, /home/ecl-109/uuv_ws/devel/share/common-lisp/ros/ds_hotel_msgs/srv/_package_PowerSupplyCommand.lisp)
Linked: (/home/ecl-109/uuv_ws/devel/.private/ds_hotel_msgs/share/common-lisp/ros/ds_hotel_msgs/srv/ChargeCmd.lisp, /home/ecl-109/uuv_ws/devel/share/common-lisp/ros/ds_hotel_msgs/srv/ChargeCmd.lisp)
Linked: (/home/ecl-109/uuv_ws/devel/.private/ds_hotel_msgs/share/common-lisp/ros/ds_hotel_msgs/srv/_package_TrigPrmCtrlCmd.lisp, /home/ecl-109/uuv_ws/devel/share/common-lisp/ros/ds_hotel_msgs/srv/_package_TrigPrmCtrlCmd.lisp)
Linked: (/home/ecl-109/uuv_ws/devel/.private/ds_hotel_msgs/share/common-lisp/ros/ds_hotel_msgs/srv/_package_PowerCmd.lisp, /home/ecl-109/uuv_ws/devel/share/common-lisp/ros/ds_hotel_msgs/srv/_package_PowerCmd.lisp)
Linked: (/home/ecl-109/uuv_ws/devel/.private/ds_hotel_msgs/share/common-lisp/ros/ds_hotel_msgs/srv/PwrSwitchCmd.lisp, /home/ecl-109/uuv_ws/devel/share/common-lisp/ros/ds_hotel_msgs/srv/PwrSwitchCmd.lisp)
Linked: (/home/ecl-109/uuv_ws/devel/.private/ds_hotel_msgs/share/common-lisp/ros/ds_hotel_msgs/srv/BatteryCmd.lisp, /home/ecl-109/uuv_ws/devel/share/common-lisp/ros/ds_hotel_msgs/srv/BatteryCmd.lisp)
Linked: (/home/ecl-109/uuv_ws/devel/.private/ds_hotel_msgs/share/common-lisp/ros/ds_hotel_msgs/srv/_package_PwrSwitchCmd.lisp, /home/ecl-109/uuv_ws/devel/share/common-lisp/ros/ds_hotel_msgs/srv/_package_PwrSwitchCmd.lisp)
Linked: (/home/ecl-109/uuv_ws/devel/.private/ds_hotel_msgs/share/common-lisp/ros/ds_hotel_msgs/srv/PowerSupplyCommand.lisp, /home/ecl-109/uuv_ws/devel/share/common-lisp/ros/ds_hotel_msgs/srv/PowerSupplyCommand.lisp)
Linked: (/home/ecl-109/uuv_ws/devel/.private/ds_hotel_msgs/share/common-lisp/ros/ds_hotel_msgs/srv/_package_ChargeCmd.lisp, /home/ecl-109/uuv_ws/devel/share/common-lisp/ros/ds_hotel_msgs/srv/_package_ChargeCmd.lisp)
Linked: (/home/ecl-109/uuv_ws/devel/.private/ds_hotel_msgs/share/common-lisp/ros/ds_hotel_msgs/srv/_package_ClioChgCmd.lisp, /home/ecl-109/uuv_ws/devel/share/common-lisp/ros/ds_hotel_msgs/srv/_package_ClioChgCmd.lisp)
Linked: (/home/ecl-109/uuv_ws/devel/.private/ds_hotel_msgs/share/common-lisp/ros/ds_hotel_msgs/srv/_package_BatteryCmd.lisp, /home/ecl-109/uuv_ws/devel/share/common-lisp/ros/ds_hotel_msgs/srv/_package_BatteryCmd.lisp)
Linked: (/home/ecl-109/uuv_ws/devel/.private/ds_hotel_msgs/share/common-lisp/ros/ds_hotel_msgs/srv/_package.lisp, /home/ecl-109/uuv_ws/devel/share/common-lisp/ros/ds_hotel_msgs/srv/_package.lisp)
Linked: (/home/ecl-109/uuv_ws/devel/.private/ds_hotel_msgs/share/common-lisp/ros/ds_hotel_msgs/srv/ds_hotel_msgs-srv.asd, /home/ecl-109/uuv_ws/devel/share/common-lisp/ros/ds_hotel_msgs/srv/ds_hotel_msgs-srv.asd)
Linked: (/home/ecl-109/uuv_ws/devel/.private/ds_hotel_msgs/share/common-lisp/ros/ds_hotel_msgs/srv/PowerCmd.lisp, /home/ecl-109/uuv_ws/devel/share/common-lisp/ros/ds_hotel_msgs/srv/PowerCmd.lisp)
Linked: (/home/ecl-109/uuv_ws/devel/.private/ds_hotel_msgs/share/common-lisp/ros/ds_hotel_msgs/srv/_package_AbortCmd.lisp, /home/ecl-109/uuv_ws/devel/share/common-lisp/ros/ds_hotel_msgs/srv/_package_AbortCmd.lisp)
Linked: (/home/ecl-109/uuv_ws/devel/.private/ds_hotel_msgs/share/common-lisp/ros/ds_hotel_msgs/srv/ClioChgCmd.lisp, /home/ecl-109/uuv_ws/devel/share/common-lisp/ros/ds_hotel_msgs/srv/ClioChgCmd.lisp)
Linked: (/home/ecl-109/uuv_ws/devel/.private/ds_hotel_msgs/share/common-lisp/ros/ds_hotel_msgs/srv/TrigPrmCtrlCmd.lisp, /home/ecl-109/uuv_ws/devel/share/common-lisp/ros/ds_hotel_msgs/srv/TrigPrmCtrlCmd.lisp)
Linked: (/home/ecl-109/uuv_ws/devel/.private/ds_hotel_msgs/share/common-lisp/ros/ds_hotel_msgs/msg/PWRdevice.lisp, /home/ecl-109/uuv_ws/devel/share/common-lisp/ros/ds_hotel_msgs/msg/PWRdevice.lisp)
Linked: (/home/ecl-109/uuv_ws/devel/.private/ds_hotel_msgs/share/common-lisp/ros/ds_hotel_msgs/msg/Battery.lisp, /home/ecl-109/uuv_ws/devel/share/common-lisp/ros/ds_hotel_msgs/msg/Battery.lisp)
Linked: (/home/ecl-109/uuv_ws/devel/.private/ds_hotel_msgs/share/common-lisp/ros/ds_hotel_msgs/msg/_package_Charge.lisp, /home/ecl-109/uuv_ws/devel/share/common-lisp/ros/ds_hotel_msgs/msg/_package_Charge.lisp)
Linked: (/home/ecl-109/uuv_ws/devel/.private/ds_hotel_msgs/share/common-lisp/ros/ds_hotel_msgs/msg/_package_PWRdevice.lisp, /home/ecl-109/uuv_ws/devel/share/common-lisp/ros/ds_hotel_msgs/msg/_package_PWRdevice.lisp)
Linked: (/home/ecl-109/uuv_ws/devel/.private/ds_hotel_msgs/share/common-lisp/ros/ds_hotel_msgs/msg/_package_Battery.lisp, /home/ecl-109/uuv_ws/devel/share/common-lisp/ros/ds_hotel_msgs/msg/_package_Battery.lisp)
Linked: (/home/ecl-109/uuv_ws/devel/.private/ds_hotel_msgs/share/common-lisp/ros/ds_hotel_msgs/msg/_package_XrSimState.lisp, /home/ecl-109/uuv_ws/devel/share/common-lisp/ros/ds_hotel_msgs/msg/_package_XrSimState.lisp)
Linked: (/home/ecl-109/uuv_ws/devel/.private/ds_hotel_msgs/share/common-lisp/ros/ds_hotel_msgs/msg/ds_hotel_msgs-msg.asd, /home/ecl-109/uuv_ws/devel/share/common-lisp/ros/ds_hotel_msgs/msg/ds_hotel_msgs-msg.asd)
Linked: (/home/ecl-109/uuv_ws/devel/.private/ds_hotel_msgs/share/common-lisp/ros/ds_hotel_msgs/msg/HTPGL.lisp, /home/ecl-109/uuv_ws/devel/share/common-lisp/ros/ds_hotel_msgs/msg/HTPGL.lisp)
Linked: (/home/ecl-109/uuv_ws/devel/.private/ds_hotel_msgs/share/common-lisp/ros/ds_hotel_msgs/msg/PWR.lisp, /home/ecl-109/uuv_ws/devel/share/common-lisp/ros/ds_hotel_msgs/msg/PWR.lisp)
Linked: (/home/ecl-109/uuv_ws/devel/.private/ds_hotel_msgs/share/common-lisp/ros/ds_hotel_msgs/msg/_package_PwrSwitchDeviceCmd.lisp, /home/ecl-109/uuv_ws/devel/share/common-lisp/ros/ds_hotel_msgs/msg/_package_PwrSwitchDeviceCmd.lisp)
Linked: (/home/ecl-109/uuv_ws/devel/.private/ds_hotel_msgs/share/common-lisp/ros/ds_hotel_msgs/msg/_package_PwrSwitchDeviceStatus.lisp, /home/ecl-109/uuv_ws/devel/share/common-lisp/ros/ds_hotel_msgs/msg/_package_PwrSwitchDeviceStatus.lisp)
Linked: (/home/ecl-109/uuv_ws/devel/.private/ds_hotel_msgs/share/common-lisp/ros/ds_hotel_msgs/msg/A2D2.lisp, /home/ecl-109/uuv_ws/devel/share/common-lisp/ros/ds_hotel_msgs/msg/A2D2.lisp)
Linked: (/home/ecl-109/uuv_ws/devel/.private/ds_hotel_msgs/share/common-lisp/ros/ds_hotel_msgs/msg/Charge.lisp, /home/ecl-109/uuv_ws/devel/share/common-lisp/ros/ds_hotel_msgs/msg/Charge.lisp)
Linked: (/home/ecl-109/uuv_ws/devel/.private/ds_hotel_msgs/share/common-lisp/ros/ds_hotel_msgs/msg/_package_PWR.lisp, /home/ecl-109/uuv_ws/devel/share/common-lisp/ros/ds_hotel_msgs/msg/_package_PWR.lisp)
Linked: (/home/ecl-109/uuv_ws/devel/.private/ds_hotel_msgs/share/common-lisp/ros/ds_hotel_msgs/msg/_package_PowerSupply.lisp, /home/ecl-109/uuv_ws/devel/share/common-lisp/ros/ds_hotel_msgs/msg/_package_PowerSupply.lisp)
Linked: (/home/ecl-109/uuv_ws/devel/.private/ds_hotel_msgs/share/common-lisp/ros/ds_hotel_msgs/msg/ClioBatteryPack.lisp, /home/ecl-109/uuv_ws/devel/share/common-lisp/ros/ds_hotel_msgs/msg/ClioBatteryPack.lisp)
Linked: (/home/ecl-109/uuv_ws/devel/.private/ds_hotel_msgs/share/common-lisp/ros/ds_hotel_msgs/msg/BatMan.lisp, /home/ecl-109/uuv_ws/devel/share/common-lisp/ros/ds_hotel_msgs/msg/BatMan.lisp)
Linked: (/home/ecl-109/uuv_ws/devel/.private/ds_hotel_msgs/share/common-lisp/ros/ds_hotel_msgs/msg/_package_A2D2.lisp, /home/ecl-109/uuv_ws/devel/share/common-lisp/ros/ds_hotel_msgs/msg/_package_A2D2.lisp)
Linked: (/home/ecl-109/uuv_ws/devel/.private/ds_hotel_msgs/share/common-lisp/ros/ds_hotel_msgs/msg/_package_ClioBattery.lisp, /home/ecl-109/uuv_ws/devel/share/common-lisp/ros/ds_hotel_msgs/msg/_package_ClioBattery.lisp)
Linked: (/home/ecl-109/uuv_ws/devel/.private/ds_hotel_msgs/share/common-lisp/ros/ds_hotel_msgs/msg/PwrSwitch.lisp, /home/ecl-109/uuv_ws/devel/share/common-lisp/ros/ds_hotel_msgs/msg/PwrSwitch.lisp)
Linked: (/home/ecl-109/uuv_ws/devel/.private/ds_hotel_msgs/share/common-lisp/ros/ds_hotel_msgs/msg/_package_BatMan.lisp, /home/ecl-109/uuv_ws/devel/share/common-lisp/ros/ds_hotel_msgs/msg/_package_BatMan.lisp)
Linked: (/home/ecl-109/uuv_ws/devel/.private/ds_hotel_msgs/share/common-lisp/ros/ds_hotel_msgs/msg/TriggerChannelConfig.lisp, /home/ecl-109/uuv_ws/devel/share/common-lisp/ros/ds_hotel_msgs/msg/TriggerChannelConfig.lisp)
Linked: (/home/ecl-109/uuv_ws/devel/.private/ds_hotel_msgs/share/common-lisp/ros/ds_hotel_msgs/msg/_package_PwrSwitchDevices.lisp, /home/ecl-109/uuv_ws/devel/share/common-lisp/ros/ds_hotel_msgs/msg/_package_PwrSwitchDevices.lisp)
Linked: (/home/ecl-109/uuv_ws/devel/.private/ds_hotel_msgs/share/common-lisp/ros/ds_hotel_msgs/msg/PowerSupply.lisp, /home/ecl-109/uuv_ws/devel/share/common-lisp/ros/ds_hotel_msgs/msg/PowerSupply.lisp)
Linked: (/home/ecl-109/uuv_ws/devel/.private/ds_hotel_msgs/share/common-lisp/ros/ds_hotel_msgs/msg/PwrSwitchDeviceStatus.lisp, /home/ecl-109/uuv_ws/devel/share/common-lisp/ros/ds_hotel_msgs/msg/PwrSwitchDeviceStatus.lisp)
Linked: (/home/ecl-109/uuv_ws/devel/.private/ds_hotel_msgs/share/common-lisp/ros/ds_hotel_msgs/msg/PwrSwitchDeviceCmd.lisp, /home/ecl-109/uuv_ws/devel/share/common-lisp/ros/ds_hotel_msgs/msg/PwrSwitchDeviceCmd.lisp)
Linked: (/home/ecl-109/uuv_ws/devel/.private/ds_hotel_msgs/share/common-lisp/ros/ds_hotel_msgs/msg/XrSimState.lisp, /home/ecl-109/uuv_ws/devel/share/common-lisp/ros/ds_hotel_msgs/msg/XrSimState.lisp)
Linked: (/home/ecl-109/uuv_ws/devel/.private/ds_hotel_msgs/share/common-lisp/ros/ds_hotel_msgs/msg/ClioBattery.lisp, /home/ecl-109/uuv_ws/devel/share/common-lisp/ros/ds_hotel_msgs/msg/ClioBattery.lisp)
Linked: (/home/ecl-109/uuv_ws/devel/.private/ds_hotel_msgs/share/common-lisp/ros/ds_hotel_msgs/msg/_package_TriggerChannelConfig.lisp, /home/ecl-109/uuv_ws/devel/share/common-lisp/ros/ds_hotel_msgs/msg/_package_TriggerChannelConfig.lisp)
Linked: (/home/ecl-109/uuv_ws/devel/.private/ds_hotel_msgs/share/common-lisp/ros/ds_hotel_msgs/msg/XR.lisp, /home/ecl-109/uuv_ws/devel/share/common-lisp/ros/ds_hotel_msgs/msg/XR.lisp)
Linked: (/home/ecl-109/uuv_ws/devel/.private/ds_hotel_msgs/share/common-lisp/ros/ds_hotel_msgs/msg/PwrSwitchDevices.lisp, /home/ecl-109/uuv_ws/devel/share/common-lisp/ros/ds_hotel_msgs/msg/PwrSwitchDevices.lisp)
Linked: (/home/ecl-109/uuv_ws/devel/.private/ds_hotel_msgs/share/common-lisp/ros/ds_hotel_msgs/msg/_package_HTPGL.lisp, /home/ecl-109/uuv_ws/devel/share/common-lisp/ros/ds_hotel_msgs/msg/_package_HTPGL.lisp)
Linked: (/home/ecl-109/uuv_ws/devel/.private/ds_hotel_msgs/share/common-lisp/ros/ds_hotel_msgs/msg/_package_HTP.lisp, /home/ecl-109/uuv_ws/devel/share/common-lisp/ros/ds_hotel_msgs/msg/_package_HTP.lisp)
Linked: (/home/ecl-109/uuv_ws/devel/.private/ds_hotel_msgs/share/common-lisp/ros/ds_hotel_msgs/msg/_package_XR.lisp, /home/ecl-109/uuv_ws/devel/share/common-lisp/ros/ds_hotel_msgs/msg/_package_XR.lisp)
Linked: (/home/ecl-109/uuv_ws/devel/.private/ds_hotel_msgs/share/common-lisp/ros/ds_hotel_msgs/msg/_package.lisp, /home/ecl-109/uuv_ws/devel/share/common-lisp/ros/ds_hotel_msgs/msg/_package.lisp)
Linked: (/home/ecl-109/uuv_ws/devel/.private/ds_hotel_msgs/share/common-lisp/ros/ds_hotel_msgs/msg/HTP.lisp, /home/ecl-109/uuv_ws/devel/share/common-lisp/ros/ds_hotel_msgs/msg/HTP.lisp)
Linked: (/home/ecl-109/uuv_ws/devel/.private/ds_hotel_msgs/share/common-lisp/ros/ds_hotel_msgs/msg/_package_ClioBatteryPack.lisp, /home/ecl-109/uuv_ws/devel/share/common-lisp/ros/ds_hotel_msgs/msg/_package_ClioBatteryPack.lisp)
Linked: (/home/ecl-109/uuv_ws/devel/.private/ds_hotel_msgs/share/common-lisp/ros/ds_hotel_msgs/msg/_package_PwrSwitch.lisp, /home/ecl-109/uuv_ws/devel/share/common-lisp/ros/ds_hotel_msgs/msg/_package_PwrSwitch.lisp)
