Linked: (/home/ecl-109/uuv_ws/devel/.private/rti_dvl/include/rti_dvl/DVL.h, /home/ecl-109/uuv_ws/devel/include/rti_dvl/DVL.h)
Linked: (/home/ecl-109/uuv_ws/devel/.private/rti_dvl/include/rti_dvl/BottomTrack.h, /home/ecl-109/uuv_ws/devel/include/rti_dvl/BottomTrack.h)
Linked: (/home/ecl-109/uuv_ws/devel/.private/rti_dvl/include/rti_dvl/Command.h, /home/ecl-109/uuv_ws/devel/include/rti_dvl/Command.h)
Linked: (/home/ecl-109/uuv_ws/devel/.private/rti_dvl/lib/python3/dist-packages/rti_dvl/__init__.py, /home/ecl-109/uuv_ws/devel/lib/python3/dist-packages/rti_dvl/__init__.py)
Linked: (/home/ecl-109/uuv_ws/devel/.private/rti_dvl/lib/python3/dist-packages/rti_dvl/msg/_BottomTrack.py, /home/ecl-109/uuv_ws/devel/lib/python3/dist-packages/rti_dvl/msg/_BottomTrack.py)
Linked: (/home/ecl-109/uuv_ws/devel/.private/rti_dvl/lib/python3/dist-packages/rti_dvl/msg/_DVL.py, /home/ecl-109/uuv_ws/devel/lib/python3/dist-packages/rti_dvl/msg/_DVL.py)
Linked: (/home/ecl-109/uuv_ws/devel/.private/rti_dvl/lib/python3/dist-packages/rti_dvl/msg/__init__.py, /home/ecl-109/uuv_ws/devel/lib/python3/dist-packages/rti_dvl/msg/__init__.py)
Linked: (/home/ecl-109/uuv_ws/devel/.private/rti_dvl/lib/python3/dist-packages/rti_dvl/msg/_Command.py, /home/ecl-109/uuv_ws/devel/lib/python3/dist-packages/rti_dvl/msg/_Command.py)
Linked: (/home/ecl-109/uuv_ws/devel/.private/rti_dvl/lib/pkgconfig/rti_dvl.pc, /home/ecl-109/uuv_ws/devel/lib/pkgconfig/rti_dvl.pc)
Linked: (/home/ecl-109/uuv_ws/devel/.private/rti_dvl/share/roseus/ros/rti_dvl/manifest.l, /home/ecl-109/uuv_ws/devel/share/roseus/ros/rti_dvl/manifest.l)
Linked: (/home/ecl-109/uuv_ws/devel/.private/rti_dvl/share/roseus/ros/rti_dvl/msg/DVL.l, /home/ecl-109/uuv_ws/devel/share/roseus/ros/rti_dvl/msg/DVL.l)
Linked: (/home/ecl-109/uuv_ws/devel/.private/rti_dvl/share/roseus/ros/rti_dvl/msg/Command.l, /home/ecl-109/uuv_ws/devel/share/roseus/ros/rti_dvl/msg/Command.l)
Linked: (/home/ecl-109/uuv_ws/devel/.private/rti_dvl/share/roseus/ros/rti_dvl/msg/BottomTrack.l, /home/ecl-109/uuv_ws/devel/share/roseus/ros/rti_dvl/msg/BottomTrack.l)
Linked: (/home/ecl-109/uuv_ws/devel/.private/rti_dvl/share/gennodejs/ros/rti_dvl/_index.js, /home/ecl-109/uuv_ws/devel/share/gennodejs/ros/rti_dvl/_index.js)
Linked: (/home/ecl-109/uuv_ws/devel/.private/rti_dvl/share/gennodejs/ros/rti_dvl/msg/Command.js, /home/ecl-109/uuv_ws/devel/share/gennodejs/ros/rti_dvl/msg/Command.js)
Linked: (/home/ecl-109/uuv_ws/devel/.private/rti_dvl/share/gennodejs/ros/rti_dvl/msg/DVL.js, /home/ecl-109/uuv_ws/devel/share/gennodejs/ros/rti_dvl/msg/DVL.js)
Linked: (/home/ecl-109/uuv_ws/devel/.private/rti_dvl/share/gennodejs/ros/rti_dvl/msg/_index.js, /home/ecl-109/uuv_ws/devel/share/gennodejs/ros/rti_dvl/msg/_index.js)
Linked: (/home/ecl-109/uuv_ws/devel/.private/rti_dvl/share/gennodejs/ros/rti_dvl/msg/BottomTrack.js, /home/ecl-109/uuv_ws/devel/share/gennodejs/ros/rti_dvl/msg/BottomTrack.js)
Linked: (/home/ecl-109/uuv_ws/devel/.private/rti_dvl/share/rti_dvl/cmake/rti_dvl-msg-paths.cmake, /home/ecl-109/uuv_ws/devel/share/rti_dvl/cmake/rti_dvl-msg-paths.cmake)
Linked: (/home/ecl-109/uuv_ws/devel/.private/rti_dvl/share/rti_dvl/cmake/rti_dvlConfig.cmake, /home/ecl-109/uuv_ws/devel/share/rti_dvl/cmake/rti_dvlConfig.cmake)
Linked: (/home/ecl-109/uuv_ws/devel/.private/rti_dvl/share/rti_dvl/cmake/rti_dvlConfig-version.cmake, /home/ecl-109/uuv_ws/devel/share/rti_dvl/cmake/rti_dvlConfig-version.cmake)
Linked: (/home/ecl-109/uuv_ws/devel/.private/rti_dvl/share/rti_dvl/cmake/rti_dvl-msg-extras.cmake, /home/ecl-109/uuv_ws/devel/share/rti_dvl/cmake/rti_dvl-msg-extras.cmake)
Linked: (/home/ecl-109/uuv_ws/devel/.private/rti_dvl/share/common-lisp/ros/rti_dvl/msg/Command.lisp, /home/ecl-109/uuv_ws/devel/share/common-lisp/ros/rti_dvl/msg/Command.lisp)
Linked: (/home/ecl-109/uuv_ws/devel/.private/rti_dvl/share/common-lisp/ros/rti_dvl/msg/_package_BottomTrack.lisp, /home/ecl-109/uuv_ws/devel/share/common-lisp/ros/rti_dvl/msg/_package_BottomTrack.lisp)
Linked: (/home/ecl-109/uuv_ws/devel/.private/rti_dvl/share/common-lisp/ros/rti_dvl/msg/DVL.lisp, /home/ecl-109/uuv_ws/devel/share/common-lisp/ros/rti_dvl/msg/DVL.lisp)
Linked: (/home/ecl-109/uuv_ws/devel/.private/rti_dvl/share/common-lisp/ros/rti_dvl/msg/rti_dvl-msg.asd, /home/ecl-109/uuv_ws/devel/share/common-lisp/ros/rti_dvl/msg/rti_dvl-msg.asd)
Linked: (/home/ecl-109/uuv_ws/devel/.private/rti_dvl/share/common-lisp/ros/rti_dvl/msg/_package.lisp, /home/ecl-109/uuv_ws/devel/share/common-lisp/ros/rti_dvl/msg/_package.lisp)
Linked: (/home/ecl-109/uuv_ws/devel/.private/rti_dvl/share/common-lisp/ros/rti_dvl/msg/_package_DVL.lisp, /home/ecl-109/uuv_ws/devel/share/common-lisp/ros/rti_dvl/msg/_package_DVL.lisp)
Linked: (/home/ecl-109/uuv_ws/devel/.private/rti_dvl/share/common-lisp/ros/rti_dvl/msg/BottomTrack.lisp, /home/ecl-109/uuv_ws/devel/share/common-lisp/ros/rti_dvl/msg/BottomTrack.lisp)
Linked: (/home/ecl-109/uuv_ws/devel/.private/rti_dvl/share/common-lisp/ros/rti_dvl/msg/_package_Command.lisp, /home/ecl-109/uuv_ws/devel/share/common-lisp/ros/rti_dvl/msg/_package_Command.lisp)
