Linked: (/home/ecl-109/uuv_ws/devel/.private/dave_gazebo_model_plugins/include/dave_gazebo_model_plugins/UsblResponse.h, /home/ecl-109/uuv_ws/devel/include/dave_gazebo_model_plugins/UsblResponse.h)
Linked: (/home/ecl-109/uuv_ws/devel/.private/dave_gazebo_model_plugins/include/dave_gazebo_model_plugins/UsblCommand.h, /home/ecl-109/uuv_ws/devel/include/dave_gazebo_model_plugins/UsblCommand.h)
Linked: (/home/ecl-109/uuv_ws/devel/.private/dave_gazebo_model_plugins/lib/libtransceiverPlugin.so, /home/ecl-109/uuv_ws/devel/lib/libtransceiverPlugin.so)
Linked: (/home/ecl-109/uuv_ws/devel/.private/dave_gazebo_model_plugins/lib/libdave_ocean_current_model_plugin.so, /home/ecl-109/uuv_ws/devel/lib/libdave_ocean_current_model_plugin.so)
Linked: (/home/ecl-109/uuv_ws/devel/.private/dave_gazebo_model_plugins/lib/libplugAndSocketPlugin.so, /home/ecl-109/uuv_ws/devel/lib/libplugAndSocketPlugin.so)
Linked: (/home/ecl-109/uuv_ws/devel/.private/dave_gazebo_model_plugins/lib/libcustom_surface_properties.so, /home/ecl-109/uuv_ws/devel/lib/libcustom_surface_properties.so)
Linked: (/home/ecl-109/uuv_ws/devel/.private/dave_gazebo_model_plugins/lib/libtransponderPlugin.so, /home/ecl-109/uuv_ws/devel/lib/libtransponderPlugin.so)
Linked: (/home/ecl-109/uuv_ws/devel/.private/dave_gazebo_model_plugins/lib/python3/dist-packages/dave_gazebo_model_plugins/__init__.py, /home/ecl-109/uuv_ws/devel/lib/python3/dist-packages/dave_gazebo_model_plugins/__init__.py)
Linked: (/home/ecl-109/uuv_ws/devel/.private/dave_gazebo_model_plugins/lib/python3/dist-packages/dave_gazebo_model_plugins/msg/_UsblResponse.py, /home/ecl-109/uuv_ws/devel/lib/python3/dist-packages/dave_gazebo_model_plugins/msg/_UsblResponse.py)
Linked: (/home/ecl-109/uuv_ws/devel/.private/dave_gazebo_model_plugins/lib/python3/dist-packages/dave_gazebo_model_plugins/msg/_UsblCommand.py, /home/ecl-109/uuv_ws/devel/lib/python3/dist-packages/dave_gazebo_model_plugins/msg/_UsblCommand.py)
Linked: (/home/ecl-109/uuv_ws/devel/.private/dave_gazebo_model_plugins/lib/python3/dist-packages/dave_gazebo_model_plugins/msg/__init__.py, /home/ecl-109/uuv_ws/devel/lib/python3/dist-packages/dave_gazebo_model_plugins/msg/__init__.py)
Linked: (/home/ecl-109/uuv_ws/devel/.private/dave_gazebo_model_plugins/lib/pkgconfig/dave_gazebo_model_plugins.pc, /home/ecl-109/uuv_ws/devel/lib/pkgconfig/dave_gazebo_model_plugins.pc)
Linked: (/home/ecl-109/uuv_ws/devel/.private/dave_gazebo_model_plugins/share/roseus/ros/dave_gazebo_model_plugins/manifest.l, /home/ecl-109/uuv_ws/devel/share/roseus/ros/dave_gazebo_model_plugins/manifest.l)
Linked: (/home/ecl-109/uuv_ws/devel/.private/dave_gazebo_model_plugins/share/roseus/ros/dave_gazebo_model_plugins/msg/UsblResponse.l, /home/ecl-109/uuv_ws/devel/share/roseus/ros/dave_gazebo_model_plugins/msg/UsblResponse.l)
Linked: (/home/ecl-109/uuv_ws/devel/.private/dave_gazebo_model_plugins/share/roseus/ros/dave_gazebo_model_plugins/msg/UsblCommand.l, /home/ecl-109/uuv_ws/devel/share/roseus/ros/dave_gazebo_model_plugins/msg/UsblCommand.l)
Linked: (/home/ecl-109/uuv_ws/devel/.private/dave_gazebo_model_plugins/share/gennodejs/ros/dave_gazebo_model_plugins/_index.js, /home/ecl-109/uuv_ws/devel/share/gennodejs/ros/dave_gazebo_model_plugins/_index.js)
Linked: (/home/ecl-109/uuv_ws/devel/.private/dave_gazebo_model_plugins/share/gennodejs/ros/dave_gazebo_model_plugins/msg/UsblCommand.js, /home/ecl-109/uuv_ws/devel/share/gennodejs/ros/dave_gazebo_model_plugins/msg/UsblCommand.js)
Linked: (/home/ecl-109/uuv_ws/devel/.private/dave_gazebo_model_plugins/share/gennodejs/ros/dave_gazebo_model_plugins/msg/UsblResponse.js, /home/ecl-109/uuv_ws/devel/share/gennodejs/ros/dave_gazebo_model_plugins/msg/UsblResponse.js)
Linked: (/home/ecl-109/uuv_ws/devel/.private/dave_gazebo_model_plugins/share/gennodejs/ros/dave_gazebo_model_plugins/msg/_index.js, /home/ecl-109/uuv_ws/devel/share/gennodejs/ros/dave_gazebo_model_plugins/msg/_index.js)
Linked: (/home/ecl-109/uuv_ws/devel/.private/dave_gazebo_model_plugins/share/dave_gazebo_model_plugins/cmake/dave_gazebo_model_pluginsConfig.cmake, /home/ecl-109/uuv_ws/devel/share/dave_gazebo_model_plugins/cmake/dave_gazebo_model_pluginsConfig.cmake)
Linked: (/home/ecl-109/uuv_ws/devel/.private/dave_gazebo_model_plugins/share/dave_gazebo_model_plugins/cmake/dave_gazebo_model_pluginsConfig-version.cmake, /home/ecl-109/uuv_ws/devel/share/dave_gazebo_model_plugins/cmake/dave_gazebo_model_pluginsConfig-version.cmake)
Linked: (/home/ecl-109/uuv_ws/devel/.private/dave_gazebo_model_plugins/share/dave_gazebo_model_plugins/cmake/dave_gazebo_model_plugins-msg-extras.cmake, /home/ecl-109/uuv_ws/devel/share/dave_gazebo_model_plugins/cmake/dave_gazebo_model_plugins-msg-extras.cmake)
Linked: (/home/ecl-109/uuv_ws/devel/.private/dave_gazebo_model_plugins/share/dave_gazebo_model_plugins/cmake/dave_gazebo_model_plugins-msg-paths.cmake, /home/ecl-109/uuv_ws/devel/share/dave_gazebo_model_plugins/cmake/dave_gazebo_model_plugins-msg-paths.cmake)
Linked: (/home/ecl-109/uuv_ws/devel/.private/dave_gazebo_model_plugins/share/common-lisp/ros/dave_gazebo_model_plugins/msg/UsblResponse.lisp, /home/ecl-109/uuv_ws/devel/share/common-lisp/ros/dave_gazebo_model_plugins/msg/UsblResponse.lisp)
Linked: (/home/ecl-109/uuv_ws/devel/.private/dave_gazebo_model_plugins/share/common-lisp/ros/dave_gazebo_model_plugins/msg/_package_UsblResponse.lisp, /home/ecl-109/uuv_ws/devel/share/common-lisp/ros/dave_gazebo_model_plugins/msg/_package_UsblResponse.lisp)
Linked: (/home/ecl-109/uuv_ws/devel/.private/dave_gazebo_model_plugins/share/common-lisp/ros/dave_gazebo_model_plugins/msg/dave_gazebo_model_plugins-msg.asd, /home/ecl-109/uuv_ws/devel/share/common-lisp/ros/dave_gazebo_model_plugins/msg/dave_gazebo_model_plugins-msg.asd)
Linked: (/home/ecl-109/uuv_ws/devel/.private/dave_gazebo_model_plugins/share/common-lisp/ros/dave_gazebo_model_plugins/msg/_package_UsblCommand.lisp, /home/ecl-109/uuv_ws/devel/share/common-lisp/ros/dave_gazebo_model_plugins/msg/_package_UsblCommand.lisp)
Linked: (/home/ecl-109/uuv_ws/devel/.private/dave_gazebo_model_plugins/share/common-lisp/ros/dave_gazebo_model_plugins/msg/UsblCommand.lisp, /home/ecl-109/uuv_ws/devel/share/common-lisp/ros/dave_gazebo_model_plugins/msg/UsblCommand.lisp)
Linked: (/home/ecl-109/uuv_ws/devel/.private/dave_gazebo_model_plugins/share/common-lisp/ros/dave_gazebo_model_plugins/msg/_package.lisp, /home/ecl-109/uuv_ws/devel/share/common-lisp/ros/dave_gazebo_model_plugins/msg/_package.lisp)
