[  4%] [32m[1mLinking CXX shared library /home/ecl-109/uuv_ws/devel/.private/dave_gazebo_model_plugins/lib/libcustom_surface_properties.so[0m
[  4%] Built target std_msgs_generate_messages_cpp
[  9%] [32m[1mLinking CXX shared library /home/ecl-109/uuv_ws/devel/.private/dave_gazebo_model_plugins/lib/libplugAndSocketPlugin.so[0m
[  9%] Built target dynamic_reconfigure_generate_messages_eus
[  9%] Built target _dave_gazebo_model_plugins_generate_messages_check_deps_UsblCommand
[  9%] Built target dave_gazebo_ros_plugins_generate_messages_py
[  9%] Built target dave_gazebo_ros_plugins_generate_messages_nodejs
[  9%] Built target _dave_gazebo_model_plugins_generate_messages_check_deps_UsblResponse
[  9%] Built target dave_gazebo_ros_plugins_generate_messages_lisp
[  9%] Built target dave_gazebo_ros_plugins_generate_messages_cpp
[  9%] Built target trajectory_msgs_generate_messages_nodejs
[  9%] Built target trajectory_msgs_generate_messages_lisp
[  9%] Built target trajectory_msgs_generate_messages_cpp
[  9%] Built target gazebo_msgs_generate_messages_py
[  9%] Built target gazebo_msgs_generate_messages_nodejs
[  9%] Built target gazebo_msgs_generate_messages_cpp
[  9%] Built target dynamic_reconfigure_gencfg
[  9%] Built target std_srvs_generate_messages_lisp
[  9%] Built target std_srvs_generate_messages_eus
[  9%] Built target geometry_msgs_generate_messages_eus
[  9%] Built target dave_gazebo_ros_plugins_generate_messages_eus
[  9%] Built target std_msgs_generate_messages_nodejs
[  9%] Built target std_msgs_generate_messages_py
[  9%] Built target tf2_msgs_generate_messages_cpp
[  9%] Built target dynamic_reconfigure_generate_messages_lisp
[  9%] Built target rosgraph_msgs_generate_messages_nodejs
[  9%] Built target actionlib_generate_messages_cpp
[  9%] Built target actionlib_msgs_generate_messages_py
[  9%] Built target roscpp_generate_messages_lisp
[  9%] Built target actionlib_generate_messages_lisp
[  9%] Built target std_msgs_generate_messages_lisp
[  9%] Built target std_srvs_generate_messages_cpp
[  9%] Built target std_srvs_generate_messages_nodejs
[  9%] Built target tf_generate_messages_eus
[  9%] Built target rosgraph_msgs_generate_messages_lisp
[  9%] Built target dynamic_reconfigure_generate_messages_py
[ 13%] Built target custom_surface_properties
[ 13%] Built target actionlib_msgs_generate_messages_eus
[ 13%] Built target rosgraph_msgs_generate_messages_py
[ 13%] Built target trajectory_msgs_generate_messages_eus
[ 13%] Built target geometry_msgs_generate_messages_py
[ 13%] Built target roscpp_generate_messages_py
[ 13%] Built target gazebo_ros_gencfg
[ 13%] Built target roscpp_generate_messages_eus
[ 13%] Built target sensor_msgs_generate_messages_py
[ 13%] Built target roscpp_generate_messages_cpp
[ 13%] Built target tf2_msgs_generate_messages_eus
[ 13%] Built target geometry_msgs_generate_messages_cpp
[ 13%] Built target gazebo_msgs_generate_messages_lisp
[ 13%] Built target dynamic_reconfigure_generate_messages_nodejs
[ 13%] Built target tf2_msgs_generate_messages_py
[ 13%] Built target geometry_msgs_generate_messages_lisp
[ 13%] Built target tf_generate_messages_cpp
[ 13%] Built target std_srvs_generate_messages_py
[ 13%] Built target roscpp_generate_messages_nodejs
[ 13%] Built target rosgraph_msgs_generate_messages_eus
[ 13%] Built target tf_generate_messages_lisp
[ 13%] Built target dynamic_reconfigure_generate_messages_cpp
[ 13%] Built target tf_generate_messages_nodejs
[ 13%] Built target sensor_msgs_generate_messages_cpp
[ 13%] Built target sensor_msgs_generate_messages_lisp
[ 13%] Built target sensor_msgs_generate_messages_eus
[ 13%] Built target trajectory_msgs_generate_messages_py
[ 13%] Built target sensor_msgs_generate_messages_nodejs
[ 13%] Built target rosgraph_msgs_generate_messages_cpp
[ 13%] Built target actionlib_generate_messages_eus
[ 13%] Built target actionlib_msgs_generate_messages_cpp
[ 13%] Built target actionlib_generate_messages_nodejs
[ 13%] Built target actionlib_generate_messages_py
[ 18%] Built target plugAndSocketPlugin
[ 18%] Built target tf_generate_messages_py
[ 18%] Built target std_msgs_generate_messages_eus
[ 18%] Built target actionlib_msgs_generate_messages_nodejs
[ 18%] Built target actionlib_msgs_generate_messages_lisp
[ 18%] Built target tf2_msgs_generate_messages_lisp
[ 18%] Built target tf2_msgs_generate_messages_nodejs
[ 18%] Built target gazebo_msgs_generate_messages_eus
[ 18%] Built target geometry_msgs_generate_messages_nodejs
[ 27%] Built target dave_gazebo_model_plugins_generate_messages_nodejs
[ 40%] Built target dave_gazebo_model_plugins_generate_messages_py
[ 50%] Built target dave_gazebo_model_plugins_generate_messages_lisp
[ 63%] Built target dave_gazebo_model_plugins_generate_messages_eus
[ 72%] Built target dave_gazebo_model_plugins_generate_messages_cpp
[ 77%] [32m[1mLinking CXX shared library /home/ecl-109/uuv_ws/devel/.private/dave_gazebo_model_plugins/lib/libdave_ocean_current_model_plugin.so[0m
[ 77%] Built target dave_gazebo_model_plugins_generate_messages
[ 86%] Built target transponderPlugin
[ 95%] Built target transceiverPlugin
[100%] Built target dave_ocean_current_model_plugin
