[  0%] Built target trajectory_msgs_generate_messages_lisp
[  0%] Built target visualization_msgs_generate_messages_nodejs
[  0%] Built target visualization_msgs_generate_messages_py
[  0%] Built target uuv_sensor_ros_plugins_msgs_generate_messages_py
[  0%] Built target dynamic_reconfigure_gencfg
[  0%] Built target visualization_msgs_generate_messages_lisp
[  0%] Built target dynamic_reconfigure_generate_messages_cpp
[  0%] Built target nav_msgs_generate_messages_lisp
[  0%] Built target visualization_msgs_generate_messages_eus
[  0%] Built target nav_msgs_generate_messages_eus
[  0%] Built target nav_msgs_generate_messages_cpp
[  0%] Built target bond_generate_messages_py
[  0%] Built target bond_generate_messages_nodejs
[  0%] Built target bond_generate_messages_lisp
[  1%] Built target bond_generate_messages_eus
[ 20%] Built target uuv_sensor_gazebo_msgs
[ 20%] Built target nodelet_generate_messages_eus
[ 20%] Built target nodelet_generate_messages_nodejs
[ 20%] Built target nodelet_generate_messages_cpp
[ 20%] Built target uuv_sensor_ros_plugins_msgs_generate_messages_cpp
[ 20%] Built target nodelet_generate_messages_py
[ 20%] Built target std_srvs_generate_messages_nodejs
[ 20%] Built target std_srvs_generate_messages_eus
[ 20%] Built target std_srvs_generate_messages_lisp
[ 20%] Built target trajectory_msgs_generate_messages_nodejs
[ 20%] Built target rosgraph_msgs_generate_messages_nodejs
[ 20%] Built target actionlib_msgs_generate_messages_py
[ 20%] Built target actionlib_generate_messages_cpp
[ 20%] Built target dynamic_reconfigure_generate_messages_py
[ 20%] Built target actionlib_msgs_generate_messages_eus
[ 20%] Built target std_srvs_generate_messages_py
[ 20%] Built target rosgraph_msgs_generate_messages_eus
[ 20%] Built target uuv_sensor_ros_plugins_msgs_generate_messages_eus
[ 20%] Built target nodelet_generate_messages_lisp
[ 20%] Built target std_msgs_generate_messages_nodejs
[ 20%] Built target roscpp_generate_messages_eus
[ 20%] Built target geometry_msgs_generate_messages_eus
[ 20%] Built target rosgraph_msgs_generate_messages_lisp
[ 20%] Built target tf_generate_messages_eus
[ 20%] Built target std_msgs_generate_messages_cpp
[ 20%] Built target dynamic_reconfigure_generate_messages_lisp
[ 20%] Built target tf2_msgs_generate_messages_cpp
[ 20%] Built target gazebo_msgs_generate_messages_py
[ 20%] Built target roscpp_generate_messages_nodejs
[ 20%] Built target geometry_msgs_generate_messages_lisp
[ 20%] Built target roscpp_generate_messages_lisp
[ 20%] Built target tf_generate_messages_cpp
[ 20%] Built target uuv_sensor_ros_plugins_msgs_generate_messages_nodejs
[ 20%] Built target actionlib_generate_messages_lisp
[ 20%] Built target tf2_msgs_generate_messages_eus
[ 20%] Built target geometry_msgs_generate_messages_py
[ 20%] Built target roscpp_generate_messages_cpp
[ 20%] Built target sensor_msgs_generate_messages_py
[ 20%] Built target sensor_msgs_generate_messages_nodejs
[ 20%] Built target visualization_msgs_generate_messages_cpp
[ 20%] Built target sensor_msgs_generate_messages_eus
[ 20%] Built target sensor_msgs_generate_messages_lisp
[ 20%] Built target std_msgs_generate_messages_lisp
[ 20%] Built target gazebo_plugins_gencfg
[ 20%] Built target std_srvs_generate_messages_cpp
[ 20%] Built target rosgraph_msgs_generate_messages_py
[ 20%] Built target sensor_msgs_generate_messages_cpp
[ 20%] Built target nav_msgs_generate_messages_nodejs
[ 20%] Built target std_msgs_generate_messages_py
[ 20%] Built target geometry_msgs_generate_messages_cpp
[ 20%] Built target bond_generate_messages_cpp
[ 20%] Built target dynamic_reconfigure_generate_messages_nodejs
[ 20%] Built target gazebo_msgs_generate_messages_lisp
[ 20%] Built target tf2_msgs_generate_messages_py
[ 20%] Built target tf_generate_messages_lisp
[ 20%] Built target nav_msgs_generate_messages_py
[ 20%] Built target tf_generate_messages_nodejs
[ 20%] Built target uuv_sensor_ros_plugins_msgs_generate_messages_lisp
[ 20%] Built target rosgraph_msgs_generate_messages_cpp
[ 20%] Built target trajectory_msgs_generate_messages_py
[ 20%] Built target gazebo_msgs_generate_messages_cpp
[ 20%] Built target actionlib_generate_messages_eus
[ 20%] Built target actionlib_msgs_generate_messages_cpp
[ 20%] Built target actionlib_generate_messages_nodejs
[ 20%] Built target gazebo_msgs_generate_messages_nodejs
[ 20%] Built target roscpp_generate_messages_py
[ 20%] Built target trajectory_msgs_generate_messages_eus
[ 20%] Built target actionlib_generate_messages_py
[ 20%] Built target trajectory_msgs_generate_messages_cpp
[ 20%] Built target std_msgs_generate_messages_eus
[ 20%] Built target tf_generate_messages_py
[ 20%] Built target actionlib_msgs_generate_messages_nodejs
[ 20%] Built target actionlib_msgs_generate_messages_lisp
[ 20%] Built target tf2_msgs_generate_messages_nodejs
[ 20%] Built target tf2_msgs_generate_messages_lisp
[ 20%] Built target dynamic_reconfigure_generate_messages_eus
[ 20%] Built target gazebo_msgs_generate_messages_eus
[ 20%] Built target geometry_msgs_generate_messages_nodejs
[ 20%] Built target uuv_sensor_ros_plugins_xacro_generated_to_devel_space_
[ 22%] [32m[1mLinking CXX shared library /home/ecl-109/uuv_ws/devel/.private/uuv_sensor_ros_plugins/lib/libuuv_gazebo_ros_base_model_plugin.so[0m
[ 24%] [32m[1mLinking CXX shared library /home/ecl-109/uuv_ws/devel/.private/uuv_sensor_ros_plugins/lib/libuuv_gazebo_ros_imu_plugin.so[0m
[ 26%] [32m[1mLinking CXX shared library /home/ecl-109/uuv_ws/devel/.private/uuv_sensor_ros_plugins/lib/libuuv_gazebo_ros_rpt_plugin.so[0m
[ 28%] [32m[1mLinking CXX shared library /home/ecl-109/uuv_ws/devel/.private/uuv_sensor_ros_plugins/lib/libuuv_gazebo_ros_base_sensor_plugin.so[0m
[ 30%] [32m[1mLinking CXX shared library /home/ecl-109/uuv_ws/devel/.private/uuv_sensor_ros_plugins/lib/libuuv_gazebo_ros_dvl_plugin.so[0m
[ 33%] Built target uuv_gazebo_ros_base_model_plugin
[ 37%] Built target uuv_gazebo_ros_base_sensor_plugin
[ 39%] [32m[1mLinking CXX shared library /home/ecl-109/uuv_ws/devel/.private/uuv_sensor_ros_plugins/lib/libuuv_gazebo_ros_magnetometer_plugin.so[0m
[ 41%] [32m[1mLinking CXX shared library /home/ecl-109/uuv_ws/devel/.private/uuv_sensor_ros_plugins/lib/libimage_sonar_ros_plugin.so[0m
[ 47%] Built target uuv_gazebo_ros_rpt_plugin
[ 52%] Built target uuv_gazebo_ros_imu_plugin
[ 54%] [32m[1mLinking CXX shared library /home/ecl-109/uuv_ws/devel/.private/uuv_sensor_ros_plugins/lib/libuuv_gazebo_ros_cpc_plugin.so[0m
[ 56%] [32m[1mLinking CXX shared library /home/ecl-109/uuv_ws/devel/.private/uuv_sensor_ros_plugins/lib/libuuv_gazebo_ros_subsea_pressure_plugin.so[0m
[ 62%] Built target uuv_gazebo_ros_dvl_plugin
[ 64%] [32m[1mLinking CXX shared library /home/ecl-109/uuv_ws/devel/.private/uuv_sensor_ros_plugins/lib/libuuv_gazebo_ros_pose_gt_plugin.so[0m
[ 66%] Built target image_sonar_ros_plugin
[ 67%] [32m[1mLinking CXX shared library /home/ecl-109/uuv_ws/devel/.private/uuv_sensor_ros_plugins/lib/libuuv_gazebo_ros_gps_plugin.so[0m
[ 73%] Built target uuv_gazebo_ros_magnetometer_plugin
[ 75%] [32m[1mLinking CXX shared library /home/ecl-109/uuv_ws/devel/.private/uuv_sensor_ros_plugins/lib/libuuv_gazebo_ros_camera_plugin.so[0m
[ 81%] Built target uuv_gazebo_ros_cpc_plugin
[ 86%] Built target uuv_gazebo_ros_pose_gt_plugin
[ 92%] Built target uuv_gazebo_ros_subsea_pressure_plugin
[ 94%] Built target uuv_gazebo_ros_camera_plugin
[100%] Built target uuv_gazebo_ros_gps_plugin
