Linked: (/home/ecl-109/uuv_ws/devel/.private/uuv_control_cascaded_pid/include/uuv_control_cascaded_pid/AccelerationControlConfig.h, /home/ecl-109/uuv_ws/devel/include/uuv_control_cascaded_pid/AccelerationControlConfig.h)
Linked: (/home/ecl-109/uuv_ws/devel/.private/uuv_control_cascaded_pid/include/uuv_control_cascaded_pid/VelocityControlConfig.h, /home/ecl-109/uuv_ws/devel/include/uuv_control_cascaded_pid/VelocityControlConfig.h)
Linked: (/home/ecl-109/uuv_ws/devel/.private/uuv_control_cascaded_pid/include/uuv_control_cascaded_pid/PositionControlConfig.h, /home/ecl-109/uuv_ws/devel/include/uuv_control_cascaded_pid/PositionControlConfig.h)
Linked: (/home/ecl-109/uuv_ws/devel/.private/uuv_control_cascaded_pid/lib/uuv_control_cascaded_pid/cmake.lock, /home/ecl-109/uuv_ws/devel/lib/uuv_control_cascaded_pid/cmake.lock)
Linked: (/home/ecl-109/uuv_ws/devel/.private/uuv_control_cascaded_pid/lib/uuv_control_cascaded_pid/PositionControl.py, /home/ecl-109/uuv_ws/devel/lib/uuv_control_cascaded_pid/PositionControl.py)
Linked: (/home/ecl-109/uuv_ws/devel/.private/uuv_control_cascaded_pid/lib/uuv_control_cascaded_pid/AccelerationControl.py, /home/ecl-109/uuv_ws/devel/lib/uuv_control_cascaded_pid/AccelerationControl.py)
Linked: (/home/ecl-109/uuv_ws/devel/.private/uuv_control_cascaded_pid/lib/uuv_control_cascaded_pid/VelocityControl.py, /home/ecl-109/uuv_ws/devel/lib/uuv_control_cascaded_pid/VelocityControl.py)
Linked: (/home/ecl-109/uuv_ws/devel/.private/uuv_control_cascaded_pid/lib/python3/dist-packages/uuv_control_cascaded_pid/__init__.py, /home/ecl-109/uuv_ws/devel/lib/python3/dist-packages/uuv_control_cascaded_pid/__init__.py)
Linked: (/home/ecl-109/uuv_ws/devel/.private/uuv_control_cascaded_pid/lib/python3/dist-packages/uuv_control_cascaded_pid/cfg/AccelerationControlConfig.py, /home/ecl-109/uuv_ws/devel/lib/python3/dist-packages/uuv_control_cascaded_pid/cfg/AccelerationControlConfig.py)
Linked: (/home/ecl-109/uuv_ws/devel/.private/uuv_control_cascaded_pid/lib/python3/dist-packages/uuv_control_cascaded_pid/cfg/PositionControlConfig.py, /home/ecl-109/uuv_ws/devel/lib/python3/dist-packages/uuv_control_cascaded_pid/cfg/PositionControlConfig.py)
Linked: (/home/ecl-109/uuv_ws/devel/.private/uuv_control_cascaded_pid/lib/python3/dist-packages/uuv_control_cascaded_pid/cfg/VelocityControlConfig.py, /home/ecl-109/uuv_ws/devel/lib/python3/dist-packages/uuv_control_cascaded_pid/cfg/VelocityControlConfig.py)
Linked: (/home/ecl-109/uuv_ws/devel/.private/uuv_control_cascaded_pid/lib/python3/dist-packages/uuv_control_cascaded_pid/cfg/__init__.py, /home/ecl-109/uuv_ws/devel/lib/python3/dist-packages/uuv_control_cascaded_pid/cfg/__init__.py)
Linked: (/home/ecl-109/uuv_ws/devel/.private/uuv_control_cascaded_pid/lib/python3/dist-packages/PID/__init__.py, /home/ecl-109/uuv_ws/devel/lib/python3/dist-packages/PID/__init__.py)
Linked: (/home/ecl-109/uuv_ws/devel/.private/uuv_control_cascaded_pid/lib/pkgconfig/uuv_control_cascaded_pid.pc, /home/ecl-109/uuv_ws/devel/lib/pkgconfig/uuv_control_cascaded_pid.pc)
Linked: (/home/ecl-109/uuv_ws/devel/.private/uuv_control_cascaded_pid/share/uuv_control_cascaded_pid/docs/PositionControlConfig-usage.dox, /home/ecl-109/uuv_ws/devel/share/uuv_control_cascaded_pid/docs/PositionControlConfig-usage.dox)
Linked: (/home/ecl-109/uuv_ws/devel/.private/uuv_control_cascaded_pid/share/uuv_control_cascaded_pid/docs/PositionControlConfig.dox, /home/ecl-109/uuv_ws/devel/share/uuv_control_cascaded_pid/docs/PositionControlConfig.dox)
Linked: (/home/ecl-109/uuv_ws/devel/.private/uuv_control_cascaded_pid/share/uuv_control_cascaded_pid/docs/VelocityControlConfig-usage.dox, /home/ecl-109/uuv_ws/devel/share/uuv_control_cascaded_pid/docs/VelocityControlConfig-usage.dox)
Linked: (/home/ecl-109/uuv_ws/devel/.private/uuv_control_cascaded_pid/share/uuv_control_cascaded_pid/docs/PositionControlConfig.wikidoc, /home/ecl-109/uuv_ws/devel/share/uuv_control_cascaded_pid/docs/PositionControlConfig.wikidoc)
Linked: (/home/ecl-109/uuv_ws/devel/.private/uuv_control_cascaded_pid/share/uuv_control_cascaded_pid/docs/AccelerationControlConfig.dox, /home/ecl-109/uuv_ws/devel/share/uuv_control_cascaded_pid/docs/AccelerationControlConfig.dox)
Linked: (/home/ecl-109/uuv_ws/devel/.private/uuv_control_cascaded_pid/share/uuv_control_cascaded_pid/docs/AccelerationControlConfig-usage.dox, /home/ecl-109/uuv_ws/devel/share/uuv_control_cascaded_pid/docs/AccelerationControlConfig-usage.dox)
Linked: (/home/ecl-109/uuv_ws/devel/.private/uuv_control_cascaded_pid/share/uuv_control_cascaded_pid/docs/VelocityControlConfig.wikidoc, /home/ecl-109/uuv_ws/devel/share/uuv_control_cascaded_pid/docs/VelocityControlConfig.wikidoc)
Linked: (/home/ecl-109/uuv_ws/devel/.private/uuv_control_cascaded_pid/share/uuv_control_cascaded_pid/docs/VelocityControlConfig.dox, /home/ecl-109/uuv_ws/devel/share/uuv_control_cascaded_pid/docs/VelocityControlConfig.dox)
Linked: (/home/ecl-109/uuv_ws/devel/.private/uuv_control_cascaded_pid/share/uuv_control_cascaded_pid/docs/AccelerationControlConfig.wikidoc, /home/ecl-109/uuv_ws/devel/share/uuv_control_cascaded_pid/docs/AccelerationControlConfig.wikidoc)
Linked: (/home/ecl-109/uuv_ws/devel/.private/uuv_control_cascaded_pid/share/uuv_control_cascaded_pid/cmake/uuv_control_cascaded_pidConfig-version.cmake, /home/ecl-109/uuv_ws/devel/share/uuv_control_cascaded_pid/cmake/uuv_control_cascaded_pidConfig-version.cmake)
Linked: (/home/ecl-109/uuv_ws/devel/.private/uuv_control_cascaded_pid/share/uuv_control_cascaded_pid/cmake/uuv_control_cascaded_pidConfig.cmake, /home/ecl-109/uuv_ws/devel/share/uuv_control_cascaded_pid/cmake/uuv_control_cascaded_pidConfig.cmake)
