Linked: (/home/ecl-109/uuv_ws/devel/.private/ds_control_msgs/include/ds_control_msgs/RovAutoCommandRequest.h, /home/ecl-109/uuv_ws/devel/include/ds_control_msgs/RovAutoCommandRequest.h)
Linked: (/home/ecl-109/uuv_ws/devel/.private/ds_control_msgs/include/ds_control_msgs/GoalLegLatLon.h, /home/ecl-109/uuv_ws/devel/include/ds_control_msgs/GoalLegLatLon.h)
Linked: (/home/ecl-109/uuv_ws/devel/.private/ds_control_msgs/include/ds_control_msgs/RovAutoCommand.h, /home/ecl-109/uuv_ws/devel/include/ds_control_msgs/RovAutoCommand.h)
Linked: (/home/ecl-109/uuv_ws/devel/.private/ds_control_msgs/include/ds_control_msgs/RovSwitchState.h, /home/ecl-109/uuv_ws/devel/include/ds_control_msgs/RovSwitchState.h)
Linked: (/home/ecl-109/uuv_ws/devel/.private/ds_control_msgs/include/ds_control_msgs/JoystickEnum.h, /home/ecl-109/uuv_ws/devel/include/ds_control_msgs/JoystickEnum.h)
Linked: (/home/ecl-109/uuv_ws/devel/.private/ds_control_msgs/include/ds_control_msgs/RovControllerState.h, /home/ecl-109/uuv_ws/devel/include/ds_control_msgs/RovControllerState.h)
Linked: (/home/ecl-109/uuv_ws/devel/.private/ds_control_msgs/include/ds_control_msgs/ExternalBottomFollowAlarm.h, /home/ecl-109/uuv_ws/devel/include/ds_control_msgs/ExternalBottomFollowAlarm.h)
Linked: (/home/ecl-109/uuv_ws/devel/.private/ds_control_msgs/include/ds_control_msgs/ActuatorInputs.h, /home/ecl-109/uuv_ws/devel/include/ds_control_msgs/ActuatorInputs.h)
Linked: (/home/ecl-109/uuv_ws/devel/.private/ds_control_msgs/include/ds_control_msgs/ControllerEnum.h, /home/ecl-109/uuv_ws/devel/include/ds_control_msgs/ControllerEnum.h)
Linked: (/home/ecl-109/uuv_ws/devel/.private/ds_control_msgs/include/ds_control_msgs/BottomFollow1D.h, /home/ecl-109/uuv_ws/devel/include/ds_control_msgs/BottomFollow1D.h)
Linked: (/home/ecl-109/uuv_ws/devel/.private/ds_control_msgs/include/ds_control_msgs/RovAutoState.h, /home/ecl-109/uuv_ws/devel/include/ds_control_msgs/RovAutoState.h)
Linked: (/home/ecl-109/uuv_ws/devel/.private/ds_control_msgs/include/ds_control_msgs/ExternalBottomFollowTimedOverride.h, /home/ecl-109/uuv_ws/devel/include/ds_control_msgs/ExternalBottomFollowTimedOverride.h)
Linked: (/home/ecl-109/uuv_ws/devel/.private/ds_control_msgs/include/ds_control_msgs/GoalLegState.h, /home/ecl-109/uuv_ws/devel/include/ds_control_msgs/GoalLegState.h)
Linked: (/home/ecl-109/uuv_ws/devel/.private/ds_control_msgs/include/ds_control_msgs/RovAllocationEnum.h, /home/ecl-109/uuv_ws/devel/include/ds_control_msgs/RovAllocationEnum.h)
Linked: (/home/ecl-109/uuv_ws/devel/.private/ds_control_msgs/include/ds_control_msgs/RovAutoCommandResponse.h, /home/ecl-109/uuv_ws/devel/include/ds_control_msgs/RovAutoCommandResponse.h)
Linked: (/home/ecl-109/uuv_ws/devel/.private/ds_control_msgs/include/ds_control_msgs/RovControlGoal.h, /home/ecl-109/uuv_ws/devel/include/ds_control_msgs/RovControlGoal.h)
Linked: (/home/ecl-109/uuv_ws/devel/.private/ds_control_msgs/include/ds_control_msgs/PidSettings.h, /home/ecl-109/uuv_ws/devel/include/ds_control_msgs/PidSettings.h)
Linked: (/home/ecl-109/uuv_ws/devel/.private/ds_control_msgs/lib/python3/dist-packages/ds_control_msgs/__init__.py, /home/ecl-109/uuv_ws/devel/lib/python3/dist-packages/ds_control_msgs/__init__.py)
Linked: (/home/ecl-109/uuv_ws/devel/.private/ds_control_msgs/lib/python3/dist-packages/ds_control_msgs/srv/__init__.py, /home/ecl-109/uuv_ws/devel/lib/python3/dist-packages/ds_control_msgs/srv/__init__.py)
Linked: (/home/ecl-109/uuv_ws/devel/.private/ds_control_msgs/lib/python3/dist-packages/ds_control_msgs/srv/_RovAutoCommand.py, /home/ecl-109/uuv_ws/devel/lib/python3/dist-packages/ds_control_msgs/srv/_RovAutoCommand.py)
Linked: (/home/ecl-109/uuv_ws/devel/.private/ds_control_msgs/lib/python3/dist-packages/ds_control_msgs/msg/_BottomFollow1D.py, /home/ecl-109/uuv_ws/devel/lib/python3/dist-packages/ds_control_msgs/msg/_BottomFollow1D.py)
Linked: (/home/ecl-109/uuv_ws/devel/.private/ds_control_msgs/lib/python3/dist-packages/ds_control_msgs/msg/_ActuatorInputs.py, /home/ecl-109/uuv_ws/devel/lib/python3/dist-packages/ds_control_msgs/msg/_ActuatorInputs.py)
Linked: (/home/ecl-109/uuv_ws/devel/.private/ds_control_msgs/lib/python3/dist-packages/ds_control_msgs/msg/_GoalLegLatLon.py, /home/ecl-109/uuv_ws/devel/lib/python3/dist-packages/ds_control_msgs/msg/_GoalLegLatLon.py)
Linked: (/home/ecl-109/uuv_ws/devel/.private/ds_control_msgs/lib/python3/dist-packages/ds_control_msgs/msg/_RovAllocationEnum.py, /home/ecl-109/uuv_ws/devel/lib/python3/dist-packages/ds_control_msgs/msg/_RovAllocationEnum.py)
Linked: (/home/ecl-109/uuv_ws/devel/.private/ds_control_msgs/lib/python3/dist-packages/ds_control_msgs/msg/_ExternalBottomFollowTimedOverride.py, /home/ecl-109/uuv_ws/devel/lib/python3/dist-packages/ds_control_msgs/msg/_ExternalBottomFollowTimedOverride.py)
Linked: (/home/ecl-109/uuv_ws/devel/.private/ds_control_msgs/lib/python3/dist-packages/ds_control_msgs/msg/_ControllerEnum.py, /home/ecl-109/uuv_ws/devel/lib/python3/dist-packages/ds_control_msgs/msg/_ControllerEnum.py)
Linked: (/home/ecl-109/uuv_ws/devel/.private/ds_control_msgs/lib/python3/dist-packages/ds_control_msgs/msg/_JoystickEnum.py, /home/ecl-109/uuv_ws/devel/lib/python3/dist-packages/ds_control_msgs/msg/_JoystickEnum.py)
Linked: (/home/ecl-109/uuv_ws/devel/.private/ds_control_msgs/lib/python3/dist-packages/ds_control_msgs/msg/_PidSettings.py, /home/ecl-109/uuv_ws/devel/lib/python3/dist-packages/ds_control_msgs/msg/_PidSettings.py)
Linked: (/home/ecl-109/uuv_ws/devel/.private/ds_control_msgs/lib/python3/dist-packages/ds_control_msgs/msg/_ExternalBottomFollowAlarm.py, /home/ecl-109/uuv_ws/devel/lib/python3/dist-packages/ds_control_msgs/msg/_ExternalBottomFollowAlarm.py)
Linked: (/home/ecl-109/uuv_ws/devel/.private/ds_control_msgs/lib/python3/dist-packages/ds_control_msgs/msg/__init__.py, /home/ecl-109/uuv_ws/devel/lib/python3/dist-packages/ds_control_msgs/msg/__init__.py)
Linked: (/home/ecl-109/uuv_ws/devel/.private/ds_control_msgs/lib/python3/dist-packages/ds_control_msgs/msg/_RovControlGoal.py, /home/ecl-109/uuv_ws/devel/lib/python3/dist-packages/ds_control_msgs/msg/_RovControlGoal.py)
Linked: (/home/ecl-109/uuv_ws/devel/.private/ds_control_msgs/lib/python3/dist-packages/ds_control_msgs/msg/_GoalLegState.py, /home/ecl-109/uuv_ws/devel/lib/python3/dist-packages/ds_control_msgs/msg/_GoalLegState.py)
Linked: (/home/ecl-109/uuv_ws/devel/.private/ds_control_msgs/lib/python3/dist-packages/ds_control_msgs/msg/_RovSwitchState.py, /home/ecl-109/uuv_ws/devel/lib/python3/dist-packages/ds_control_msgs/msg/_RovSwitchState.py)
Linked: (/home/ecl-109/uuv_ws/devel/.private/ds_control_msgs/lib/python3/dist-packages/ds_control_msgs/msg/_RovControllerState.py, /home/ecl-109/uuv_ws/devel/lib/python3/dist-packages/ds_control_msgs/msg/_RovControllerState.py)
Linked: (/home/ecl-109/uuv_ws/devel/.private/ds_control_msgs/lib/python3/dist-packages/ds_control_msgs/msg/_RovAutoState.py, /home/ecl-109/uuv_ws/devel/lib/python3/dist-packages/ds_control_msgs/msg/_RovAutoState.py)
Linked: (/home/ecl-109/uuv_ws/devel/.private/ds_control_msgs/lib/pkgconfig/ds_control_msgs.pc, /home/ecl-109/uuv_ws/devel/lib/pkgconfig/ds_control_msgs.pc)
Linked: (/home/ecl-109/uuv_ws/devel/.private/ds_control_msgs/share/roseus/ros/ds_control_msgs/manifest.l, /home/ecl-109/uuv_ws/devel/share/roseus/ros/ds_control_msgs/manifest.l)
Linked: (/home/ecl-109/uuv_ws/devel/.private/ds_control_msgs/share/roseus/ros/ds_control_msgs/srv/RovAutoCommand.l, /home/ecl-109/uuv_ws/devel/share/roseus/ros/ds_control_msgs/srv/RovAutoCommand.l)
Linked: (/home/ecl-109/uuv_ws/devel/.private/ds_control_msgs/share/roseus/ros/ds_control_msgs/msg/RovControllerState.l, /home/ecl-109/uuv_ws/devel/share/roseus/ros/ds_control_msgs/msg/RovControllerState.l)
Linked: (/home/ecl-109/uuv_ws/devel/.private/ds_control_msgs/share/roseus/ros/ds_control_msgs/msg/RovSwitchState.l, /home/ecl-109/uuv_ws/devel/share/roseus/ros/ds_control_msgs/msg/RovSwitchState.l)
Linked: (/home/ecl-109/uuv_ws/devel/.private/ds_control_msgs/share/roseus/ros/ds_control_msgs/msg/ActuatorInputs.l, /home/ecl-109/uuv_ws/devel/share/roseus/ros/ds_control_msgs/msg/ActuatorInputs.l)
Linked: (/home/ecl-109/uuv_ws/devel/.private/ds_control_msgs/share/roseus/ros/ds_control_msgs/msg/JoystickEnum.l, /home/ecl-109/uuv_ws/devel/share/roseus/ros/ds_control_msgs/msg/JoystickEnum.l)
Linked: (/home/ecl-109/uuv_ws/devel/.private/ds_control_msgs/share/roseus/ros/ds_control_msgs/msg/GoalLegState.l, /home/ecl-109/uuv_ws/devel/share/roseus/ros/ds_control_msgs/msg/GoalLegState.l)
Linked: (/home/ecl-109/uuv_ws/devel/.private/ds_control_msgs/share/roseus/ros/ds_control_msgs/msg/ExternalBottomFollowAlarm.l, /home/ecl-109/uuv_ws/devel/share/roseus/ros/ds_control_msgs/msg/ExternalBottomFollowAlarm.l)
Linked: (/home/ecl-109/uuv_ws/devel/.private/ds_control_msgs/share/roseus/ros/ds_control_msgs/msg/RovAutoState.l, /home/ecl-109/uuv_ws/devel/share/roseus/ros/ds_control_msgs/msg/RovAutoState.l)
Linked: (/home/ecl-109/uuv_ws/devel/.private/ds_control_msgs/share/roseus/ros/ds_control_msgs/msg/ExternalBottomFollowTimedOverride.l, /home/ecl-109/uuv_ws/devel/share/roseus/ros/ds_control_msgs/msg/ExternalBottomFollowTimedOverride.l)
Linked: (/home/ecl-109/uuv_ws/devel/.private/ds_control_msgs/share/roseus/ros/ds_control_msgs/msg/PidSettings.l, /home/ecl-109/uuv_ws/devel/share/roseus/ros/ds_control_msgs/msg/PidSettings.l)
Linked: (/home/ecl-109/uuv_ws/devel/.private/ds_control_msgs/share/roseus/ros/ds_control_msgs/msg/ControllerEnum.l, /home/ecl-109/uuv_ws/devel/share/roseus/ros/ds_control_msgs/msg/ControllerEnum.l)
Linked: (/home/ecl-109/uuv_ws/devel/.private/ds_control_msgs/share/roseus/ros/ds_control_msgs/msg/GoalLegLatLon.l, /home/ecl-109/uuv_ws/devel/share/roseus/ros/ds_control_msgs/msg/GoalLegLatLon.l)
Linked: (/home/ecl-109/uuv_ws/devel/.private/ds_control_msgs/share/roseus/ros/ds_control_msgs/msg/BottomFollow1D.l, /home/ecl-109/uuv_ws/devel/share/roseus/ros/ds_control_msgs/msg/BottomFollow1D.l)
Linked: (/home/ecl-109/uuv_ws/devel/.private/ds_control_msgs/share/roseus/ros/ds_control_msgs/msg/RovControlGoal.l, /home/ecl-109/uuv_ws/devel/share/roseus/ros/ds_control_msgs/msg/RovControlGoal.l)
Linked: (/home/ecl-109/uuv_ws/devel/.private/ds_control_msgs/share/roseus/ros/ds_control_msgs/msg/RovAllocationEnum.l, /home/ecl-109/uuv_ws/devel/share/roseus/ros/ds_control_msgs/msg/RovAllocationEnum.l)
Linked: (/home/ecl-109/uuv_ws/devel/.private/ds_control_msgs/share/gennodejs/ros/ds_control_msgs/_index.js, /home/ecl-109/uuv_ws/devel/share/gennodejs/ros/ds_control_msgs/_index.js)
Linked: (/home/ecl-109/uuv_ws/devel/.private/ds_control_msgs/share/gennodejs/ros/ds_control_msgs/srv/RovAutoCommand.js, /home/ecl-109/uuv_ws/devel/share/gennodejs/ros/ds_control_msgs/srv/RovAutoCommand.js)
Linked: (/home/ecl-109/uuv_ws/devel/.private/ds_control_msgs/share/gennodejs/ros/ds_control_msgs/srv/_index.js, /home/ecl-109/uuv_ws/devel/share/gennodejs/ros/ds_control_msgs/srv/_index.js)
Linked: (/home/ecl-109/uuv_ws/devel/.private/ds_control_msgs/share/gennodejs/ros/ds_control_msgs/msg/RovAutoState.js, /home/ecl-109/uuv_ws/devel/share/gennodejs/ros/ds_control_msgs/msg/RovAutoState.js)
Linked: (/home/ecl-109/uuv_ws/devel/.private/ds_control_msgs/share/gennodejs/ros/ds_control_msgs/msg/ExternalBottomFollowAlarm.js, /home/ecl-109/uuv_ws/devel/share/gennodejs/ros/ds_control_msgs/msg/ExternalBottomFollowAlarm.js)
Linked: (/home/ecl-109/uuv_ws/devel/.private/ds_control_msgs/share/gennodejs/ros/ds_control_msgs/msg/PidSettings.js, /home/ecl-109/uuv_ws/devel/share/gennodejs/ros/ds_control_msgs/msg/PidSettings.js)
Linked: (/home/ecl-109/uuv_ws/devel/.private/ds_control_msgs/share/gennodejs/ros/ds_control_msgs/msg/BottomFollow1D.js, /home/ecl-109/uuv_ws/devel/share/gennodejs/ros/ds_control_msgs/msg/BottomFollow1D.js)
Linked: (/home/ecl-109/uuv_ws/devel/.private/ds_control_msgs/share/gennodejs/ros/ds_control_msgs/msg/RovAllocationEnum.js, /home/ecl-109/uuv_ws/devel/share/gennodejs/ros/ds_control_msgs/msg/RovAllocationEnum.js)
Linked: (/home/ecl-109/uuv_ws/devel/.private/ds_control_msgs/share/gennodejs/ros/ds_control_msgs/msg/GoalLegLatLon.js, /home/ecl-109/uuv_ws/devel/share/gennodejs/ros/ds_control_msgs/msg/GoalLegLatLon.js)
Linked: (/home/ecl-109/uuv_ws/devel/.private/ds_control_msgs/share/gennodejs/ros/ds_control_msgs/msg/RovControllerState.js, /home/ecl-109/uuv_ws/devel/share/gennodejs/ros/ds_control_msgs/msg/RovControllerState.js)
Linked: (/home/ecl-109/uuv_ws/devel/.private/ds_control_msgs/share/gennodejs/ros/ds_control_msgs/msg/JoystickEnum.js, /home/ecl-109/uuv_ws/devel/share/gennodejs/ros/ds_control_msgs/msg/JoystickEnum.js)
Linked: (/home/ecl-109/uuv_ws/devel/.private/ds_control_msgs/share/gennodejs/ros/ds_control_msgs/msg/ExternalBottomFollowTimedOverride.js, /home/ecl-109/uuv_ws/devel/share/gennodejs/ros/ds_control_msgs/msg/ExternalBottomFollowTimedOverride.js)
Linked: (/home/ecl-109/uuv_ws/devel/.private/ds_control_msgs/share/gennodejs/ros/ds_control_msgs/msg/GoalLegState.js, /home/ecl-109/uuv_ws/devel/share/gennodejs/ros/ds_control_msgs/msg/GoalLegState.js)
Linked: (/home/ecl-109/uuv_ws/devel/.private/ds_control_msgs/share/gennodejs/ros/ds_control_msgs/msg/RovSwitchState.js, /home/ecl-109/uuv_ws/devel/share/gennodejs/ros/ds_control_msgs/msg/RovSwitchState.js)
Linked: (/home/ecl-109/uuv_ws/devel/.private/ds_control_msgs/share/gennodejs/ros/ds_control_msgs/msg/ControllerEnum.js, /home/ecl-109/uuv_ws/devel/share/gennodejs/ros/ds_control_msgs/msg/ControllerEnum.js)
Linked: (/home/ecl-109/uuv_ws/devel/.private/ds_control_msgs/share/gennodejs/ros/ds_control_msgs/msg/_index.js, /home/ecl-109/uuv_ws/devel/share/gennodejs/ros/ds_control_msgs/msg/_index.js)
Linked: (/home/ecl-109/uuv_ws/devel/.private/ds_control_msgs/share/gennodejs/ros/ds_control_msgs/msg/RovControlGoal.js, /home/ecl-109/uuv_ws/devel/share/gennodejs/ros/ds_control_msgs/msg/RovControlGoal.js)
Linked: (/home/ecl-109/uuv_ws/devel/.private/ds_control_msgs/share/gennodejs/ros/ds_control_msgs/msg/ActuatorInputs.js, /home/ecl-109/uuv_ws/devel/share/gennodejs/ros/ds_control_msgs/msg/ActuatorInputs.js)
Linked: (/home/ecl-109/uuv_ws/devel/.private/ds_control_msgs/share/common-lisp/ros/ds_control_msgs/srv/ds_control_msgs-srv.asd, /home/ecl-109/uuv_ws/devel/share/common-lisp/ros/ds_control_msgs/srv/ds_control_msgs-srv.asd)
Linked: (/home/ecl-109/uuv_ws/devel/.private/ds_control_msgs/share/common-lisp/ros/ds_control_msgs/srv/RovAutoCommand.lisp, /home/ecl-109/uuv_ws/devel/share/common-lisp/ros/ds_control_msgs/srv/RovAutoCommand.lisp)
Linked: (/home/ecl-109/uuv_ws/devel/.private/ds_control_msgs/share/common-lisp/ros/ds_control_msgs/srv/_package_RovAutoCommand.lisp, /home/ecl-109/uuv_ws/devel/share/common-lisp/ros/ds_control_msgs/srv/_package_RovAutoCommand.lisp)
Linked: (/home/ecl-109/uuv_ws/devel/.private/ds_control_msgs/share/common-lisp/ros/ds_control_msgs/srv/_package.lisp, /home/ecl-109/uuv_ws/devel/share/common-lisp/ros/ds_control_msgs/srv/_package.lisp)
Linked: (/home/ecl-109/uuv_ws/devel/.private/ds_control_msgs/share/common-lisp/ros/ds_control_msgs/msg/ControllerEnum.lisp, /home/ecl-109/uuv_ws/devel/share/common-lisp/ros/ds_control_msgs/msg/ControllerEnum.lisp)
Linked: (/home/ecl-109/uuv_ws/devel/.private/ds_control_msgs/share/common-lisp/ros/ds_control_msgs/msg/ExternalBottomFollowTimedOverride.lisp, /home/ecl-109/uuv_ws/devel/share/common-lisp/ros/ds_control_msgs/msg/ExternalBottomFollowTimedOverride.lisp)
Linked: (/home/ecl-109/uuv_ws/devel/.private/ds_control_msgs/share/common-lisp/ros/ds_control_msgs/msg/_package_PidSettings.lisp, /home/ecl-109/uuv_ws/devel/share/common-lisp/ros/ds_control_msgs/msg/_package_PidSettings.lisp)
Linked: (/home/ecl-109/uuv_ws/devel/.private/ds_control_msgs/share/common-lisp/ros/ds_control_msgs/msg/ExternalBottomFollowAlarm.lisp, /home/ecl-109/uuv_ws/devel/share/common-lisp/ros/ds_control_msgs/msg/ExternalBottomFollowAlarm.lisp)
Linked: (/home/ecl-109/uuv_ws/devel/.private/ds_control_msgs/share/common-lisp/ros/ds_control_msgs/msg/_package_RovControllerState.lisp, /home/ecl-109/uuv_ws/devel/share/common-lisp/ros/ds_control_msgs/msg/_package_RovControllerState.lisp)
Linked: (/home/ecl-109/uuv_ws/devel/.private/ds_control_msgs/share/common-lisp/ros/ds_control_msgs/msg/_package_RovSwitchState.lisp, /home/ecl-109/uuv_ws/devel/share/common-lisp/ros/ds_control_msgs/msg/_package_RovSwitchState.lisp)
Linked: (/home/ecl-109/uuv_ws/devel/.private/ds_control_msgs/share/common-lisp/ros/ds_control_msgs/msg/_package_JoystickEnum.lisp, /home/ecl-109/uuv_ws/devel/share/common-lisp/ros/ds_control_msgs/msg/_package_JoystickEnum.lisp)
Linked: (/home/ecl-109/uuv_ws/devel/.private/ds_control_msgs/share/common-lisp/ros/ds_control_msgs/msg/_package_ControllerEnum.lisp, /home/ecl-109/uuv_ws/devel/share/common-lisp/ros/ds_control_msgs/msg/_package_ControllerEnum.lisp)
Linked: (/home/ecl-109/uuv_ws/devel/.private/ds_control_msgs/share/common-lisp/ros/ds_control_msgs/msg/_package_ExternalBottomFollowTimedOverride.lisp, /home/ecl-109/uuv_ws/devel/share/common-lisp/ros/ds_control_msgs/msg/_package_ExternalBottomFollowTimedOverride.lisp)
Linked: (/home/ecl-109/uuv_ws/devel/.private/ds_control_msgs/share/common-lisp/ros/ds_control_msgs/msg/JoystickEnum.lisp, /home/ecl-109/uuv_ws/devel/share/common-lisp/ros/ds_control_msgs/msg/JoystickEnum.lisp)
Linked: (/home/ecl-109/uuv_ws/devel/.private/ds_control_msgs/share/common-lisp/ros/ds_control_msgs/msg/_package_GoalLegState.lisp, /home/ecl-109/uuv_ws/devel/share/common-lisp/ros/ds_control_msgs/msg/_package_GoalLegState.lisp)
Linked: (/home/ecl-109/uuv_ws/devel/.private/ds_control_msgs/share/common-lisp/ros/ds_control_msgs/msg/BottomFollow1D.lisp, /home/ecl-109/uuv_ws/devel/share/common-lisp/ros/ds_control_msgs/msg/BottomFollow1D.lisp)
Linked: (/home/ecl-109/uuv_ws/devel/.private/ds_control_msgs/share/common-lisp/ros/ds_control_msgs/msg/RovSwitchState.lisp, /home/ecl-109/uuv_ws/devel/share/common-lisp/ros/ds_control_msgs/msg/RovSwitchState.lisp)
Linked: (/home/ecl-109/uuv_ws/devel/.private/ds_control_msgs/share/common-lisp/ros/ds_control_msgs/msg/GoalLegState.lisp, /home/ecl-109/uuv_ws/devel/share/common-lisp/ros/ds_control_msgs/msg/GoalLegState.lisp)
Linked: (/home/ecl-109/uuv_ws/devel/.private/ds_control_msgs/share/common-lisp/ros/ds_control_msgs/msg/_package_RovControlGoal.lisp, /home/ecl-109/uuv_ws/devel/share/common-lisp/ros/ds_control_msgs/msg/_package_RovControlGoal.lisp)
Linked: (/home/ecl-109/uuv_ws/devel/.private/ds_control_msgs/share/common-lisp/ros/ds_control_msgs/msg/RovControllerState.lisp, /home/ecl-109/uuv_ws/devel/share/common-lisp/ros/ds_control_msgs/msg/RovControllerState.lisp)
Linked: (/home/ecl-109/uuv_ws/devel/.private/ds_control_msgs/share/common-lisp/ros/ds_control_msgs/msg/_package_ExternalBottomFollowAlarm.lisp, /home/ecl-109/uuv_ws/devel/share/common-lisp/ros/ds_control_msgs/msg/_package_ExternalBottomFollowAlarm.lisp)
Linked: (/home/ecl-109/uuv_ws/devel/.private/ds_control_msgs/share/common-lisp/ros/ds_control_msgs/msg/_package_BottomFollow1D.lisp, /home/ecl-109/uuv_ws/devel/share/common-lisp/ros/ds_control_msgs/msg/_package_BottomFollow1D.lisp)
Linked: (/home/ecl-109/uuv_ws/devel/.private/ds_control_msgs/share/common-lisp/ros/ds_control_msgs/msg/GoalLegLatLon.lisp, /home/ecl-109/uuv_ws/devel/share/common-lisp/ros/ds_control_msgs/msg/GoalLegLatLon.lisp)
Linked: (/home/ecl-109/uuv_ws/devel/.private/ds_control_msgs/share/common-lisp/ros/ds_control_msgs/msg/RovAllocationEnum.lisp, /home/ecl-109/uuv_ws/devel/share/common-lisp/ros/ds_control_msgs/msg/RovAllocationEnum.lisp)
Linked: (/home/ecl-109/uuv_ws/devel/.private/ds_control_msgs/share/common-lisp/ros/ds_control_msgs/msg/RovControlGoal.lisp, /home/ecl-109/uuv_ws/devel/share/common-lisp/ros/ds_control_msgs/msg/RovControlGoal.lisp)
Linked: (/home/ecl-109/uuv_ws/devel/.private/ds_control_msgs/share/common-lisp/ros/ds_control_msgs/msg/PidSettings.lisp, /home/ecl-109/uuv_ws/devel/share/common-lisp/ros/ds_control_msgs/msg/PidSettings.lisp)
Linked: (/home/ecl-109/uuv_ws/devel/.private/ds_control_msgs/share/common-lisp/ros/ds_control_msgs/msg/_package_RovAllocationEnum.lisp, /home/ecl-109/uuv_ws/devel/share/common-lisp/ros/ds_control_msgs/msg/_package_RovAllocationEnum.lisp)
Linked: (/home/ecl-109/uuv_ws/devel/.private/ds_control_msgs/share/common-lisp/ros/ds_control_msgs/msg/_package.lisp, /home/ecl-109/uuv_ws/devel/share/common-lisp/ros/ds_control_msgs/msg/_package.lisp)
Linked: (/home/ecl-109/uuv_ws/devel/.private/ds_control_msgs/share/common-lisp/ros/ds_control_msgs/msg/_package_ActuatorInputs.lisp, /home/ecl-109/uuv_ws/devel/share/common-lisp/ros/ds_control_msgs/msg/_package_ActuatorInputs.lisp)
Linked: (/home/ecl-109/uuv_ws/devel/.private/ds_control_msgs/share/common-lisp/ros/ds_control_msgs/msg/RovAutoState.lisp, /home/ecl-109/uuv_ws/devel/share/common-lisp/ros/ds_control_msgs/msg/RovAutoState.lisp)
Linked: (/home/ecl-109/uuv_ws/devel/.private/ds_control_msgs/share/common-lisp/ros/ds_control_msgs/msg/ds_control_msgs-msg.asd, /home/ecl-109/uuv_ws/devel/share/common-lisp/ros/ds_control_msgs/msg/ds_control_msgs-msg.asd)
Linked: (/home/ecl-109/uuv_ws/devel/.private/ds_control_msgs/share/common-lisp/ros/ds_control_msgs/msg/_package_GoalLegLatLon.lisp, /home/ecl-109/uuv_ws/devel/share/common-lisp/ros/ds_control_msgs/msg/_package_GoalLegLatLon.lisp)
Linked: (/home/ecl-109/uuv_ws/devel/.private/ds_control_msgs/share/common-lisp/ros/ds_control_msgs/msg/ActuatorInputs.lisp, /home/ecl-109/uuv_ws/devel/share/common-lisp/ros/ds_control_msgs/msg/ActuatorInputs.lisp)
Linked: (/home/ecl-109/uuv_ws/devel/.private/ds_control_msgs/share/common-lisp/ros/ds_control_msgs/msg/_package_RovAutoState.lisp, /home/ecl-109/uuv_ws/devel/share/common-lisp/ros/ds_control_msgs/msg/_package_RovAutoState.lisp)
Linked: (/home/ecl-109/uuv_ws/devel/.private/ds_control_msgs/share/ds_control_msgs/cmake/ds_control_msgs-msg-extras.cmake, /home/ecl-109/uuv_ws/devel/share/ds_control_msgs/cmake/ds_control_msgs-msg-extras.cmake)
Linked: (/home/ecl-109/uuv_ws/devel/.private/ds_control_msgs/share/ds_control_msgs/cmake/ds_control_msgsConfig.cmake, /home/ecl-109/uuv_ws/devel/share/ds_control_msgs/cmake/ds_control_msgsConfig.cmake)
Linked: (/home/ecl-109/uuv_ws/devel/.private/ds_control_msgs/share/ds_control_msgs/cmake/ds_control_msgs-msg-paths.cmake, /home/ecl-109/uuv_ws/devel/share/ds_control_msgs/cmake/ds_control_msgs-msg-paths.cmake)
Linked: (/home/ecl-109/uuv_ws/devel/.private/ds_control_msgs/share/ds_control_msgs/cmake/ds_control_msgsConfig-version.cmake, /home/ecl-109/uuv_ws/devel/share/ds_control_msgs/cmake/ds_control_msgsConfig-version.cmake)
