[  0%] Built target uuv_gazebo_ros_plugins_xacro_generated_to_devel_space_
[  7%] [32m[1mLinking CXX shared library /home/ecl-109/uuv_ws/devel/.private/uuv_gazebo_ros_plugins/lib/libcustom_battery_consumer_ros_plugin.so[0m
[ 14%] Built target custom_battery_consumer_ros_plugin
[ 21%] [32m[1mLinking CXX shared library /home/ecl-109/uuv_ws/devel/.private/uuv_gazebo_ros_plugins/lib/libuuv_accelerations_test_plugin.so[0m
[ 21%] Built target roscpp_generate_messages_lisp
[ 21%] Built target roscpp_generate_messages_eus
[ 21%] Built target uuv_gazebo_ros_plugins_msgs_generate_messages_py
[ 21%] Built target visualization_msgs_generate_messages_py
[ 21%] Built target uuv_gazebo_ros_plugins_msgs_generate_messages_eus
[ 21%] Built target std_msgs_generate_messages_nodejs
[ 21%] Built target geometry_msgs_generate_messages_eus
[ 21%] Built target std_msgs_generate_messages_cpp
[ 21%] Built target tf2_msgs_generate_messages_cpp
[ 21%] Built target roscpp_generate_messages_nodejs
[ 21%] Built target geometry_msgs_generate_messages_lisp
[ 21%] Built target geometry_msgs_generate_messages_py
[ 21%] Built target roscpp_generate_messages_cpp
[ 21%] Built target actionlib_generate_messages_lisp
[ 21%] Built target tf2_msgs_generate_messages_eus
[ 21%] Built target sensor_msgs_generate_messages_py
[ 21%] Built target sensor_msgs_generate_messages_nodejs
[ 21%] Built target uuv_gazebo_ros_plugins_msgs_generate_messages_nodejs
[ 21%] Built target tf2_msgs_generate_messages_lisp
[ 21%] Built target uuv_gazebo_ros_plugins_msgs_generate_messages_cpp
[ 21%] Built target std_msgs_generate_messages_lisp
[ 21%] Built target rosgraph_msgs_generate_messages_lisp
[ 21%] Built target actionlib_msgs_generate_messages_eus
[ 21%] Built target rosgraph_msgs_generate_messages_py
[ 21%] Built target uuv_gazebo_ros_plugins_msgs_generate_messages_lisp
[ 21%] Built target sensor_msgs_generate_messages_eus
[ 21%] Built target sensor_msgs_generate_messages_lisp
[ 21%] Built target actionlib_msgs_generate_messages_cpp
[ 21%] Built target std_msgs_generate_messages_py
[ 21%] Built target sensor_msgs_generate_messages_cpp
[ 21%] Built target visualization_msgs_generate_messages_cpp
[ 21%] Built target geometry_msgs_generate_messages_nodejs
[ 21%] Built target visualization_msgs_generate_messages_lisp
[ 21%] Built target geometry_msgs_generate_messages_cpp
[ 21%] Built target visualization_msgs_generate_messages_eus
[ 21%] Built target roscpp_generate_messages_py
[ 21%] Built target tf2_msgs_generate_messages_py
[ 21%] Built target actionlib_generate_messages_eus
[ 21%] Built target rosgraph_msgs_generate_messages_eus
[ 21%] Built target rosgraph_msgs_generate_messages_nodejs
[ 21%] Built target rosgraph_msgs_generate_messages_cpp
[ 21%] Built target actionlib_generate_messages_cpp
[ 21%] Built target visualization_msgs_generate_messages_nodejs
[ 21%] Built target actionlib_generate_messages_nodejs
[ 21%] Built target actionlib_msgs_generate_messages_py
[ 21%] Built target actionlib_generate_messages_py
[ 21%] Built target std_msgs_generate_messages_eus
[ 21%] Built target actionlib_msgs_generate_messages_nodejs
[ 21%] Built target actionlib_msgs_generate_messages_lisp
[ 21%] Built target tf2_msgs_generate_messages_nodejs
[ 28%] [32m[1mLinking CXX shared library /home/ecl-109/uuv_ws/devel/.private/uuv_gazebo_ros_plugins/lib/libuuv_joint_state_publisher.so[0m
[ 35%] [32m[1mLinking CXX shared library /home/ecl-109/uuv_ws/devel/.private/uuv_gazebo_ros_plugins/lib/liblinear_battery_ros_plugin.so[0m
[ 42%] [32m[1mLinking CXX shared library /home/ecl-109/uuv_ws/devel/.private/uuv_gazebo_ros_plugins/lib/libuuv_underwater_object_ros_plugin.so[0m
[ 50%] Built target uuv_accelerations_test_plugin
[ 57%] [32m[1mLinking CXX shared library /home/ecl-109/uuv_ws/devel/.private/uuv_gazebo_ros_plugins/lib/libuuv_thruster_ros_plugin.so[0m
[ 64%] Built target uuv_joint_state_publisher
[ 71%] Built target linear_battery_ros_plugin
[ 78%] [32m[1mLinking CXX shared library /home/ecl-109/uuv_ws/devel/.private/uuv_gazebo_ros_plugins/lib/libuuv_fin_ros_plugin.so[0m
[ 85%] Built target uuv_underwater_object_ros_plugin
[ 92%] Built target uuv_thruster_ros_plugin
[100%] Built target uuv_fin_ros_plugin
