Linked: (/home/ecl-109/uuv_ws/devel/.private/sonar_oculus/include/sonar_oculus/OculusParamsConfig.h, /home/ecl-109/uuv_ws/devel/include/sonar_oculus/OculusParamsConfig.h)
Linked: (/home/ecl-109/uuv_ws/devel/.private/sonar_oculus/include/sonar_oculus/OculusPing.h, /home/ecl-109/uuv_ws/devel/include/sonar_oculus/OculusPing.h)
Linked: (/home/ecl-109/uuv_ws/devel/.private/sonar_oculus/include/sonar_oculus/OculusPingUncompressed.h, /home/ecl-109/uuv_ws/devel/include/sonar_oculus/OculusPingUncompressed.h)
Linked: (/home/ecl-109/uuv_ws/devel/.private/sonar_oculus/include/sonar_oculus/OculusFire.h, /home/ecl-109/uuv_ws/devel/include/sonar_oculus/OculusFire.h)
Linked: (/home/ecl-109/uuv_ws/devel/.private/sonar_oculus/lib/sonar_oculus/sonar_oculus_node, /home/ecl-109/uuv_ws/devel/lib/sonar_oculus/sonar_oculus_node)
Linked: (/home/ecl-109/uuv_ws/devel/.private/sonar_oculus/lib/python3/dist-packages/sonar_oculus/__init__.py, /home/ecl-109/uuv_ws/devel/lib/python3/dist-packages/sonar_oculus/__init__.py)
Linked: (/home/ecl-109/uuv_ws/devel/.private/sonar_oculus/lib/python3/dist-packages/sonar_oculus/msg/_OculusPing.py, /home/ecl-109/uuv_ws/devel/lib/python3/dist-packages/sonar_oculus/msg/_OculusPing.py)
Linked: (/home/ecl-109/uuv_ws/devel/.private/sonar_oculus/lib/python3/dist-packages/sonar_oculus/msg/__init__.py, /home/ecl-109/uuv_ws/devel/lib/python3/dist-packages/sonar_oculus/msg/__init__.py)
Linked: (/home/ecl-109/uuv_ws/devel/.private/sonar_oculus/lib/python3/dist-packages/sonar_oculus/msg/_OculusPingUncompressed.py, /home/ecl-109/uuv_ws/devel/lib/python3/dist-packages/sonar_oculus/msg/_OculusPingUncompressed.py)
Linked: (/home/ecl-109/uuv_ws/devel/.private/sonar_oculus/lib/python3/dist-packages/sonar_oculus/msg/_OculusFire.py, /home/ecl-109/uuv_ws/devel/lib/python3/dist-packages/sonar_oculus/msg/_OculusFire.py)
Linked: (/home/ecl-109/uuv_ws/devel/.private/sonar_oculus/lib/python3/dist-packages/sonar_oculus/cfg/__init__.py, /home/ecl-109/uuv_ws/devel/lib/python3/dist-packages/sonar_oculus/cfg/__init__.py)
Linked: (/home/ecl-109/uuv_ws/devel/.private/sonar_oculus/lib/python3/dist-packages/sonar_oculus/cfg/OculusParamsConfig.py, /home/ecl-109/uuv_ws/devel/lib/python3/dist-packages/sonar_oculus/cfg/OculusParamsConfig.py)
Linked: (/home/ecl-109/uuv_ws/devel/.private/sonar_oculus/lib/pkgconfig/sonar_oculus.pc, /home/ecl-109/uuv_ws/devel/lib/pkgconfig/sonar_oculus.pc)
Linked: (/home/ecl-109/uuv_ws/devel/.private/sonar_oculus/share/roseus/ros/sonar_oculus/manifest.l, /home/ecl-109/uuv_ws/devel/share/roseus/ros/sonar_oculus/manifest.l)
Linked: (/home/ecl-109/uuv_ws/devel/.private/sonar_oculus/share/roseus/ros/sonar_oculus/msg/OculusFire.l, /home/ecl-109/uuv_ws/devel/share/roseus/ros/sonar_oculus/msg/OculusFire.l)
Linked: (/home/ecl-109/uuv_ws/devel/.private/sonar_oculus/share/roseus/ros/sonar_oculus/msg/OculusPingUncompressed.l, /home/ecl-109/uuv_ws/devel/share/roseus/ros/sonar_oculus/msg/OculusPingUncompressed.l)
Linked: (/home/ecl-109/uuv_ws/devel/.private/sonar_oculus/share/roseus/ros/sonar_oculus/msg/OculusPing.l, /home/ecl-109/uuv_ws/devel/share/roseus/ros/sonar_oculus/msg/OculusPing.l)
Linked: (/home/ecl-109/uuv_ws/devel/.private/sonar_oculus/share/gennodejs/ros/sonar_oculus/_index.js, /home/ecl-109/uuv_ws/devel/share/gennodejs/ros/sonar_oculus/_index.js)
Linked: (/home/ecl-109/uuv_ws/devel/.private/sonar_oculus/share/gennodejs/ros/sonar_oculus/msg/OculusPing.js, /home/ecl-109/uuv_ws/devel/share/gennodejs/ros/sonar_oculus/msg/OculusPing.js)
Linked: (/home/ecl-109/uuv_ws/devel/.private/sonar_oculus/share/gennodejs/ros/sonar_oculus/msg/OculusPingUncompressed.js, /home/ecl-109/uuv_ws/devel/share/gennodejs/ros/sonar_oculus/msg/OculusPingUncompressed.js)
Linked: (/home/ecl-109/uuv_ws/devel/.private/sonar_oculus/share/gennodejs/ros/sonar_oculus/msg/_index.js, /home/ecl-109/uuv_ws/devel/share/gennodejs/ros/sonar_oculus/msg/_index.js)
Linked: (/home/ecl-109/uuv_ws/devel/.private/sonar_oculus/share/gennodejs/ros/sonar_oculus/msg/OculusFire.js, /home/ecl-109/uuv_ws/devel/share/gennodejs/ros/sonar_oculus/msg/OculusFire.js)
Linked: (/home/ecl-109/uuv_ws/devel/.private/sonar_oculus/share/sonar_oculus/docs/OculusParamsConfig-usage.dox, /home/ecl-109/uuv_ws/devel/share/sonar_oculus/docs/OculusParamsConfig-usage.dox)
Linked: (/home/ecl-109/uuv_ws/devel/.private/sonar_oculus/share/sonar_oculus/docs/OculusParamsConfig.wikidoc, /home/ecl-109/uuv_ws/devel/share/sonar_oculus/docs/OculusParamsConfig.wikidoc)
Linked: (/home/ecl-109/uuv_ws/devel/.private/sonar_oculus/share/sonar_oculus/docs/OculusParamsConfig.dox, /home/ecl-109/uuv_ws/devel/share/sonar_oculus/docs/OculusParamsConfig.dox)
Linked: (/home/ecl-109/uuv_ws/devel/.private/sonar_oculus/share/sonar_oculus/cmake/sonar_oculusConfig.cmake, /home/ecl-109/uuv_ws/devel/share/sonar_oculus/cmake/sonar_oculusConfig.cmake)
Linked: (/home/ecl-109/uuv_ws/devel/.private/sonar_oculus/share/sonar_oculus/cmake/sonar_oculusConfig-version.cmake, /home/ecl-109/uuv_ws/devel/share/sonar_oculus/cmake/sonar_oculusConfig-version.cmake)
Linked: (/home/ecl-109/uuv_ws/devel/.private/sonar_oculus/share/sonar_oculus/cmake/sonar_oculus-msg-paths.cmake, /home/ecl-109/uuv_ws/devel/share/sonar_oculus/cmake/sonar_oculus-msg-paths.cmake)
Linked: (/home/ecl-109/uuv_ws/devel/.private/sonar_oculus/share/sonar_oculus/cmake/sonar_oculus-msg-extras.cmake, /home/ecl-109/uuv_ws/devel/share/sonar_oculus/cmake/sonar_oculus-msg-extras.cmake)
Linked: (/home/ecl-109/uuv_ws/devel/.private/sonar_oculus/share/common-lisp/ros/sonar_oculus/msg/sonar_oculus-msg.asd, /home/ecl-109/uuv_ws/devel/share/common-lisp/ros/sonar_oculus/msg/sonar_oculus-msg.asd)
Linked: (/home/ecl-109/uuv_ws/devel/.private/sonar_oculus/share/common-lisp/ros/sonar_oculus/msg/_package_OculusPingUncompressed.lisp, /home/ecl-109/uuv_ws/devel/share/common-lisp/ros/sonar_oculus/msg/_package_OculusPingUncompressed.lisp)
Linked: (/home/ecl-109/uuv_ws/devel/.private/sonar_oculus/share/common-lisp/ros/sonar_oculus/msg/_package_OculusPing.lisp, /home/ecl-109/uuv_ws/devel/share/common-lisp/ros/sonar_oculus/msg/_package_OculusPing.lisp)
Linked: (/home/ecl-109/uuv_ws/devel/.private/sonar_oculus/share/common-lisp/ros/sonar_oculus/msg/OculusPingUncompressed.lisp, /home/ecl-109/uuv_ws/devel/share/common-lisp/ros/sonar_oculus/msg/OculusPingUncompressed.lisp)
Linked: (/home/ecl-109/uuv_ws/devel/.private/sonar_oculus/share/common-lisp/ros/sonar_oculus/msg/OculusPing.lisp, /home/ecl-109/uuv_ws/devel/share/common-lisp/ros/sonar_oculus/msg/OculusPing.lisp)
Linked: (/home/ecl-109/uuv_ws/devel/.private/sonar_oculus/share/common-lisp/ros/sonar_oculus/msg/OculusFire.lisp, /home/ecl-109/uuv_ws/devel/share/common-lisp/ros/sonar_oculus/msg/OculusFire.lisp)
Linked: (/home/ecl-109/uuv_ws/devel/.private/sonar_oculus/share/common-lisp/ros/sonar_oculus/msg/_package.lisp, /home/ecl-109/uuv_ws/devel/share/common-lisp/ros/sonar_oculus/msg/_package.lisp)
Linked: (/home/ecl-109/uuv_ws/devel/.private/sonar_oculus/share/common-lisp/ros/sonar_oculus/msg/_package_OculusFire.lisp, /home/ecl-109/uuv_ws/devel/share/common-lisp/ros/sonar_oculus/msg/_package_OculusFire.lisp)
