[  0%] Built target gazebo_ros_gencfg
[  0%] Built target trajectory_msgs_generate_messages_nodejs
[  0%] Built target trajectory_msgs_generate_messages_lisp
[  0%] Built target trajectory_msgs_generate_messages_cpp
[  0%] Built target gazebo_msgs_generate_messages_py
[  0%] Built target gazebo_msgs_generate_messages_nodejs
[  0%] Built target gazebo_msgs_generate_messages_cpp
[  0%] Built target dynamic_reconfigure_gencfg
[  0%] Built target dynamic_reconfigure_generate_messages_cpp
[  0%] Built target gazebo_msgs_generate_messages_lisp
[  0%] Built target dynamic_reconfigure_generate_messages_nodejs
[  0%] Built target tf2_msgs_generate_messages_py
[  0%] Built target tf2_msgs_generate_messages_nodejs
[  0%] Built target tf2_msgs_generate_messages_lisp
[  0%] Built target dynamic_reconfigure_generate_messages_lisp
[  0%] Built target tf2_msgs_generate_messages_cpp
[  0%] Built target actionlib_msgs_generate_messages_py
[  0%] Built target dynamic_reconfigure_generate_messages_py
[  0%] Built target actionlib_msgs_generate_messages_eus
[  0%] Built target actionlib_generate_messages_py
[  0%] Built target actionlib_generate_messages_nodejs
[  0%] Built target actionlib_generate_messages_cpp
[  0%] Built target tf_generate_messages_nodejs
[  0%] Built target tf_generate_messages_lisp
[  0%] Built target tf_generate_messages_cpp
[  0%] Built target std_srvs_generate_messages_nodejs
[  0%] Built target std_srvs_generate_messages_lisp
[  0%] Built target std_srvs_generate_messages_eus
[  0%] Built target ds_sensor_msgs_generate_messages_py
[  0%] Built target trajectory_msgs_generate_messages_eus
[  0%] Built target roscpp_generate_messages_py
[  0%] Built target ds_sensor_msgs_generate_messages_nodejs
[  0%] Built target sensor_msgs_generate_messages_cpp
[  0%] Built target ds_nav_msgs_generate_messages_lisp
[  0%] Built target roscpp_generate_messages_cpp
[  0%] Built target std_msgs_generate_messages_nodejs
[  0%] Built target geometry_msgs_generate_messages_eus
[  0%] Built target ds_actuator_msgs_generate_messages_lisp
[  0%] Built target sensor_msgs_generate_messages_nodejs
[  0%] Built target ds_actuator_msgs_generate_messages_nodejs
[  0%] Built target std_msgs_generate_messages_py
[  0%] Built target rosgraph_msgs_generate_messages_py
[  0%] Built target ds_core_msgs_generate_messages_eus
[  0%] Built target ds_actuator_msgs_generate_messages_py
[  0%] Built target ds_nav_msgs_generate_messages_py
[  0%] Built target actionlib_generate_messages_lisp
[  0%] Built target _catkin_empty_exported_target
[  0%] Built target roscpp_generate_messages_lisp
[  0%] Built target ds_actuator_msgs_generate_messages_eus
[  0%] Built target std_msgs_generate_messages_lisp
[  0%] Built target ds_core_msgs_generate_messages_py
[  0%] Built target ds_core_msgs_generate_messages_nodejs
[  0%] Built target ds_core_msgs_generate_messages_lisp
[  0%] Built target rosgraph_msgs_generate_messages_lisp
[  0%] Built target tf_generate_messages_eus
[  0%] Built target actionlib_msgs_generate_messages_nodejs
[  0%] Built target ds_core_msgs_generate_messages_cpp
[  0%] Built target actionlib_msgs_generate_messages_lisp
[  0%] Built target tf_generate_messages_py
[  0%] Built target ds_sensor_msgs_generate_messages_eus
[  0%] Built target std_msgs_generate_messages_eus
[  0%] Built target ds_sensor_msgs_gencfg
[  0%] Built target std_msgs_generate_messages_cpp
[  0%] Built target std_srvs_generate_messages_cpp
[  0%] Built target ds_actuator_msgs_generate_messages_cpp
[  0%] Built target std_srvs_generate_messages_py
[  0%] Built target rosgraph_msgs_generate_messages_eus
[  0%] Built target sensor_msgs_generate_messages_eus
[  0%] Built target sensor_msgs_generate_messages_lisp
[  0%] Built target tf2_msgs_generate_messages_eus
[  0%] Built target sensor_msgs_generate_messages_py
[  0%] Built target geometry_msgs_generate_messages_cpp
[  0%] Built target geometry_msgs_generate_messages_lisp
[  0%] Built target gazebo_msgs_generate_messages_eus
[  0%] Built target dynamic_reconfigure_generate_messages_eus
[  0%] Built target geometry_msgs_generate_messages_nodejs
[  0%] Built target ds_nav_msgs_generate_messages_cpp
[  0%] Built target ds_nav_msgs_generate_messages_eus
[  0%] Built target ds_sensor_msgs_generate_messages_lisp
[  0%] Built target ds_nav_msgs_generate_messages_nodejs
[  0%] Built target ds_multibeam_msgs_generate_messages_cpp
[  0%] Built target ds_sensor_msgs_generate_messages_cpp
[  0%] Built target ds_multibeam_msgs_generate_messages_eus
[  0%] Built target actionlib_msgs_generate_messages_cpp
[  0%] Built target ds_multibeam_msgs_generate_messages_lisp
[  0%] Built target roscpp_generate_messages_eus
[  0%] Built target ds_multibeam_msgs_generate_messages_py
[  0%] Built target roscpp_generate_messages_nodejs
[  0%] Built target trajectory_msgs_generate_messages_py
[  0%] Built target actionlib_generate_messages_eus
[  0%] Built target ds_multibeam_msgs_generate_messages_nodejs
[  0%] Built target rosgraph_msgs_generate_messages_cpp
[  0%] Built target rosgraph_msgs_generate_messages_nodejs
[ 38%] Built target ds_sim_gazebo_msgs
[ 38%] Built target geometry_msgs_generate_messages_py
[ 41%] [32m[1mLinking CXX shared library /home/ecl-109/uuv_ws/devel/.private/ds_sim/lib/libdsros_sensors.so[0m
[ 53%] Built target dsros_sensors
[ 56%] [32m[1mLinking CXX shared library /home/ecl-109/uuv_ws/devel/.private/ds_sim/lib/libdsros_ros_gps.so[0m
[ 58%] Built target dsros_ros_gps
[ 61%] [32m[1mLinking CXX shared library /home/ecl-109/uuv_ws/devel/.private/ds_sim/lib/libdsros_navstate_publisher.so[0m
[ 64%] Built target dsros_navstate_publisher
[ 66%] [32m[1mLinking CXX shared library /home/ecl-109/uuv_ws/devel/.private/ds_sim/lib/libdsros_ros_depth.so[0m
[ 69%] Built target dsros_ros_depth
[ 71%] [32m[1mLinking CXX shared library /home/ecl-109/uuv_ws/devel/.private/ds_sim/lib/libdsros_ros_reson.so[0m
[ 74%] Built target dsros_ros_reson
[ 76%] [32m[1mLinking CXX shared library /home/ecl-109/uuv_ws/devel/.private/ds_sim/lib/libdsros_jointstate_publisher.so[0m
[ 79%] Built target dsros_jointstate_publisher
[ 82%] [32m[1mLinking CXX shared library /home/ecl-109/uuv_ws/devel/.private/ds_sim/lib/libdsros_ros_ins.so[0m
[ 84%] Built target dsros_ros_ins
[ 87%] [32m[1mLinking CXX shared library /home/ecl-109/uuv_ws/devel/.private/ds_sim/lib/libdsros_hydro.so[0m
[ 89%] Built target dsros_hydro
[ 92%] [32m[1mLinking CXX shared library /home/ecl-109/uuv_ws/devel/.private/ds_sim/lib/libdsros_ros_thruster.so[0m
[ 94%] Built target dsros_ros_thruster
[ 97%] [32m[1mLinking CXX shared library /home/ecl-109/uuv_ws/devel/.private/ds_sim/lib/libdsros_ros_dvl.so[0m
[100%] Built target dsros_ros_dvl
