[  0%] Built target _uuv_manipulators_msgs_generate_messages_check_deps_SolveIK
[  0%] Built target geometry_msgs_generate_messages_lisp
[  0%] Built target std_msgs_generate_messages_lisp
[  0%] Built target sensor_msgs_generate_messages_lisp
[  0%] Built target _uuv_manipulators_msgs_generate_messages_check_deps_EndPointState
[  0%] Built target _uuv_manipulators_msgs_generate_messages_check_deps_ArmConfigCommand
[  0%] Built target sensor_msgs_generate_messages_py
[  0%] Built target geometry_msgs_generate_messages_py
[  0%] Built target _uuv_manipulators_msgs_generate_messages_check_deps_EndeffectorCommand
[  0%] Built target std_msgs_generate_messages_py
[  0%] Built target geometry_msgs_generate_messages_nodejs
[  0%] Built target _uuv_manipulators_msgs_generate_messages_check_deps_EndeffectorState
[  0%] Built target std_msgs_generate_messages_nodejs
[  0%] Built target sensor_msgs_generate_messages_nodejs
[  0%] Built target std_msgs_generate_messages_eus
[  0%] Built target geometry_msgs_generate_messages_eus
[  0%] Built target sensor_msgs_generate_messages_eus
[  0%] Built target geometry_msgs_generate_messages_cpp
[  0%] Built target sensor_msgs_generate_messages_cpp
[  0%] Built target std_msgs_generate_messages_cpp
[ 39%] Built target uuv_manipulators_msgs_generate_messages_lisp
[ 39%] Built target uuv_manipulators_msgs_generate_messages_eus
[ 75%] Built target uuv_manipulators_msgs_generate_messages_nodejs
[ 82%] Built target uuv_manipulators_msgs_generate_messages_py
[100%] Built target uuv_manipulators_msgs_generate_messages_cpp
[100%] Built target uuv_manipulators_msgs_generate_messages
