Linked: (/home/ecl-109/uuv_ws/devel/.private/ds_sensor_msgs/include/ds_sensor_msgs/RdiPD0.h, /home/ecl-109/uuv_ws/devel/include/ds_sensor_msgs/RdiPD0.h)
Linked: (/home/ecl-109/uuv_ws/devel/.private/ds_sensor_msgs/include/ds_sensor_msgs/SoundSpeed.h, /home/ecl-109/uuv_ws/devel/include/ds_sensor_msgs/SoundSpeed.h)
Linked: (/home/ecl-109/uuv_ws/devel/.private/ds_sensor_msgs/include/ds_sensor_msgs/UbloxSatellite.h, /home/ecl-109/uuv_ws/devel/include/ds_sensor_msgs/UbloxSatellite.h)
Linked: (/home/ecl-109/uuv_ws/devel/.private/ds_sensor_msgs/include/ds_sensor_msgs/UbloxSatellites.h, /home/ecl-109/uuv_ws/devel/include/ds_sensor_msgs/UbloxSatellites.h)
Linked: (/home/ecl-109/uuv_ws/devel/.private/ds_sensor_msgs/include/ds_sensor_msgs/Adcp.h, /home/ecl-109/uuv_ws/devel/include/ds_sensor_msgs/Adcp.h)
Linked: (/home/ecl-109/uuv_ws/devel/.private/ds_sensor_msgs/include/ds_sensor_msgs/Range3D.h, /home/ecl-109/uuv_ws/devel/include/ds_sensor_msgs/Range3D.h)
Linked: (/home/ecl-109/uuv_ws/devel/.private/ds_sensor_msgs/include/ds_sensor_msgs/VectorMagneticField.h, /home/ecl-109/uuv_ws/devel/include/ds_sensor_msgs/VectorMagneticField.h)
Linked: (/home/ecl-109/uuv_ws/devel/.private/ds_sensor_msgs/include/ds_sensor_msgs/Gyro.h, /home/ecl-109/uuv_ws/devel/include/ds_sensor_msgs/Gyro.h)
Linked: (/home/ecl-109/uuv_ws/devel/.private/ds_sensor_msgs/include/ds_sensor_msgs/PhinsStdbin3.h, /home/ecl-109/uuv_ws/devel/include/ds_sensor_msgs/PhinsStdbin3.h)
Linked: (/home/ecl-109/uuv_ws/devel/.private/ds_sensor_msgs/include/ds_sensor_msgs/NortekVectorSystem.h, /home/ecl-109/uuv_ws/devel/include/ds_sensor_msgs/NortekVectorSystem.h)
Linked: (/home/ecl-109/uuv_ws/devel/.private/ds_sensor_msgs/include/ds_sensor_msgs/NortekDF21.h, /home/ecl-109/uuv_ws/devel/include/ds_sensor_msgs/NortekDF21.h)
Linked: (/home/ecl-109/uuv_ws/devel/.private/ds_sensor_msgs/include/ds_sensor_msgs/Compass.h, /home/ecl-109/uuv_ws/devel/include/ds_sensor_msgs/Compass.h)
Linked: (/home/ecl-109/uuv_ws/devel/.private/ds_sensor_msgs/include/ds_sensor_msgs/Ctd.h, /home/ecl-109/uuv_ws/devel/include/ds_sensor_msgs/Ctd.h)
Linked: (/home/ecl-109/uuv_ws/devel/.private/ds_sensor_msgs/include/ds_sensor_msgs/AcousticCurrentProfile.h, /home/ecl-109/uuv_ws/devel/include/ds_sensor_msgs/AcousticCurrentProfile.h)
Linked: (/home/ecl-109/uuv_ws/devel/.private/ds_sensor_msgs/include/ds_sensor_msgs/WaterCurrentProfile.h, /home/ecl-109/uuv_ws/devel/include/ds_sensor_msgs/WaterCurrentProfile.h)
Linked: (/home/ecl-109/uuv_ws/devel/.private/ds_sensor_msgs/include/ds_sensor_msgs/ForwardLookingStatus.h, /home/ecl-109/uuv_ws/devel/include/ds_sensor_msgs/ForwardLookingStatus.h)
Linked: (/home/ecl-109/uuv_ws/devel/.private/ds_sensor_msgs/include/ds_sensor_msgs/PhinsConfigConfig.h, /home/ecl-109/uuv_ws/devel/include/ds_sensor_msgs/PhinsConfigConfig.h)
Linked: (/home/ecl-109/uuv_ws/devel/.private/ds_sensor_msgs/include/ds_sensor_msgs/MemsImu.h, /home/ecl-109/uuv_ws/devel/include/ds_sensor_msgs/MemsImu.h)
Linked: (/home/ecl-109/uuv_ws/devel/.private/ds_sensor_msgs/include/ds_sensor_msgs/Dvl.h, /home/ecl-109/uuv_ws/devel/include/ds_sensor_msgs/Dvl.h)
Linked: (/home/ecl-109/uuv_ws/devel/.private/ds_sensor_msgs/include/ds_sensor_msgs/Velocity3D.h, /home/ecl-109/uuv_ws/devel/include/ds_sensor_msgs/Velocity3D.h)
Linked: (/home/ecl-109/uuv_ws/devel/.private/ds_sensor_msgs/include/ds_sensor_msgs/UbloxNav.h, /home/ecl-109/uuv_ws/devel/include/ds_sensor_msgs/UbloxNav.h)
Linked: (/home/ecl-109/uuv_ws/devel/.private/ds_sensor_msgs/include/ds_sensor_msgs/UbloxSurveyIn.h, /home/ecl-109/uuv_ws/devel/include/ds_sensor_msgs/UbloxSurveyIn.h)
Linked: (/home/ecl-109/uuv_ws/devel/.private/ds_sensor_msgs/include/ds_sensor_msgs/Ins.h, /home/ecl-109/uuv_ws/devel/include/ds_sensor_msgs/Ins.h)
Linked: (/home/ecl-109/uuv_ws/devel/.private/ds_sensor_msgs/include/ds_sensor_msgs/DepthPressure.h, /home/ecl-109/uuv_ws/devel/include/ds_sensor_msgs/DepthPressure.h)
Linked: (/home/ecl-109/uuv_ws/devel/.private/ds_sensor_msgs/include/ds_sensor_msgs/UbloxSignal.h, /home/ecl-109/uuv_ws/devel/include/ds_sensor_msgs/UbloxSignal.h)
Linked: (/home/ecl-109/uuv_ws/devel/.private/ds_sensor_msgs/include/ds_sensor_msgs/RdiPD5.h, /home/ecl-109/uuv_ws/devel/include/ds_sensor_msgs/RdiPD5.h)
Linked: (/home/ecl-109/uuv_ws/devel/.private/ds_sensor_msgs/include/ds_sensor_msgs/PhinsStandard.h, /home/ecl-109/uuv_ws/devel/include/ds_sensor_msgs/PhinsStandard.h)
Linked: (/home/ecl-109/uuv_ws/devel/.private/ds_sensor_msgs/include/ds_sensor_msgs/Ranges3D.h, /home/ecl-109/uuv_ws/devel/include/ds_sensor_msgs/Ranges3D.h)
Linked: (/home/ecl-109/uuv_ws/devel/.private/ds_sensor_msgs/include/ds_sensor_msgs/UbloxSignals.h, /home/ecl-109/uuv_ws/devel/include/ds_sensor_msgs/UbloxSignals.h)
Linked: (/home/ecl-109/uuv_ws/devel/.private/ds_sensor_msgs/include/ds_sensor_msgs/PhinsStatus.h, /home/ecl-109/uuv_ws/devel/include/ds_sensor_msgs/PhinsStatus.h)
Linked: (/home/ecl-109/uuv_ws/devel/.private/ds_sensor_msgs/include/ds_sensor_msgs/Frequency.h, /home/ecl-109/uuv_ws/devel/include/ds_sensor_msgs/Frequency.h)
Linked: (/home/ecl-109/uuv_ws/devel/.private/ds_sensor_msgs/include/ds_sensor_msgs/OxygenConcentration.h, /home/ecl-109/uuv_ws/devel/include/ds_sensor_msgs/OxygenConcentration.h)
Linked: (/home/ecl-109/uuv_ws/devel/.private/ds_sensor_msgs/lib/python3/dist-packages/ds_sensor_msgs/__init__.py, /home/ecl-109/uuv_ws/devel/lib/python3/dist-packages/ds_sensor_msgs/__init__.py)
Linked: (/home/ecl-109/uuv_ws/devel/.private/ds_sensor_msgs/lib/python3/dist-packages/ds_sensor_msgs/msg/_RdiPD0.py, /home/ecl-109/uuv_ws/devel/lib/python3/dist-packages/ds_sensor_msgs/msg/_RdiPD0.py)
Linked: (/home/ecl-109/uuv_ws/devel/.private/ds_sensor_msgs/lib/python3/dist-packages/ds_sensor_msgs/msg/_UbloxSignal.py, /home/ecl-109/uuv_ws/devel/lib/python3/dist-packages/ds_sensor_msgs/msg/_UbloxSignal.py)
Linked: (/home/ecl-109/uuv_ws/devel/.private/ds_sensor_msgs/lib/python3/dist-packages/ds_sensor_msgs/msg/_UbloxSatellite.py, /home/ecl-109/uuv_ws/devel/lib/python3/dist-packages/ds_sensor_msgs/msg/_UbloxSatellite.py)
Linked: (/home/ecl-109/uuv_ws/devel/.private/ds_sensor_msgs/lib/python3/dist-packages/ds_sensor_msgs/msg/_DepthPressure.py, /home/ecl-109/uuv_ws/devel/lib/python3/dist-packages/ds_sensor_msgs/msg/_DepthPressure.py)
Linked: (/home/ecl-109/uuv_ws/devel/.private/ds_sensor_msgs/lib/python3/dist-packages/ds_sensor_msgs/msg/_MemsImu.py, /home/ecl-109/uuv_ws/devel/lib/python3/dist-packages/ds_sensor_msgs/msg/_MemsImu.py)
Linked: (/home/ecl-109/uuv_ws/devel/.private/ds_sensor_msgs/lib/python3/dist-packages/ds_sensor_msgs/msg/_UbloxNav.py, /home/ecl-109/uuv_ws/devel/lib/python3/dist-packages/ds_sensor_msgs/msg/_UbloxNav.py)
Linked: (/home/ecl-109/uuv_ws/devel/.private/ds_sensor_msgs/lib/python3/dist-packages/ds_sensor_msgs/msg/_ForwardLookingStatus.py, /home/ecl-109/uuv_ws/devel/lib/python3/dist-packages/ds_sensor_msgs/msg/_ForwardLookingStatus.py)
Linked: (/home/ecl-109/uuv_ws/devel/.private/ds_sensor_msgs/lib/python3/dist-packages/ds_sensor_msgs/msg/_Ranges3D.py, /home/ecl-109/uuv_ws/devel/lib/python3/dist-packages/ds_sensor_msgs/msg/_Ranges3D.py)
Linked: (/home/ecl-109/uuv_ws/devel/.private/ds_sensor_msgs/lib/python3/dist-packages/ds_sensor_msgs/msg/_Velocity3D.py, /home/ecl-109/uuv_ws/devel/lib/python3/dist-packages/ds_sensor_msgs/msg/_Velocity3D.py)
Linked: (/home/ecl-109/uuv_ws/devel/.private/ds_sensor_msgs/lib/python3/dist-packages/ds_sensor_msgs/msg/_OxygenConcentration.py, /home/ecl-109/uuv_ws/devel/lib/python3/dist-packages/ds_sensor_msgs/msg/_OxygenConcentration.py)
Linked: (/home/ecl-109/uuv_ws/devel/.private/ds_sensor_msgs/lib/python3/dist-packages/ds_sensor_msgs/msg/_Gyro.py, /home/ecl-109/uuv_ws/devel/lib/python3/dist-packages/ds_sensor_msgs/msg/_Gyro.py)
Linked: (/home/ecl-109/uuv_ws/devel/.private/ds_sensor_msgs/lib/python3/dist-packages/ds_sensor_msgs/msg/_PhinsStandard.py, /home/ecl-109/uuv_ws/devel/lib/python3/dist-packages/ds_sensor_msgs/msg/_PhinsStandard.py)
Linked: (/home/ecl-109/uuv_ws/devel/.private/ds_sensor_msgs/lib/python3/dist-packages/ds_sensor_msgs/msg/_Range3D.py, /home/ecl-109/uuv_ws/devel/lib/python3/dist-packages/ds_sensor_msgs/msg/_Range3D.py)
Linked: (/home/ecl-109/uuv_ws/devel/.private/ds_sensor_msgs/lib/python3/dist-packages/ds_sensor_msgs/msg/_UbloxSatellites.py, /home/ecl-109/uuv_ws/devel/lib/python3/dist-packages/ds_sensor_msgs/msg/_UbloxSatellites.py)
Linked: (/home/ecl-109/uuv_ws/devel/.private/ds_sensor_msgs/lib/python3/dist-packages/ds_sensor_msgs/msg/_UbloxSignals.py, /home/ecl-109/uuv_ws/devel/lib/python3/dist-packages/ds_sensor_msgs/msg/_UbloxSignals.py)
Linked: (/home/ecl-109/uuv_ws/devel/.private/ds_sensor_msgs/lib/python3/dist-packages/ds_sensor_msgs/msg/_Frequency.py, /home/ecl-109/uuv_ws/devel/lib/python3/dist-packages/ds_sensor_msgs/msg/_Frequency.py)
Linked: (/home/ecl-109/uuv_ws/devel/.private/ds_sensor_msgs/lib/python3/dist-packages/ds_sensor_msgs/msg/_UbloxSurveyIn.py, /home/ecl-109/uuv_ws/devel/lib/python3/dist-packages/ds_sensor_msgs/msg/_UbloxSurveyIn.py)
Linked: (/home/ecl-109/uuv_ws/devel/.private/ds_sensor_msgs/lib/python3/dist-packages/ds_sensor_msgs/msg/_RdiPD5.py, /home/ecl-109/uuv_ws/devel/lib/python3/dist-packages/ds_sensor_msgs/msg/_RdiPD5.py)
Linked: (/home/ecl-109/uuv_ws/devel/.private/ds_sensor_msgs/lib/python3/dist-packages/ds_sensor_msgs/msg/_AcousticCurrentProfile.py, /home/ecl-109/uuv_ws/devel/lib/python3/dist-packages/ds_sensor_msgs/msg/_AcousticCurrentProfile.py)
Linked: (/home/ecl-109/uuv_ws/devel/.private/ds_sensor_msgs/lib/python3/dist-packages/ds_sensor_msgs/msg/_PhinsStatus.py, /home/ecl-109/uuv_ws/devel/lib/python3/dist-packages/ds_sensor_msgs/msg/_PhinsStatus.py)
Linked: (/home/ecl-109/uuv_ws/devel/.private/ds_sensor_msgs/lib/python3/dist-packages/ds_sensor_msgs/msg/_PhinsStdbin3.py, /home/ecl-109/uuv_ws/devel/lib/python3/dist-packages/ds_sensor_msgs/msg/_PhinsStdbin3.py)
Linked: (/home/ecl-109/uuv_ws/devel/.private/ds_sensor_msgs/lib/python3/dist-packages/ds_sensor_msgs/msg/_SoundSpeed.py, /home/ecl-109/uuv_ws/devel/lib/python3/dist-packages/ds_sensor_msgs/msg/_SoundSpeed.py)
Linked: (/home/ecl-109/uuv_ws/devel/.private/ds_sensor_msgs/lib/python3/dist-packages/ds_sensor_msgs/msg/__init__.py, /home/ecl-109/uuv_ws/devel/lib/python3/dist-packages/ds_sensor_msgs/msg/__init__.py)
Linked: (/home/ecl-109/uuv_ws/devel/.private/ds_sensor_msgs/lib/python3/dist-packages/ds_sensor_msgs/msg/_NortekDF21.py, /home/ecl-109/uuv_ws/devel/lib/python3/dist-packages/ds_sensor_msgs/msg/_NortekDF21.py)
Linked: (/home/ecl-109/uuv_ws/devel/.private/ds_sensor_msgs/lib/python3/dist-packages/ds_sensor_msgs/msg/_Ctd.py, /home/ecl-109/uuv_ws/devel/lib/python3/dist-packages/ds_sensor_msgs/msg/_Ctd.py)
Linked: (/home/ecl-109/uuv_ws/devel/.private/ds_sensor_msgs/lib/python3/dist-packages/ds_sensor_msgs/msg/_NortekVectorSystem.py, /home/ecl-109/uuv_ws/devel/lib/python3/dist-packages/ds_sensor_msgs/msg/_NortekVectorSystem.py)
Linked: (/home/ecl-109/uuv_ws/devel/.private/ds_sensor_msgs/lib/python3/dist-packages/ds_sensor_msgs/msg/_Dvl.py, /home/ecl-109/uuv_ws/devel/lib/python3/dist-packages/ds_sensor_msgs/msg/_Dvl.py)
Linked: (/home/ecl-109/uuv_ws/devel/.private/ds_sensor_msgs/lib/python3/dist-packages/ds_sensor_msgs/msg/_Ins.py, /home/ecl-109/uuv_ws/devel/lib/python3/dist-packages/ds_sensor_msgs/msg/_Ins.py)
Linked: (/home/ecl-109/uuv_ws/devel/.private/ds_sensor_msgs/lib/python3/dist-packages/ds_sensor_msgs/msg/_WaterCurrentProfile.py, /home/ecl-109/uuv_ws/devel/lib/python3/dist-packages/ds_sensor_msgs/msg/_WaterCurrentProfile.py)
Linked: (/home/ecl-109/uuv_ws/devel/.private/ds_sensor_msgs/lib/python3/dist-packages/ds_sensor_msgs/msg/_Compass.py, /home/ecl-109/uuv_ws/devel/lib/python3/dist-packages/ds_sensor_msgs/msg/_Compass.py)
Linked: (/home/ecl-109/uuv_ws/devel/.private/ds_sensor_msgs/lib/python3/dist-packages/ds_sensor_msgs/msg/_VectorMagneticField.py, /home/ecl-109/uuv_ws/devel/lib/python3/dist-packages/ds_sensor_msgs/msg/_VectorMagneticField.py)
Linked: (/home/ecl-109/uuv_ws/devel/.private/ds_sensor_msgs/lib/python3/dist-packages/ds_sensor_msgs/msg/_Adcp.py, /home/ecl-109/uuv_ws/devel/lib/python3/dist-packages/ds_sensor_msgs/msg/_Adcp.py)
Linked: (/home/ecl-109/uuv_ws/devel/.private/ds_sensor_msgs/lib/python3/dist-packages/ds_sensor_msgs/cfg/PhinsConfigConfig.py, /home/ecl-109/uuv_ws/devel/lib/python3/dist-packages/ds_sensor_msgs/cfg/PhinsConfigConfig.py)
Linked: (/home/ecl-109/uuv_ws/devel/.private/ds_sensor_msgs/lib/python3/dist-packages/ds_sensor_msgs/cfg/__init__.py, /home/ecl-109/uuv_ws/devel/lib/python3/dist-packages/ds_sensor_msgs/cfg/__init__.py)
Linked: (/home/ecl-109/uuv_ws/devel/.private/ds_sensor_msgs/lib/pkgconfig/ds_sensor_msgs.pc, /home/ecl-109/uuv_ws/devel/lib/pkgconfig/ds_sensor_msgs.pc)
Linked: (/home/ecl-109/uuv_ws/devel/.private/ds_sensor_msgs/share/roseus/ros/ds_sensor_msgs/manifest.l, /home/ecl-109/uuv_ws/devel/share/roseus/ros/ds_sensor_msgs/manifest.l)
Linked: (/home/ecl-109/uuv_ws/devel/.private/ds_sensor_msgs/share/roseus/ros/ds_sensor_msgs/msg/UbloxSatellite.l, /home/ecl-109/uuv_ws/devel/share/roseus/ros/ds_sensor_msgs/msg/UbloxSatellite.l)
Linked: (/home/ecl-109/uuv_ws/devel/.private/ds_sensor_msgs/share/roseus/ros/ds_sensor_msgs/msg/Ins.l, /home/ecl-109/uuv_ws/devel/share/roseus/ros/ds_sensor_msgs/msg/Ins.l)
Linked: (/home/ecl-109/uuv_ws/devel/.private/ds_sensor_msgs/share/roseus/ros/ds_sensor_msgs/msg/ForwardLookingStatus.l, /home/ecl-109/uuv_ws/devel/share/roseus/ros/ds_sensor_msgs/msg/ForwardLookingStatus.l)
Linked: (/home/ecl-109/uuv_ws/devel/.private/ds_sensor_msgs/share/roseus/ros/ds_sensor_msgs/msg/Ranges3D.l, /home/ecl-109/uuv_ws/devel/share/roseus/ros/ds_sensor_msgs/msg/Ranges3D.l)
Linked: (/home/ecl-109/uuv_ws/devel/.private/ds_sensor_msgs/share/roseus/ros/ds_sensor_msgs/msg/UbloxSignal.l, /home/ecl-109/uuv_ws/devel/share/roseus/ros/ds_sensor_msgs/msg/UbloxSignal.l)
Linked: (/home/ecl-109/uuv_ws/devel/.private/ds_sensor_msgs/share/roseus/ros/ds_sensor_msgs/msg/RdiPD0.l, /home/ecl-109/uuv_ws/devel/share/roseus/ros/ds_sensor_msgs/msg/RdiPD0.l)
Linked: (/home/ecl-109/uuv_ws/devel/.private/ds_sensor_msgs/share/roseus/ros/ds_sensor_msgs/msg/Frequency.l, /home/ecl-109/uuv_ws/devel/share/roseus/ros/ds_sensor_msgs/msg/Frequency.l)
Linked: (/home/ecl-109/uuv_ws/devel/.private/ds_sensor_msgs/share/roseus/ros/ds_sensor_msgs/msg/NortekDF21.l, /home/ecl-109/uuv_ws/devel/share/roseus/ros/ds_sensor_msgs/msg/NortekDF21.l)
Linked: (/home/ecl-109/uuv_ws/devel/.private/ds_sensor_msgs/share/roseus/ros/ds_sensor_msgs/msg/Range3D.l, /home/ecl-109/uuv_ws/devel/share/roseus/ros/ds_sensor_msgs/msg/Range3D.l)
Linked: (/home/ecl-109/uuv_ws/devel/.private/ds_sensor_msgs/share/roseus/ros/ds_sensor_msgs/msg/AcousticCurrentProfile.l, /home/ecl-109/uuv_ws/devel/share/roseus/ros/ds_sensor_msgs/msg/AcousticCurrentProfile.l)
Linked: (/home/ecl-109/uuv_ws/devel/.private/ds_sensor_msgs/share/roseus/ros/ds_sensor_msgs/msg/UbloxSignals.l, /home/ecl-109/uuv_ws/devel/share/roseus/ros/ds_sensor_msgs/msg/UbloxSignals.l)
Linked: (/home/ecl-109/uuv_ws/devel/.private/ds_sensor_msgs/share/roseus/ros/ds_sensor_msgs/msg/WaterCurrentProfile.l, /home/ecl-109/uuv_ws/devel/share/roseus/ros/ds_sensor_msgs/msg/WaterCurrentProfile.l)
Linked: (/home/ecl-109/uuv_ws/devel/.private/ds_sensor_msgs/share/roseus/ros/ds_sensor_msgs/msg/PhinsStatus.l, /home/ecl-109/uuv_ws/devel/share/roseus/ros/ds_sensor_msgs/msg/PhinsStatus.l)
Linked: (/home/ecl-109/uuv_ws/devel/.private/ds_sensor_msgs/share/roseus/ros/ds_sensor_msgs/msg/UbloxSurveyIn.l, /home/ecl-109/uuv_ws/devel/share/roseus/ros/ds_sensor_msgs/msg/UbloxSurveyIn.l)
Linked: (/home/ecl-109/uuv_ws/devel/.private/ds_sensor_msgs/share/roseus/ros/ds_sensor_msgs/msg/RdiPD5.l, /home/ecl-109/uuv_ws/devel/share/roseus/ros/ds_sensor_msgs/msg/RdiPD5.l)
Linked: (/home/ecl-109/uuv_ws/devel/.private/ds_sensor_msgs/share/roseus/ros/ds_sensor_msgs/msg/Ctd.l, /home/ecl-109/uuv_ws/devel/share/roseus/ros/ds_sensor_msgs/msg/Ctd.l)
Linked: (/home/ecl-109/uuv_ws/devel/.private/ds_sensor_msgs/share/roseus/ros/ds_sensor_msgs/msg/PhinsStdbin3.l, /home/ecl-109/uuv_ws/devel/share/roseus/ros/ds_sensor_msgs/msg/PhinsStdbin3.l)
Linked: (/home/ecl-109/uuv_ws/devel/.private/ds_sensor_msgs/share/roseus/ros/ds_sensor_msgs/msg/UbloxSatellites.l, /home/ecl-109/uuv_ws/devel/share/roseus/ros/ds_sensor_msgs/msg/UbloxSatellites.l)
Linked: (/home/ecl-109/uuv_ws/devel/.private/ds_sensor_msgs/share/roseus/ros/ds_sensor_msgs/msg/PhinsStandard.l, /home/ecl-109/uuv_ws/devel/share/roseus/ros/ds_sensor_msgs/msg/PhinsStandard.l)
Linked: (/home/ecl-109/uuv_ws/devel/.private/ds_sensor_msgs/share/roseus/ros/ds_sensor_msgs/msg/SoundSpeed.l, /home/ecl-109/uuv_ws/devel/share/roseus/ros/ds_sensor_msgs/msg/SoundSpeed.l)
Linked: (/home/ecl-109/uuv_ws/devel/.private/ds_sensor_msgs/share/roseus/ros/ds_sensor_msgs/msg/VectorMagneticField.l, /home/ecl-109/uuv_ws/devel/share/roseus/ros/ds_sensor_msgs/msg/VectorMagneticField.l)
Linked: (/home/ecl-109/uuv_ws/devel/.private/ds_sensor_msgs/share/roseus/ros/ds_sensor_msgs/msg/Velocity3D.l, /home/ecl-109/uuv_ws/devel/share/roseus/ros/ds_sensor_msgs/msg/Velocity3D.l)
Linked: (/home/ecl-109/uuv_ws/devel/.private/ds_sensor_msgs/share/roseus/ros/ds_sensor_msgs/msg/Adcp.l, /home/ecl-109/uuv_ws/devel/share/roseus/ros/ds_sensor_msgs/msg/Adcp.l)
Linked: (/home/ecl-109/uuv_ws/devel/.private/ds_sensor_msgs/share/roseus/ros/ds_sensor_msgs/msg/Dvl.l, /home/ecl-109/uuv_ws/devel/share/roseus/ros/ds_sensor_msgs/msg/Dvl.l)
Linked: (/home/ecl-109/uuv_ws/devel/.private/ds_sensor_msgs/share/roseus/ros/ds_sensor_msgs/msg/Gyro.l, /home/ecl-109/uuv_ws/devel/share/roseus/ros/ds_sensor_msgs/msg/Gyro.l)
Linked: (/home/ecl-109/uuv_ws/devel/.private/ds_sensor_msgs/share/roseus/ros/ds_sensor_msgs/msg/Compass.l, /home/ecl-109/uuv_ws/devel/share/roseus/ros/ds_sensor_msgs/msg/Compass.l)
Linked: (/home/ecl-109/uuv_ws/devel/.private/ds_sensor_msgs/share/roseus/ros/ds_sensor_msgs/msg/DepthPressure.l, /home/ecl-109/uuv_ws/devel/share/roseus/ros/ds_sensor_msgs/msg/DepthPressure.l)
Linked: (/home/ecl-109/uuv_ws/devel/.private/ds_sensor_msgs/share/roseus/ros/ds_sensor_msgs/msg/NortekVectorSystem.l, /home/ecl-109/uuv_ws/devel/share/roseus/ros/ds_sensor_msgs/msg/NortekVectorSystem.l)
Linked: (/home/ecl-109/uuv_ws/devel/.private/ds_sensor_msgs/share/roseus/ros/ds_sensor_msgs/msg/UbloxNav.l, /home/ecl-109/uuv_ws/devel/share/roseus/ros/ds_sensor_msgs/msg/UbloxNav.l)
Linked: (/home/ecl-109/uuv_ws/devel/.private/ds_sensor_msgs/share/roseus/ros/ds_sensor_msgs/msg/OxygenConcentration.l, /home/ecl-109/uuv_ws/devel/share/roseus/ros/ds_sensor_msgs/msg/OxygenConcentration.l)
Linked: (/home/ecl-109/uuv_ws/devel/.private/ds_sensor_msgs/share/roseus/ros/ds_sensor_msgs/msg/MemsImu.l, /home/ecl-109/uuv_ws/devel/share/roseus/ros/ds_sensor_msgs/msg/MemsImu.l)
Linked: (/home/ecl-109/uuv_ws/devel/.private/ds_sensor_msgs/share/gennodejs/ros/ds_sensor_msgs/_index.js, /home/ecl-109/uuv_ws/devel/share/gennodejs/ros/ds_sensor_msgs/_index.js)
Linked: (/home/ecl-109/uuv_ws/devel/.private/ds_sensor_msgs/share/gennodejs/ros/ds_sensor_msgs/msg/SoundSpeed.js, /home/ecl-109/uuv_ws/devel/share/gennodejs/ros/ds_sensor_msgs/msg/SoundSpeed.js)
Linked: (/home/ecl-109/uuv_ws/devel/.private/ds_sensor_msgs/share/gennodejs/ros/ds_sensor_msgs/msg/Range3D.js, /home/ecl-109/uuv_ws/devel/share/gennodejs/ros/ds_sensor_msgs/msg/Range3D.js)
Linked: (/home/ecl-109/uuv_ws/devel/.private/ds_sensor_msgs/share/gennodejs/ros/ds_sensor_msgs/msg/WaterCurrentProfile.js, /home/ecl-109/uuv_ws/devel/share/gennodejs/ros/ds_sensor_msgs/msg/WaterCurrentProfile.js)
Linked: (/home/ecl-109/uuv_ws/devel/.private/ds_sensor_msgs/share/gennodejs/ros/ds_sensor_msgs/msg/Velocity3D.js, /home/ecl-109/uuv_ws/devel/share/gennodejs/ros/ds_sensor_msgs/msg/Velocity3D.js)
Linked: (/home/ecl-109/uuv_ws/devel/.private/ds_sensor_msgs/share/gennodejs/ros/ds_sensor_msgs/msg/DepthPressure.js, /home/ecl-109/uuv_ws/devel/share/gennodejs/ros/ds_sensor_msgs/msg/DepthPressure.js)
Linked: (/home/ecl-109/uuv_ws/devel/.private/ds_sensor_msgs/share/gennodejs/ros/ds_sensor_msgs/msg/UbloxSurveyIn.js, /home/ecl-109/uuv_ws/devel/share/gennodejs/ros/ds_sensor_msgs/msg/UbloxSurveyIn.js)
Linked: (/home/ecl-109/uuv_ws/devel/.private/ds_sensor_msgs/share/gennodejs/ros/ds_sensor_msgs/msg/PhinsStdbin3.js, /home/ecl-109/uuv_ws/devel/share/gennodejs/ros/ds_sensor_msgs/msg/PhinsStdbin3.js)
Linked: (/home/ecl-109/uuv_ws/devel/.private/ds_sensor_msgs/share/gennodejs/ros/ds_sensor_msgs/msg/Ctd.js, /home/ecl-109/uuv_ws/devel/share/gennodejs/ros/ds_sensor_msgs/msg/Ctd.js)
Linked: (/home/ecl-109/uuv_ws/devel/.private/ds_sensor_msgs/share/gennodejs/ros/ds_sensor_msgs/msg/OxygenConcentration.js, /home/ecl-109/uuv_ws/devel/share/gennodejs/ros/ds_sensor_msgs/msg/OxygenConcentration.js)
Linked: (/home/ecl-109/uuv_ws/devel/.private/ds_sensor_msgs/share/gennodejs/ros/ds_sensor_msgs/msg/NortekVectorSystem.js, /home/ecl-109/uuv_ws/devel/share/gennodejs/ros/ds_sensor_msgs/msg/NortekVectorSystem.js)
Linked: (/home/ecl-109/uuv_ws/devel/.private/ds_sensor_msgs/share/gennodejs/ros/ds_sensor_msgs/msg/Gyro.js, /home/ecl-109/uuv_ws/devel/share/gennodejs/ros/ds_sensor_msgs/msg/Gyro.js)
Linked: (/home/ecl-109/uuv_ws/devel/.private/ds_sensor_msgs/share/gennodejs/ros/ds_sensor_msgs/msg/PhinsStatus.js, /home/ecl-109/uuv_ws/devel/share/gennodejs/ros/ds_sensor_msgs/msg/PhinsStatus.js)
Linked: (/home/ecl-109/uuv_ws/devel/.private/ds_sensor_msgs/share/gennodejs/ros/ds_sensor_msgs/msg/RdiPD0.js, /home/ecl-109/uuv_ws/devel/share/gennodejs/ros/ds_sensor_msgs/msg/RdiPD0.js)
Linked: (/home/ecl-109/uuv_ws/devel/.private/ds_sensor_msgs/share/gennodejs/ros/ds_sensor_msgs/msg/NortekDF21.js, /home/ecl-109/uuv_ws/devel/share/gennodejs/ros/ds_sensor_msgs/msg/NortekDF21.js)
Linked: (/home/ecl-109/uuv_ws/devel/.private/ds_sensor_msgs/share/gennodejs/ros/ds_sensor_msgs/msg/Adcp.js, /home/ecl-109/uuv_ws/devel/share/gennodejs/ros/ds_sensor_msgs/msg/Adcp.js)
Linked: (/home/ecl-109/uuv_ws/devel/.private/ds_sensor_msgs/share/gennodejs/ros/ds_sensor_msgs/msg/UbloxSatellite.js, /home/ecl-109/uuv_ws/devel/share/gennodejs/ros/ds_sensor_msgs/msg/UbloxSatellite.js)
Linked: (/home/ecl-109/uuv_ws/devel/.private/ds_sensor_msgs/share/gennodejs/ros/ds_sensor_msgs/msg/Frequency.js, /home/ecl-109/uuv_ws/devel/share/gennodejs/ros/ds_sensor_msgs/msg/Frequency.js)
Linked: (/home/ecl-109/uuv_ws/devel/.private/ds_sensor_msgs/share/gennodejs/ros/ds_sensor_msgs/msg/RdiPD5.js, /home/ecl-109/uuv_ws/devel/share/gennodejs/ros/ds_sensor_msgs/msg/RdiPD5.js)
Linked: (/home/ecl-109/uuv_ws/devel/.private/ds_sensor_msgs/share/gennodejs/ros/ds_sensor_msgs/msg/Ins.js, /home/ecl-109/uuv_ws/devel/share/gennodejs/ros/ds_sensor_msgs/msg/Ins.js)
Linked: (/home/ecl-109/uuv_ws/devel/.private/ds_sensor_msgs/share/gennodejs/ros/ds_sensor_msgs/msg/Compass.js, /home/ecl-109/uuv_ws/devel/share/gennodejs/ros/ds_sensor_msgs/msg/Compass.js)
Linked: (/home/ecl-109/uuv_ws/devel/.private/ds_sensor_msgs/share/gennodejs/ros/ds_sensor_msgs/msg/Dvl.js, /home/ecl-109/uuv_ws/devel/share/gennodejs/ros/ds_sensor_msgs/msg/Dvl.js)
Linked: (/home/ecl-109/uuv_ws/devel/.private/ds_sensor_msgs/share/gennodejs/ros/ds_sensor_msgs/msg/AcousticCurrentProfile.js, /home/ecl-109/uuv_ws/devel/share/gennodejs/ros/ds_sensor_msgs/msg/AcousticCurrentProfile.js)
Linked: (/home/ecl-109/uuv_ws/devel/.private/ds_sensor_msgs/share/gennodejs/ros/ds_sensor_msgs/msg/ForwardLookingStatus.js, /home/ecl-109/uuv_ws/devel/share/gennodejs/ros/ds_sensor_msgs/msg/ForwardLookingStatus.js)
Linked: (/home/ecl-109/uuv_ws/devel/.private/ds_sensor_msgs/share/gennodejs/ros/ds_sensor_msgs/msg/UbloxNav.js, /home/ecl-109/uuv_ws/devel/share/gennodejs/ros/ds_sensor_msgs/msg/UbloxNav.js)
Linked: (/home/ecl-109/uuv_ws/devel/.private/ds_sensor_msgs/share/gennodejs/ros/ds_sensor_msgs/msg/Ranges3D.js, /home/ecl-109/uuv_ws/devel/share/gennodejs/ros/ds_sensor_msgs/msg/Ranges3D.js)
Linked: (/home/ecl-109/uuv_ws/devel/.private/ds_sensor_msgs/share/gennodejs/ros/ds_sensor_msgs/msg/MemsImu.js, /home/ecl-109/uuv_ws/devel/share/gennodejs/ros/ds_sensor_msgs/msg/MemsImu.js)
Linked: (/home/ecl-109/uuv_ws/devel/.private/ds_sensor_msgs/share/gennodejs/ros/ds_sensor_msgs/msg/UbloxSignal.js, /home/ecl-109/uuv_ws/devel/share/gennodejs/ros/ds_sensor_msgs/msg/UbloxSignal.js)
Linked: (/home/ecl-109/uuv_ws/devel/.private/ds_sensor_msgs/share/gennodejs/ros/ds_sensor_msgs/msg/_index.js, /home/ecl-109/uuv_ws/devel/share/gennodejs/ros/ds_sensor_msgs/msg/_index.js)
Linked: (/home/ecl-109/uuv_ws/devel/.private/ds_sensor_msgs/share/gennodejs/ros/ds_sensor_msgs/msg/UbloxSatellites.js, /home/ecl-109/uuv_ws/devel/share/gennodejs/ros/ds_sensor_msgs/msg/UbloxSatellites.js)
Linked: (/home/ecl-109/uuv_ws/devel/.private/ds_sensor_msgs/share/gennodejs/ros/ds_sensor_msgs/msg/VectorMagneticField.js, /home/ecl-109/uuv_ws/devel/share/gennodejs/ros/ds_sensor_msgs/msg/VectorMagneticField.js)
Linked: (/home/ecl-109/uuv_ws/devel/.private/ds_sensor_msgs/share/gennodejs/ros/ds_sensor_msgs/msg/UbloxSignals.js, /home/ecl-109/uuv_ws/devel/share/gennodejs/ros/ds_sensor_msgs/msg/UbloxSignals.js)
Linked: (/home/ecl-109/uuv_ws/devel/.private/ds_sensor_msgs/share/gennodejs/ros/ds_sensor_msgs/msg/PhinsStandard.js, /home/ecl-109/uuv_ws/devel/share/gennodejs/ros/ds_sensor_msgs/msg/PhinsStandard.js)
Linked: (/home/ecl-109/uuv_ws/devel/.private/ds_sensor_msgs/share/ds_sensor_msgs/docs/PhinsConfigConfig.wikidoc, /home/ecl-109/uuv_ws/devel/share/ds_sensor_msgs/docs/PhinsConfigConfig.wikidoc)
Linked: (/home/ecl-109/uuv_ws/devel/.private/ds_sensor_msgs/share/ds_sensor_msgs/docs/PhinsConfigConfig.dox, /home/ecl-109/uuv_ws/devel/share/ds_sensor_msgs/docs/PhinsConfigConfig.dox)
Linked: (/home/ecl-109/uuv_ws/devel/.private/ds_sensor_msgs/share/ds_sensor_msgs/docs/PhinsConfigConfig-usage.dox, /home/ecl-109/uuv_ws/devel/share/ds_sensor_msgs/docs/PhinsConfigConfig-usage.dox)
Linked: (/home/ecl-109/uuv_ws/devel/.private/ds_sensor_msgs/share/ds_sensor_msgs/cmake/ds_sensor_msgs-msg-extras.cmake, /home/ecl-109/uuv_ws/devel/share/ds_sensor_msgs/cmake/ds_sensor_msgs-msg-extras.cmake)
Linked: (/home/ecl-109/uuv_ws/devel/.private/ds_sensor_msgs/share/ds_sensor_msgs/cmake/ds_sensor_msgsConfig-version.cmake, /home/ecl-109/uuv_ws/devel/share/ds_sensor_msgs/cmake/ds_sensor_msgsConfig-version.cmake)
Linked: (/home/ecl-109/uuv_ws/devel/.private/ds_sensor_msgs/share/ds_sensor_msgs/cmake/ds_sensor_msgsConfig.cmake, /home/ecl-109/uuv_ws/devel/share/ds_sensor_msgs/cmake/ds_sensor_msgsConfig.cmake)
Linked: (/home/ecl-109/uuv_ws/devel/.private/ds_sensor_msgs/share/ds_sensor_msgs/cmake/ds_sensor_msgs-msg-paths.cmake, /home/ecl-109/uuv_ws/devel/share/ds_sensor_msgs/cmake/ds_sensor_msgs-msg-paths.cmake)
Linked: (/home/ecl-109/uuv_ws/devel/.private/ds_sensor_msgs/share/common-lisp/ros/ds_sensor_msgs/msg/ForwardLookingStatus.lisp, /home/ecl-109/uuv_ws/devel/share/common-lisp/ros/ds_sensor_msgs/msg/ForwardLookingStatus.lisp)
Linked: (/home/ecl-109/uuv_ws/devel/.private/ds_sensor_msgs/share/common-lisp/ros/ds_sensor_msgs/msg/UbloxSatellites.lisp, /home/ecl-109/uuv_ws/devel/share/common-lisp/ros/ds_sensor_msgs/msg/UbloxSatellites.lisp)
Linked: (/home/ecl-109/uuv_ws/devel/.private/ds_sensor_msgs/share/common-lisp/ros/ds_sensor_msgs/msg/_package_SoundSpeed.lisp, /home/ecl-109/uuv_ws/devel/share/common-lisp/ros/ds_sensor_msgs/msg/_package_SoundSpeed.lisp)
Linked: (/home/ecl-109/uuv_ws/devel/.private/ds_sensor_msgs/share/common-lisp/ros/ds_sensor_msgs/msg/_package_Ins.lisp, /home/ecl-109/uuv_ws/devel/share/common-lisp/ros/ds_sensor_msgs/msg/_package_Ins.lisp)
Linked: (/home/ecl-109/uuv_ws/devel/.private/ds_sensor_msgs/share/common-lisp/ros/ds_sensor_msgs/msg/_package_Ctd.lisp, /home/ecl-109/uuv_ws/devel/share/common-lisp/ros/ds_sensor_msgs/msg/_package_Ctd.lisp)
Linked: (/home/ecl-109/uuv_ws/devel/.private/ds_sensor_msgs/share/common-lisp/ros/ds_sensor_msgs/msg/_package_UbloxSurveyIn.lisp, /home/ecl-109/uuv_ws/devel/share/common-lisp/ros/ds_sensor_msgs/msg/_package_UbloxSurveyIn.lisp)
Linked: (/home/ecl-109/uuv_ws/devel/.private/ds_sensor_msgs/share/common-lisp/ros/ds_sensor_msgs/msg/UbloxNav.lisp, /home/ecl-109/uuv_ws/devel/share/common-lisp/ros/ds_sensor_msgs/msg/UbloxNav.lisp)
Linked: (/home/ecl-109/uuv_ws/devel/.private/ds_sensor_msgs/share/common-lisp/ros/ds_sensor_msgs/msg/_package_ForwardLookingStatus.lisp, /home/ecl-109/uuv_ws/devel/share/common-lisp/ros/ds_sensor_msgs/msg/_package_ForwardLookingStatus.lisp)
Linked: (/home/ecl-109/uuv_ws/devel/.private/ds_sensor_msgs/share/common-lisp/ros/ds_sensor_msgs/msg/UbloxSignal.lisp, /home/ecl-109/uuv_ws/devel/share/common-lisp/ros/ds_sensor_msgs/msg/UbloxSignal.lisp)
Linked: (/home/ecl-109/uuv_ws/devel/.private/ds_sensor_msgs/share/common-lisp/ros/ds_sensor_msgs/msg/DepthPressure.lisp, /home/ecl-109/uuv_ws/devel/share/common-lisp/ros/ds_sensor_msgs/msg/DepthPressure.lisp)
Linked: (/home/ecl-109/uuv_ws/devel/.private/ds_sensor_msgs/share/common-lisp/ros/ds_sensor_msgs/msg/_package_Gyro.lisp, /home/ecl-109/uuv_ws/devel/share/common-lisp/ros/ds_sensor_msgs/msg/_package_Gyro.lisp)
Linked: (/home/ecl-109/uuv_ws/devel/.private/ds_sensor_msgs/share/common-lisp/ros/ds_sensor_msgs/msg/Ranges3D.lisp, /home/ecl-109/uuv_ws/devel/share/common-lisp/ros/ds_sensor_msgs/msg/Ranges3D.lisp)
Linked: (/home/ecl-109/uuv_ws/devel/.private/ds_sensor_msgs/share/common-lisp/ros/ds_sensor_msgs/msg/UbloxSatellite.lisp, /home/ecl-109/uuv_ws/devel/share/common-lisp/ros/ds_sensor_msgs/msg/UbloxSatellite.lisp)
Linked: (/home/ecl-109/uuv_ws/devel/.private/ds_sensor_msgs/share/common-lisp/ros/ds_sensor_msgs/msg/_package_NortekDF21.lisp, /home/ecl-109/uuv_ws/devel/share/common-lisp/ros/ds_sensor_msgs/msg/_package_NortekDF21.lisp)
Linked: (/home/ecl-109/uuv_ws/devel/.private/ds_sensor_msgs/share/common-lisp/ros/ds_sensor_msgs/msg/UbloxSurveyIn.lisp, /home/ecl-109/uuv_ws/devel/share/common-lisp/ros/ds_sensor_msgs/msg/UbloxSurveyIn.lisp)
Linked: (/home/ecl-109/uuv_ws/devel/.private/ds_sensor_msgs/share/common-lisp/ros/ds_sensor_msgs/msg/_package_RdiPD5.lisp, /home/ecl-109/uuv_ws/devel/share/common-lisp/ros/ds_sensor_msgs/msg/_package_RdiPD5.lisp)
Linked: (/home/ecl-109/uuv_ws/devel/.private/ds_sensor_msgs/share/common-lisp/ros/ds_sensor_msgs/msg/_package_UbloxSatellite.lisp, /home/ecl-109/uuv_ws/devel/share/common-lisp/ros/ds_sensor_msgs/msg/_package_UbloxSatellite.lisp)
Linked: (/home/ecl-109/uuv_ws/devel/.private/ds_sensor_msgs/share/common-lisp/ros/ds_sensor_msgs/msg/UbloxSignals.lisp, /home/ecl-109/uuv_ws/devel/share/common-lisp/ros/ds_sensor_msgs/msg/UbloxSignals.lisp)
Linked: (/home/ecl-109/uuv_ws/devel/.private/ds_sensor_msgs/share/common-lisp/ros/ds_sensor_msgs/msg/_package_OxygenConcentration.lisp, /home/ecl-109/uuv_ws/devel/share/common-lisp/ros/ds_sensor_msgs/msg/_package_OxygenConcentration.lisp)
Linked: (/home/ecl-109/uuv_ws/devel/.private/ds_sensor_msgs/share/common-lisp/ros/ds_sensor_msgs/msg/Gyro.lisp, /home/ecl-109/uuv_ws/devel/share/common-lisp/ros/ds_sensor_msgs/msg/Gyro.lisp)
Linked: (/home/ecl-109/uuv_ws/devel/.private/ds_sensor_msgs/share/common-lisp/ros/ds_sensor_msgs/msg/SoundSpeed.lisp, /home/ecl-109/uuv_ws/devel/share/common-lisp/ros/ds_sensor_msgs/msg/SoundSpeed.lisp)
Linked: (/home/ecl-109/uuv_ws/devel/.private/ds_sensor_msgs/share/common-lisp/ros/ds_sensor_msgs/msg/_package_UbloxNav.lisp, /home/ecl-109/uuv_ws/devel/share/common-lisp/ros/ds_sensor_msgs/msg/_package_UbloxNav.lisp)
Linked: (/home/ecl-109/uuv_ws/devel/.private/ds_sensor_msgs/share/common-lisp/ros/ds_sensor_msgs/msg/_package_AcousticCurrentProfile.lisp, /home/ecl-109/uuv_ws/devel/share/common-lisp/ros/ds_sensor_msgs/msg/_package_AcousticCurrentProfile.lisp)
Linked: (/home/ecl-109/uuv_ws/devel/.private/ds_sensor_msgs/share/common-lisp/ros/ds_sensor_msgs/msg/_package_UbloxSignal.lisp, /home/ecl-109/uuv_ws/devel/share/common-lisp/ros/ds_sensor_msgs/msg/_package_UbloxSignal.lisp)
Linked: (/home/ecl-109/uuv_ws/devel/.private/ds_sensor_msgs/share/common-lisp/ros/ds_sensor_msgs/msg/Range3D.lisp, /home/ecl-109/uuv_ws/devel/share/common-lisp/ros/ds_sensor_msgs/msg/Range3D.lisp)
Linked: (/home/ecl-109/uuv_ws/devel/.private/ds_sensor_msgs/share/common-lisp/ros/ds_sensor_msgs/msg/AcousticCurrentProfile.lisp, /home/ecl-109/uuv_ws/devel/share/common-lisp/ros/ds_sensor_msgs/msg/AcousticCurrentProfile.lisp)
Linked: (/home/ecl-109/uuv_ws/devel/.private/ds_sensor_msgs/share/common-lisp/ros/ds_sensor_msgs/msg/_package_DepthPressure.lisp, /home/ecl-109/uuv_ws/devel/share/common-lisp/ros/ds_sensor_msgs/msg/_package_DepthPressure.lisp)
Linked: (/home/ecl-109/uuv_ws/devel/.private/ds_sensor_msgs/share/common-lisp/ros/ds_sensor_msgs/msg/Dvl.lisp, /home/ecl-109/uuv_ws/devel/share/common-lisp/ros/ds_sensor_msgs/msg/Dvl.lisp)
Linked: (/home/ecl-109/uuv_ws/devel/.private/ds_sensor_msgs/share/common-lisp/ros/ds_sensor_msgs/msg/_package_Velocity3D.lisp, /home/ecl-109/uuv_ws/devel/share/common-lisp/ros/ds_sensor_msgs/msg/_package_Velocity3D.lisp)
Linked: (/home/ecl-109/uuv_ws/devel/.private/ds_sensor_msgs/share/common-lisp/ros/ds_sensor_msgs/msg/NortekVectorSystem.lisp, /home/ecl-109/uuv_ws/devel/share/common-lisp/ros/ds_sensor_msgs/msg/NortekVectorSystem.lisp)
Linked: (/home/ecl-109/uuv_ws/devel/.private/ds_sensor_msgs/share/common-lisp/ros/ds_sensor_msgs/msg/_package_NortekVectorSystem.lisp, /home/ecl-109/uuv_ws/devel/share/common-lisp/ros/ds_sensor_msgs/msg/_package_NortekVectorSystem.lisp)
Linked: (/home/ecl-109/uuv_ws/devel/.private/ds_sensor_msgs/share/common-lisp/ros/ds_sensor_msgs/msg/_package_PhinsStdbin3.lisp, /home/ecl-109/uuv_ws/devel/share/common-lisp/ros/ds_sensor_msgs/msg/_package_PhinsStdbin3.lisp)
Linked: (/home/ecl-109/uuv_ws/devel/.private/ds_sensor_msgs/share/common-lisp/ros/ds_sensor_msgs/msg/_package_Ranges3D.lisp, /home/ecl-109/uuv_ws/devel/share/common-lisp/ros/ds_sensor_msgs/msg/_package_Ranges3D.lisp)
Linked: (/home/ecl-109/uuv_ws/devel/.private/ds_sensor_msgs/share/common-lisp/ros/ds_sensor_msgs/msg/_package_Range3D.lisp, /home/ecl-109/uuv_ws/devel/share/common-lisp/ros/ds_sensor_msgs/msg/_package_Range3D.lisp)
Linked: (/home/ecl-109/uuv_ws/devel/.private/ds_sensor_msgs/share/common-lisp/ros/ds_sensor_msgs/msg/RdiPD5.lisp, /home/ecl-109/uuv_ws/devel/share/common-lisp/ros/ds_sensor_msgs/msg/RdiPD5.lisp)
Linked: (/home/ecl-109/uuv_ws/devel/.private/ds_sensor_msgs/share/common-lisp/ros/ds_sensor_msgs/msg/OxygenConcentration.lisp, /home/ecl-109/uuv_ws/devel/share/common-lisp/ros/ds_sensor_msgs/msg/OxygenConcentration.lisp)
Linked: (/home/ecl-109/uuv_ws/devel/.private/ds_sensor_msgs/share/common-lisp/ros/ds_sensor_msgs/msg/Frequency.lisp, /home/ecl-109/uuv_ws/devel/share/common-lisp/ros/ds_sensor_msgs/msg/Frequency.lisp)
Linked: (/home/ecl-109/uuv_ws/devel/.private/ds_sensor_msgs/share/common-lisp/ros/ds_sensor_msgs/msg/_package_MemsImu.lisp, /home/ecl-109/uuv_ws/devel/share/common-lisp/ros/ds_sensor_msgs/msg/_package_MemsImu.lisp)
Linked: (/home/ecl-109/uuv_ws/devel/.private/ds_sensor_msgs/share/common-lisp/ros/ds_sensor_msgs/msg/_package_Dvl.lisp, /home/ecl-109/uuv_ws/devel/share/common-lisp/ros/ds_sensor_msgs/msg/_package_Dvl.lisp)
Linked: (/home/ecl-109/uuv_ws/devel/.private/ds_sensor_msgs/share/common-lisp/ros/ds_sensor_msgs/msg/ds_sensor_msgs-msg.asd, /home/ecl-109/uuv_ws/devel/share/common-lisp/ros/ds_sensor_msgs/msg/ds_sensor_msgs-msg.asd)
Linked: (/home/ecl-109/uuv_ws/devel/.private/ds_sensor_msgs/share/common-lisp/ros/ds_sensor_msgs/msg/_package_VectorMagneticField.lisp, /home/ecl-109/uuv_ws/devel/share/common-lisp/ros/ds_sensor_msgs/msg/_package_VectorMagneticField.lisp)
Linked: (/home/ecl-109/uuv_ws/devel/.private/ds_sensor_msgs/share/common-lisp/ros/ds_sensor_msgs/msg/PhinsStatus.lisp, /home/ecl-109/uuv_ws/devel/share/common-lisp/ros/ds_sensor_msgs/msg/PhinsStatus.lisp)
Linked: (/home/ecl-109/uuv_ws/devel/.private/ds_sensor_msgs/share/common-lisp/ros/ds_sensor_msgs/msg/_package_UbloxSignals.lisp, /home/ecl-109/uuv_ws/devel/share/common-lisp/ros/ds_sensor_msgs/msg/_package_UbloxSignals.lisp)
Linked: (/home/ecl-109/uuv_ws/devel/.private/ds_sensor_msgs/share/common-lisp/ros/ds_sensor_msgs/msg/_package.lisp, /home/ecl-109/uuv_ws/devel/share/common-lisp/ros/ds_sensor_msgs/msg/_package.lisp)
Linked: (/home/ecl-109/uuv_ws/devel/.private/ds_sensor_msgs/share/common-lisp/ros/ds_sensor_msgs/msg/Ins.lisp, /home/ecl-109/uuv_ws/devel/share/common-lisp/ros/ds_sensor_msgs/msg/Ins.lisp)
Linked: (/home/ecl-109/uuv_ws/devel/.private/ds_sensor_msgs/share/common-lisp/ros/ds_sensor_msgs/msg/_package_Compass.lisp, /home/ecl-109/uuv_ws/devel/share/common-lisp/ros/ds_sensor_msgs/msg/_package_Compass.lisp)
Linked: (/home/ecl-109/uuv_ws/devel/.private/ds_sensor_msgs/share/common-lisp/ros/ds_sensor_msgs/msg/PhinsStdbin3.lisp, /home/ecl-109/uuv_ws/devel/share/common-lisp/ros/ds_sensor_msgs/msg/PhinsStdbin3.lisp)
Linked: (/home/ecl-109/uuv_ws/devel/.private/ds_sensor_msgs/share/common-lisp/ros/ds_sensor_msgs/msg/RdiPD0.lisp, /home/ecl-109/uuv_ws/devel/share/common-lisp/ros/ds_sensor_msgs/msg/RdiPD0.lisp)
Linked: (/home/ecl-109/uuv_ws/devel/.private/ds_sensor_msgs/share/common-lisp/ros/ds_sensor_msgs/msg/_package_UbloxSatellites.lisp, /home/ecl-109/uuv_ws/devel/share/common-lisp/ros/ds_sensor_msgs/msg/_package_UbloxSatellites.lisp)
Linked: (/home/ecl-109/uuv_ws/devel/.private/ds_sensor_msgs/share/common-lisp/ros/ds_sensor_msgs/msg/_package_PhinsStatus.lisp, /home/ecl-109/uuv_ws/devel/share/common-lisp/ros/ds_sensor_msgs/msg/_package_PhinsStatus.lisp)
Linked: (/home/ecl-109/uuv_ws/devel/.private/ds_sensor_msgs/share/common-lisp/ros/ds_sensor_msgs/msg/MemsImu.lisp, /home/ecl-109/uuv_ws/devel/share/common-lisp/ros/ds_sensor_msgs/msg/MemsImu.lisp)
Linked: (/home/ecl-109/uuv_ws/devel/.private/ds_sensor_msgs/share/common-lisp/ros/ds_sensor_msgs/msg/Compass.lisp, /home/ecl-109/uuv_ws/devel/share/common-lisp/ros/ds_sensor_msgs/msg/Compass.lisp)
Linked: (/home/ecl-109/uuv_ws/devel/.private/ds_sensor_msgs/share/common-lisp/ros/ds_sensor_msgs/msg/_package_Frequency.lisp, /home/ecl-109/uuv_ws/devel/share/common-lisp/ros/ds_sensor_msgs/msg/_package_Frequency.lisp)
Linked: (/home/ecl-109/uuv_ws/devel/.private/ds_sensor_msgs/share/common-lisp/ros/ds_sensor_msgs/msg/VectorMagneticField.lisp, /home/ecl-109/uuv_ws/devel/share/common-lisp/ros/ds_sensor_msgs/msg/VectorMagneticField.lisp)
Linked: (/home/ecl-109/uuv_ws/devel/.private/ds_sensor_msgs/share/common-lisp/ros/ds_sensor_msgs/msg/WaterCurrentProfile.lisp, /home/ecl-109/uuv_ws/devel/share/common-lisp/ros/ds_sensor_msgs/msg/WaterCurrentProfile.lisp)
Linked: (/home/ecl-109/uuv_ws/devel/.private/ds_sensor_msgs/share/common-lisp/ros/ds_sensor_msgs/msg/_package_WaterCurrentProfile.lisp, /home/ecl-109/uuv_ws/devel/share/common-lisp/ros/ds_sensor_msgs/msg/_package_WaterCurrentProfile.lisp)
Linked: (/home/ecl-109/uuv_ws/devel/.private/ds_sensor_msgs/share/common-lisp/ros/ds_sensor_msgs/msg/NortekDF21.lisp, /home/ecl-109/uuv_ws/devel/share/common-lisp/ros/ds_sensor_msgs/msg/NortekDF21.lisp)
Linked: (/home/ecl-109/uuv_ws/devel/.private/ds_sensor_msgs/share/common-lisp/ros/ds_sensor_msgs/msg/_package_PhinsStandard.lisp, /home/ecl-109/uuv_ws/devel/share/common-lisp/ros/ds_sensor_msgs/msg/_package_PhinsStandard.lisp)
Linked: (/home/ecl-109/uuv_ws/devel/.private/ds_sensor_msgs/share/common-lisp/ros/ds_sensor_msgs/msg/PhinsStandard.lisp, /home/ecl-109/uuv_ws/devel/share/common-lisp/ros/ds_sensor_msgs/msg/PhinsStandard.lisp)
Linked: (/home/ecl-109/uuv_ws/devel/.private/ds_sensor_msgs/share/common-lisp/ros/ds_sensor_msgs/msg/Adcp.lisp, /home/ecl-109/uuv_ws/devel/share/common-lisp/ros/ds_sensor_msgs/msg/Adcp.lisp)
Linked: (/home/ecl-109/uuv_ws/devel/.private/ds_sensor_msgs/share/common-lisp/ros/ds_sensor_msgs/msg/_package_RdiPD0.lisp, /home/ecl-109/uuv_ws/devel/share/common-lisp/ros/ds_sensor_msgs/msg/_package_RdiPD0.lisp)
Linked: (/home/ecl-109/uuv_ws/devel/.private/ds_sensor_msgs/share/common-lisp/ros/ds_sensor_msgs/msg/_package_Adcp.lisp, /home/ecl-109/uuv_ws/devel/share/common-lisp/ros/ds_sensor_msgs/msg/_package_Adcp.lisp)
Linked: (/home/ecl-109/uuv_ws/devel/.private/ds_sensor_msgs/share/common-lisp/ros/ds_sensor_msgs/msg/Velocity3D.lisp, /home/ecl-109/uuv_ws/devel/share/common-lisp/ros/ds_sensor_msgs/msg/Velocity3D.lisp)
Linked: (/home/ecl-109/uuv_ws/devel/.private/ds_sensor_msgs/share/common-lisp/ros/ds_sensor_msgs/msg/Ctd.lisp, /home/ecl-109/uuv_ws/devel/share/common-lisp/ros/ds_sensor_msgs/msg/Ctd.lisp)
