[  4%] Built target octomap_server_gencfg
[  8%] [32m[1mLinking CXX shared library /home/ecl-109/uuv_ws/devel/.private/octomap_server/lib/liboctomap_server.so[0m
[ 12%] [32m[1mLinking CXX shared library /home/ecl-109/uuv_ws/devel/.private/octomap_server/lib/liboctomap_server_color.so[0m
[ 24%] Built target octomap_server
[ 36%] Built target octomap_server_color
[ 40%] [32m[1mLinking CXX shared library /home/ecl-109/uuv_ws/devel/.private/octomap_server/lib/liboctomap_server_nodelet.so[0m
[ 44%] Built target octomap_server_nodelet
[ 48%] [32m[1mLinking CXX executable /home/ecl-109/uuv_ws/devel/.private/octomap_server/lib/octomap_server/octomap_saver[0m
[ 52%] Built target octomap_saver
[ 56%] [32m[1mLinking CXX executable /home/ecl-109/uuv_ws/devel/.private/octomap_server/lib/octomap_server/octomap_server_static[0m
[ 60%] Built target octomap_server_static
[ 64%] [32m[1mLinking CXX executable /home/ecl-109/uuv_ws/devel/.private/octomap_server/lib/octomap_server/octomap_color_server_node[0m
[ 68%] Built target octomap_color_server_node
[ 72%] [32m[1mLinking CXX executable /home/ecl-109/uuv_ws/devel/.private/octomap_server/lib/octomap_server/octomap_server_node[0m
[ 76%] Built target octomap_server_node
[ 80%] [32m[1mLinking CXX shared library /home/ecl-109/uuv_ws/devel/.private/octomap_server/lib/liboctomap_color_server_nodelet.so[0m
[ 84%] Built target octomap_color_server_nodelet
[ 88%] [32m[1mLinking CXX executable /home/ecl-109/uuv_ws/devel/.private/octomap_server/lib/octomap_server/octomap_tracking_server_node[0m
[ 92%] Built target octomap_tracking_server_node
[ 96%] [32m[1mLinking CXX executable /home/ecl-109/uuv_ws/devel/.private/octomap_server/lib/octomap_server/octomap_server_multilayer[0m
[100%] Built target octomap_server_multilayer
