Linked: (/home/ecl-109/uuv_ws/devel/.private/ds_ocomms_msgs/include/ds_ocomms_msgs/PingCmdRequest.h, /home/ecl-109/uuv_ws/devel/include/ds_ocomms_msgs/PingCmdRequest.h)
Linked: (/home/ecl-109/uuv_ws/devel/.private/ds_ocomms_msgs/include/ds_ocomms_msgs/XfrStatus.h, /home/ecl-109/uuv_ws/devel/include/ds_ocomms_msgs/XfrStatus.h)
Linked: (/home/ecl-109/uuv_ws/devel/.private/ds_ocomms_msgs/include/ds_ocomms_msgs/ModemStatus.h, /home/ecl-109/uuv_ws/devel/include/ds_ocomms_msgs/ModemStatus.h)
Linked: (/home/ecl-109/uuv_ws/devel/.private/ds_ocomms_msgs/include/ds_ocomms_msgs/QueryCmd.h, /home/ecl-109/uuv_ws/devel/include/ds_ocomms_msgs/QueryCmd.h)
Linked: (/home/ecl-109/uuv_ws/devel/.private/ds_ocomms_msgs/include/ds_ocomms_msgs/EnvStatus.h, /home/ecl-109/uuv_ws/devel/include/ds_ocomms_msgs/EnvStatus.h)
Linked: (/home/ecl-109/uuv_ws/devel/.private/ds_ocomms_msgs/include/ds_ocomms_msgs/QueryCmdRequest.h, /home/ecl-109/uuv_ws/devel/include/ds_ocomms_msgs/QueryCmdRequest.h)
Linked: (/home/ecl-109/uuv_ws/devel/.private/ds_ocomms_msgs/include/ds_ocomms_msgs/PwrCmdResponse.h, /home/ecl-109/uuv_ws/devel/include/ds_ocomms_msgs/PwrCmdResponse.h)
Linked: (/home/ecl-109/uuv_ws/devel/.private/ds_ocomms_msgs/include/ds_ocomms_msgs/SettingsCmdResponse.h, /home/ecl-109/uuv_ws/devel/include/ds_ocomms_msgs/SettingsCmdResponse.h)
Linked: (/home/ecl-109/uuv_ws/devel/.private/ds_ocomms_msgs/include/ds_ocomms_msgs/PwrCmdRequest.h, /home/ecl-109/uuv_ws/devel/include/ds_ocomms_msgs/PwrCmdRequest.h)
Linked: (/home/ecl-109/uuv_ws/devel/.private/ds_ocomms_msgs/include/ds_ocomms_msgs/ModemSettings.h, /home/ecl-109/uuv_ws/devel/include/ds_ocomms_msgs/ModemSettings.h)
Linked: (/home/ecl-109/uuv_ws/devel/.private/ds_ocomms_msgs/include/ds_ocomms_msgs/PingCmdResponse.h, /home/ecl-109/uuv_ws/devel/include/ds_ocomms_msgs/PingCmdResponse.h)
Linked: (/home/ecl-109/uuv_ws/devel/.private/ds_ocomms_msgs/include/ds_ocomms_msgs/QueryCmdResponse.h, /home/ecl-109/uuv_ws/devel/include/ds_ocomms_msgs/QueryCmdResponse.h)
Linked: (/home/ecl-109/uuv_ws/devel/.private/ds_ocomms_msgs/include/ds_ocomms_msgs/TransferCmdResponse.h, /home/ecl-109/uuv_ws/devel/include/ds_ocomms_msgs/TransferCmdResponse.h)
Linked: (/home/ecl-109/uuv_ws/devel/.private/ds_ocomms_msgs/include/ds_ocomms_msgs/SettingsCmdRequest.h, /home/ecl-109/uuv_ws/devel/include/ds_ocomms_msgs/SettingsCmdRequest.h)
Linked: (/home/ecl-109/uuv_ws/devel/.private/ds_ocomms_msgs/include/ds_ocomms_msgs/TransferCmdRequest.h, /home/ecl-109/uuv_ws/devel/include/ds_ocomms_msgs/TransferCmdRequest.h)
Linked: (/home/ecl-109/uuv_ws/devel/.private/ds_ocomms_msgs/include/ds_ocomms_msgs/TransferCmd.h, /home/ecl-109/uuv_ws/devel/include/ds_ocomms_msgs/TransferCmd.h)
Linked: (/home/ecl-109/uuv_ws/devel/.private/ds_ocomms_msgs/include/ds_ocomms_msgs/SettingsCmd.h, /home/ecl-109/uuv_ws/devel/include/ds_ocomms_msgs/SettingsCmd.h)
Linked: (/home/ecl-109/uuv_ws/devel/.private/ds_ocomms_msgs/include/ds_ocomms_msgs/EmitterStatus.h, /home/ecl-109/uuv_ws/devel/include/ds_ocomms_msgs/EmitterStatus.h)
Linked: (/home/ecl-109/uuv_ws/devel/.private/ds_ocomms_msgs/include/ds_ocomms_msgs/PwrCmd.h, /home/ecl-109/uuv_ws/devel/include/ds_ocomms_msgs/PwrCmd.h)
Linked: (/home/ecl-109/uuv_ws/devel/.private/ds_ocomms_msgs/include/ds_ocomms_msgs/PingCmd.h, /home/ecl-109/uuv_ws/devel/include/ds_ocomms_msgs/PingCmd.h)
Linked: (/home/ecl-109/uuv_ws/devel/.private/ds_ocomms_msgs/lib/python3/dist-packages/ds_ocomms_msgs/__init__.py, /home/ecl-109/uuv_ws/devel/lib/python3/dist-packages/ds_ocomms_msgs/__init__.py)
Linked: (/home/ecl-109/uuv_ws/devel/.private/ds_ocomms_msgs/lib/python3/dist-packages/ds_ocomms_msgs/srv/_QueryCmd.py, /home/ecl-109/uuv_ws/devel/lib/python3/dist-packages/ds_ocomms_msgs/srv/_QueryCmd.py)
Linked: (/home/ecl-109/uuv_ws/devel/.private/ds_ocomms_msgs/lib/python3/dist-packages/ds_ocomms_msgs/srv/_PingCmd.py, /home/ecl-109/uuv_ws/devel/lib/python3/dist-packages/ds_ocomms_msgs/srv/_PingCmd.py)
Linked: (/home/ecl-109/uuv_ws/devel/.private/ds_ocomms_msgs/lib/python3/dist-packages/ds_ocomms_msgs/srv/_TransferCmd.py, /home/ecl-109/uuv_ws/devel/lib/python3/dist-packages/ds_ocomms_msgs/srv/_TransferCmd.py)
Linked: (/home/ecl-109/uuv_ws/devel/.private/ds_ocomms_msgs/lib/python3/dist-packages/ds_ocomms_msgs/srv/__init__.py, /home/ecl-109/uuv_ws/devel/lib/python3/dist-packages/ds_ocomms_msgs/srv/__init__.py)
Linked: (/home/ecl-109/uuv_ws/devel/.private/ds_ocomms_msgs/lib/python3/dist-packages/ds_ocomms_msgs/srv/_SettingsCmd.py, /home/ecl-109/uuv_ws/devel/lib/python3/dist-packages/ds_ocomms_msgs/srv/_SettingsCmd.py)
Linked: (/home/ecl-109/uuv_ws/devel/.private/ds_ocomms_msgs/lib/python3/dist-packages/ds_ocomms_msgs/srv/_PwrCmd.py, /home/ecl-109/uuv_ws/devel/lib/python3/dist-packages/ds_ocomms_msgs/srv/_PwrCmd.py)
Linked: (/home/ecl-109/uuv_ws/devel/.private/ds_ocomms_msgs/lib/python3/dist-packages/ds_ocomms_msgs/msg/_EmitterStatus.py, /home/ecl-109/uuv_ws/devel/lib/python3/dist-packages/ds_ocomms_msgs/msg/_EmitterStatus.py)
Linked: (/home/ecl-109/uuv_ws/devel/.private/ds_ocomms_msgs/lib/python3/dist-packages/ds_ocomms_msgs/msg/_ModemStatus.py, /home/ecl-109/uuv_ws/devel/lib/python3/dist-packages/ds_ocomms_msgs/msg/_ModemStatus.py)
Linked: (/home/ecl-109/uuv_ws/devel/.private/ds_ocomms_msgs/lib/python3/dist-packages/ds_ocomms_msgs/msg/_EnvStatus.py, /home/ecl-109/uuv_ws/devel/lib/python3/dist-packages/ds_ocomms_msgs/msg/_EnvStatus.py)
Linked: (/home/ecl-109/uuv_ws/devel/.private/ds_ocomms_msgs/lib/python3/dist-packages/ds_ocomms_msgs/msg/__init__.py, /home/ecl-109/uuv_ws/devel/lib/python3/dist-packages/ds_ocomms_msgs/msg/__init__.py)
Linked: (/home/ecl-109/uuv_ws/devel/.private/ds_ocomms_msgs/lib/python3/dist-packages/ds_ocomms_msgs/msg/_XfrStatus.py, /home/ecl-109/uuv_ws/devel/lib/python3/dist-packages/ds_ocomms_msgs/msg/_XfrStatus.py)
Linked: (/home/ecl-109/uuv_ws/devel/.private/ds_ocomms_msgs/lib/python3/dist-packages/ds_ocomms_msgs/msg/_ModemSettings.py, /home/ecl-109/uuv_ws/devel/lib/python3/dist-packages/ds_ocomms_msgs/msg/_ModemSettings.py)
Linked: (/home/ecl-109/uuv_ws/devel/.private/ds_ocomms_msgs/lib/pkgconfig/ds_ocomms_msgs.pc, /home/ecl-109/uuv_ws/devel/lib/pkgconfig/ds_ocomms_msgs.pc)
Linked: (/home/ecl-109/uuv_ws/devel/.private/ds_ocomms_msgs/share/roseus/ros/ds_ocomms_msgs/manifest.l, /home/ecl-109/uuv_ws/devel/share/roseus/ros/ds_ocomms_msgs/manifest.l)
Linked: (/home/ecl-109/uuv_ws/devel/.private/ds_ocomms_msgs/share/roseus/ros/ds_ocomms_msgs/srv/QueryCmd.l, /home/ecl-109/uuv_ws/devel/share/roseus/ros/ds_ocomms_msgs/srv/QueryCmd.l)
Linked: (/home/ecl-109/uuv_ws/devel/.private/ds_ocomms_msgs/share/roseus/ros/ds_ocomms_msgs/srv/PingCmd.l, /home/ecl-109/uuv_ws/devel/share/roseus/ros/ds_ocomms_msgs/srv/PingCmd.l)
Linked: (/home/ecl-109/uuv_ws/devel/.private/ds_ocomms_msgs/share/roseus/ros/ds_ocomms_msgs/srv/SettingsCmd.l, /home/ecl-109/uuv_ws/devel/share/roseus/ros/ds_ocomms_msgs/srv/SettingsCmd.l)
Linked: (/home/ecl-109/uuv_ws/devel/.private/ds_ocomms_msgs/share/roseus/ros/ds_ocomms_msgs/srv/TransferCmd.l, /home/ecl-109/uuv_ws/devel/share/roseus/ros/ds_ocomms_msgs/srv/TransferCmd.l)
Linked: (/home/ecl-109/uuv_ws/devel/.private/ds_ocomms_msgs/share/roseus/ros/ds_ocomms_msgs/srv/PwrCmd.l, /home/ecl-109/uuv_ws/devel/share/roseus/ros/ds_ocomms_msgs/srv/PwrCmd.l)
Linked: (/home/ecl-109/uuv_ws/devel/.private/ds_ocomms_msgs/share/roseus/ros/ds_ocomms_msgs/msg/EnvStatus.l, /home/ecl-109/uuv_ws/devel/share/roseus/ros/ds_ocomms_msgs/msg/EnvStatus.l)
Linked: (/home/ecl-109/uuv_ws/devel/.private/ds_ocomms_msgs/share/roseus/ros/ds_ocomms_msgs/msg/EmitterStatus.l, /home/ecl-109/uuv_ws/devel/share/roseus/ros/ds_ocomms_msgs/msg/EmitterStatus.l)
Linked: (/home/ecl-109/uuv_ws/devel/.private/ds_ocomms_msgs/share/roseus/ros/ds_ocomms_msgs/msg/ModemSettings.l, /home/ecl-109/uuv_ws/devel/share/roseus/ros/ds_ocomms_msgs/msg/ModemSettings.l)
Linked: (/home/ecl-109/uuv_ws/devel/.private/ds_ocomms_msgs/share/roseus/ros/ds_ocomms_msgs/msg/XfrStatus.l, /home/ecl-109/uuv_ws/devel/share/roseus/ros/ds_ocomms_msgs/msg/XfrStatus.l)
Linked: (/home/ecl-109/uuv_ws/devel/.private/ds_ocomms_msgs/share/roseus/ros/ds_ocomms_msgs/msg/ModemStatus.l, /home/ecl-109/uuv_ws/devel/share/roseus/ros/ds_ocomms_msgs/msg/ModemStatus.l)
Linked: (/home/ecl-109/uuv_ws/devel/.private/ds_ocomms_msgs/share/gennodejs/ros/ds_ocomms_msgs/_index.js, /home/ecl-109/uuv_ws/devel/share/gennodejs/ros/ds_ocomms_msgs/_index.js)
Linked: (/home/ecl-109/uuv_ws/devel/.private/ds_ocomms_msgs/share/gennodejs/ros/ds_ocomms_msgs/srv/SettingsCmd.js, /home/ecl-109/uuv_ws/devel/share/gennodejs/ros/ds_ocomms_msgs/srv/SettingsCmd.js)
Linked: (/home/ecl-109/uuv_ws/devel/.private/ds_ocomms_msgs/share/gennodejs/ros/ds_ocomms_msgs/srv/PingCmd.js, /home/ecl-109/uuv_ws/devel/share/gennodejs/ros/ds_ocomms_msgs/srv/PingCmd.js)
Linked: (/home/ecl-109/uuv_ws/devel/.private/ds_ocomms_msgs/share/gennodejs/ros/ds_ocomms_msgs/srv/QueryCmd.js, /home/ecl-109/uuv_ws/devel/share/gennodejs/ros/ds_ocomms_msgs/srv/QueryCmd.js)
Linked: (/home/ecl-109/uuv_ws/devel/.private/ds_ocomms_msgs/share/gennodejs/ros/ds_ocomms_msgs/srv/TransferCmd.js, /home/ecl-109/uuv_ws/devel/share/gennodejs/ros/ds_ocomms_msgs/srv/TransferCmd.js)
Linked: (/home/ecl-109/uuv_ws/devel/.private/ds_ocomms_msgs/share/gennodejs/ros/ds_ocomms_msgs/srv/_index.js, /home/ecl-109/uuv_ws/devel/share/gennodejs/ros/ds_ocomms_msgs/srv/_index.js)
Linked: (/home/ecl-109/uuv_ws/devel/.private/ds_ocomms_msgs/share/gennodejs/ros/ds_ocomms_msgs/srv/PwrCmd.js, /home/ecl-109/uuv_ws/devel/share/gennodejs/ros/ds_ocomms_msgs/srv/PwrCmd.js)
Linked: (/home/ecl-109/uuv_ws/devel/.private/ds_ocomms_msgs/share/gennodejs/ros/ds_ocomms_msgs/msg/ModemSettings.js, /home/ecl-109/uuv_ws/devel/share/gennodejs/ros/ds_ocomms_msgs/msg/ModemSettings.js)
Linked: (/home/ecl-109/uuv_ws/devel/.private/ds_ocomms_msgs/share/gennodejs/ros/ds_ocomms_msgs/msg/ModemStatus.js, /home/ecl-109/uuv_ws/devel/share/gennodejs/ros/ds_ocomms_msgs/msg/ModemStatus.js)
Linked: (/home/ecl-109/uuv_ws/devel/.private/ds_ocomms_msgs/share/gennodejs/ros/ds_ocomms_msgs/msg/EnvStatus.js, /home/ecl-109/uuv_ws/devel/share/gennodejs/ros/ds_ocomms_msgs/msg/EnvStatus.js)
Linked: (/home/ecl-109/uuv_ws/devel/.private/ds_ocomms_msgs/share/gennodejs/ros/ds_ocomms_msgs/msg/EmitterStatus.js, /home/ecl-109/uuv_ws/devel/share/gennodejs/ros/ds_ocomms_msgs/msg/EmitterStatus.js)
Linked: (/home/ecl-109/uuv_ws/devel/.private/ds_ocomms_msgs/share/gennodejs/ros/ds_ocomms_msgs/msg/XfrStatus.js, /home/ecl-109/uuv_ws/devel/share/gennodejs/ros/ds_ocomms_msgs/msg/XfrStatus.js)
Linked: (/home/ecl-109/uuv_ws/devel/.private/ds_ocomms_msgs/share/gennodejs/ros/ds_ocomms_msgs/msg/_index.js, /home/ecl-109/uuv_ws/devel/share/gennodejs/ros/ds_ocomms_msgs/msg/_index.js)
Linked: (/home/ecl-109/uuv_ws/devel/.private/ds_ocomms_msgs/share/ds_ocomms_msgs/cmake/ds_ocomms_msgs-msg-paths.cmake, /home/ecl-109/uuv_ws/devel/share/ds_ocomms_msgs/cmake/ds_ocomms_msgs-msg-paths.cmake)
Linked: (/home/ecl-109/uuv_ws/devel/.private/ds_ocomms_msgs/share/ds_ocomms_msgs/cmake/ds_ocomms_msgsConfig.cmake, /home/ecl-109/uuv_ws/devel/share/ds_ocomms_msgs/cmake/ds_ocomms_msgsConfig.cmake)
Linked: (/home/ecl-109/uuv_ws/devel/.private/ds_ocomms_msgs/share/ds_ocomms_msgs/cmake/ds_ocomms_msgs-msg-extras.cmake, /home/ecl-109/uuv_ws/devel/share/ds_ocomms_msgs/cmake/ds_ocomms_msgs-msg-extras.cmake)
Linked: (/home/ecl-109/uuv_ws/devel/.private/ds_ocomms_msgs/share/ds_ocomms_msgs/cmake/ds_ocomms_msgsConfig-version.cmake, /home/ecl-109/uuv_ws/devel/share/ds_ocomms_msgs/cmake/ds_ocomms_msgsConfig-version.cmake)
Linked: (/home/ecl-109/uuv_ws/devel/.private/ds_ocomms_msgs/share/common-lisp/ros/ds_ocomms_msgs/srv/SettingsCmd.lisp, /home/ecl-109/uuv_ws/devel/share/common-lisp/ros/ds_ocomms_msgs/srv/SettingsCmd.lisp)
Linked: (/home/ecl-109/uuv_ws/devel/.private/ds_ocomms_msgs/share/common-lisp/ros/ds_ocomms_msgs/srv/PingCmd.lisp, /home/ecl-109/uuv_ws/devel/share/common-lisp/ros/ds_ocomms_msgs/srv/PingCmd.lisp)
Linked: (/home/ecl-109/uuv_ws/devel/.private/ds_ocomms_msgs/share/common-lisp/ros/ds_ocomms_msgs/srv/_package_SettingsCmd.lisp, /home/ecl-109/uuv_ws/devel/share/common-lisp/ros/ds_ocomms_msgs/srv/_package_SettingsCmd.lisp)
Linked: (/home/ecl-109/uuv_ws/devel/.private/ds_ocomms_msgs/share/common-lisp/ros/ds_ocomms_msgs/srv/TransferCmd.lisp, /home/ecl-109/uuv_ws/devel/share/common-lisp/ros/ds_ocomms_msgs/srv/TransferCmd.lisp)
Linked: (/home/ecl-109/uuv_ws/devel/.private/ds_ocomms_msgs/share/common-lisp/ros/ds_ocomms_msgs/srv/_package_PwrCmd.lisp, /home/ecl-109/uuv_ws/devel/share/common-lisp/ros/ds_ocomms_msgs/srv/_package_PwrCmd.lisp)
Linked: (/home/ecl-109/uuv_ws/devel/.private/ds_ocomms_msgs/share/common-lisp/ros/ds_ocomms_msgs/srv/_package_QueryCmd.lisp, /home/ecl-109/uuv_ws/devel/share/common-lisp/ros/ds_ocomms_msgs/srv/_package_QueryCmd.lisp)
Linked: (/home/ecl-109/uuv_ws/devel/.private/ds_ocomms_msgs/share/common-lisp/ros/ds_ocomms_msgs/srv/ds_ocomms_msgs-srv.asd, /home/ecl-109/uuv_ws/devel/share/common-lisp/ros/ds_ocomms_msgs/srv/ds_ocomms_msgs-srv.asd)
Linked: (/home/ecl-109/uuv_ws/devel/.private/ds_ocomms_msgs/share/common-lisp/ros/ds_ocomms_msgs/srv/_package.lisp, /home/ecl-109/uuv_ws/devel/share/common-lisp/ros/ds_ocomms_msgs/srv/_package.lisp)
Linked: (/home/ecl-109/uuv_ws/devel/.private/ds_ocomms_msgs/share/common-lisp/ros/ds_ocomms_msgs/srv/_package_TransferCmd.lisp, /home/ecl-109/uuv_ws/devel/share/common-lisp/ros/ds_ocomms_msgs/srv/_package_TransferCmd.lisp)
Linked: (/home/ecl-109/uuv_ws/devel/.private/ds_ocomms_msgs/share/common-lisp/ros/ds_ocomms_msgs/srv/QueryCmd.lisp, /home/ecl-109/uuv_ws/devel/share/common-lisp/ros/ds_ocomms_msgs/srv/QueryCmd.lisp)
Linked: (/home/ecl-109/uuv_ws/devel/.private/ds_ocomms_msgs/share/common-lisp/ros/ds_ocomms_msgs/srv/PwrCmd.lisp, /home/ecl-109/uuv_ws/devel/share/common-lisp/ros/ds_ocomms_msgs/srv/PwrCmd.lisp)
Linked: (/home/ecl-109/uuv_ws/devel/.private/ds_ocomms_msgs/share/common-lisp/ros/ds_ocomms_msgs/srv/_package_PingCmd.lisp, /home/ecl-109/uuv_ws/devel/share/common-lisp/ros/ds_ocomms_msgs/srv/_package_PingCmd.lisp)
Linked: (/home/ecl-109/uuv_ws/devel/.private/ds_ocomms_msgs/share/common-lisp/ros/ds_ocomms_msgs/msg/EnvStatus.lisp, /home/ecl-109/uuv_ws/devel/share/common-lisp/ros/ds_ocomms_msgs/msg/EnvStatus.lisp)
Linked: (/home/ecl-109/uuv_ws/devel/.private/ds_ocomms_msgs/share/common-lisp/ros/ds_ocomms_msgs/msg/_package_XfrStatus.lisp, /home/ecl-109/uuv_ws/devel/share/common-lisp/ros/ds_ocomms_msgs/msg/_package_XfrStatus.lisp)
Linked: (/home/ecl-109/uuv_ws/devel/.private/ds_ocomms_msgs/share/common-lisp/ros/ds_ocomms_msgs/msg/_package_ModemSettings.lisp, /home/ecl-109/uuv_ws/devel/share/common-lisp/ros/ds_ocomms_msgs/msg/_package_ModemSettings.lisp)
Linked: (/home/ecl-109/uuv_ws/devel/.private/ds_ocomms_msgs/share/common-lisp/ros/ds_ocomms_msgs/msg/_package_EnvStatus.lisp, /home/ecl-109/uuv_ws/devel/share/common-lisp/ros/ds_ocomms_msgs/msg/_package_EnvStatus.lisp)
Linked: (/home/ecl-109/uuv_ws/devel/.private/ds_ocomms_msgs/share/common-lisp/ros/ds_ocomms_msgs/msg/ds_ocomms_msgs-msg.asd, /home/ecl-109/uuv_ws/devel/share/common-lisp/ros/ds_ocomms_msgs/msg/ds_ocomms_msgs-msg.asd)
Linked: (/home/ecl-109/uuv_ws/devel/.private/ds_ocomms_msgs/share/common-lisp/ros/ds_ocomms_msgs/msg/EmitterStatus.lisp, /home/ecl-109/uuv_ws/devel/share/common-lisp/ros/ds_ocomms_msgs/msg/EmitterStatus.lisp)
Linked: (/home/ecl-109/uuv_ws/devel/.private/ds_ocomms_msgs/share/common-lisp/ros/ds_ocomms_msgs/msg/ModemSettings.lisp, /home/ecl-109/uuv_ws/devel/share/common-lisp/ros/ds_ocomms_msgs/msg/ModemSettings.lisp)
Linked: (/home/ecl-109/uuv_ws/devel/.private/ds_ocomms_msgs/share/common-lisp/ros/ds_ocomms_msgs/msg/XfrStatus.lisp, /home/ecl-109/uuv_ws/devel/share/common-lisp/ros/ds_ocomms_msgs/msg/XfrStatus.lisp)
Linked: (/home/ecl-109/uuv_ws/devel/.private/ds_ocomms_msgs/share/common-lisp/ros/ds_ocomms_msgs/msg/_package.lisp, /home/ecl-109/uuv_ws/devel/share/common-lisp/ros/ds_ocomms_msgs/msg/_package.lisp)
Linked: (/home/ecl-109/uuv_ws/devel/.private/ds_ocomms_msgs/share/common-lisp/ros/ds_ocomms_msgs/msg/_package_EmitterStatus.lisp, /home/ecl-109/uuv_ws/devel/share/common-lisp/ros/ds_ocomms_msgs/msg/_package_EmitterStatus.lisp)
Linked: (/home/ecl-109/uuv_ws/devel/.private/ds_ocomms_msgs/share/common-lisp/ros/ds_ocomms_msgs/msg/ModemStatus.lisp, /home/ecl-109/uuv_ws/devel/share/common-lisp/ros/ds_ocomms_msgs/msg/ModemStatus.lisp)
Linked: (/home/ecl-109/uuv_ws/devel/.private/ds_ocomms_msgs/share/common-lisp/ros/ds_ocomms_msgs/msg/_package_ModemStatus.lisp, /home/ecl-109/uuv_ws/devel/share/common-lisp/ros/ds_ocomms_msgs/msg/_package_ModemStatus.lisp)
