[  0%] Built target std_msgs_generate_messages_eus
[  0%] Built target geometry_msgs_generate_messages_eus
[  0%] Built target _marine_acoustic_msgs_generate_messages_check_deps_SonarRanges
[  0%] Built target _marine_acoustic_msgs_generate_messages_check_deps_SonarImageData
[  0%] Built target _marine_acoustic_msgs_generate_messages_check_deps_Dvl
[  0%] Built target _marine_acoustic_msgs_generate_messages_check_deps_RawSonarImage
[  0%] Built target _marine_acoustic_msgs_generate_messages_check_deps_PingInfo
[  0%] Built target _marine_acoustic_msgs_generate_messages_check_deps_DetectionFlag
[  0%] Built target std_msgs_generate_messages_py
[  0%] Built target _marine_acoustic_msgs_generate_messages_check_deps_ProjectedSonarImage
[  0%] Built target geometry_msgs_generate_messages_py
[  0%] Built target _marine_acoustic_msgs_generate_messages_check_deps_SonarDetections
[  0%] Built target geometry_msgs_generate_messages_nodejs
[  0%] Built target std_msgs_generate_messages_nodejs
[  0%] Built target geometry_msgs_generate_messages_lisp
[  0%] Built target std_msgs_generate_messages_lisp
[  0%] Built target geometry_msgs_generate_messages_cpp
[  0%] Built target std_msgs_generate_messages_cpp
[ 21%] Built target marine_acoustic_msgs_generate_messages_eus
[ 40%] Built target marine_acoustic_msgs_generate_messages_nodejs
[ 61%] Built target marine_acoustic_msgs_generate_messages_py
[ 80%] Built target marine_acoustic_msgs_generate_messages_lisp
[100%] Built target marine_acoustic_msgs_generate_messages_cpp
[100%] Built target marine_acoustic_msgs_generate_messages
