[35m[1mScanning dependencies of target _hdl_graph_slam_generate_messages_check_deps_SaveMap[0m
[  0%] Built target _hdl_graph_slam_generate_messages_check_deps_SaveMap
[35m[1mScanning dependencies of target _hdl_graph_slam_generate_messages_check_deps_DumpGraph[0m
[  0%] Built target _hdl_graph_slam_generate_messages_check_deps_DumpGraph
[35m[1mScanning dependencies of target geometry_msgs_generate_messages_py[0m
[  0%] Built target geometry_msgs_generate_messages_py
[35m[1mScanning dependencies of target std_msgs_generate_messages_py[0m
[  0%] Built target std_msgs_generate_messages_py
[35m[1mScanning dependencies of target _hdl_graph_slam_generate_messages_check_deps_LoadGraph[0m
[  0%] Built target _hdl_graph_slam_generate_messages_check_deps_LoadGraph
[35m[1mScanning dependencies of target _hdl_graph_slam_generate_messages_check_deps_ScanMatchingStatus[0m
[  0%] Built target _hdl_graph_slam_generate_messages_check_deps_ScanMatchingStatus
[35m[1mScanning dependencies of target _hdl_graph_slam_generate_messages_check_deps_FloorCoeffs[0m
[  0%] Built target _hdl_graph_slam_generate_messages_check_deps_FloorCoeffs
[35m[1mScanning dependencies of target geometry_msgs_generate_messages_lisp[0m
[  0%] Built target geometry_msgs_generate_messages_lisp
[35m[1mScanning dependencies of target std_msgs_generate_messages_lisp[0m
[  0%] Built target std_msgs_generate_messages_lisp
[35m[1mScanning dependencies of target geometry_msgs_generate_messages_nodejs[0m
[  0%] Built target geometry_msgs_generate_messages_nodejs
[35m[1mScanning dependencies of target std_msgs_generate_messages_nodejs[0m
[  0%] Built target std_msgs_generate_messages_nodejs
[35m[1mScanning dependencies of target geometry_msgs_generate_messages_cpp[0m
[  0%] Built target geometry_msgs_generate_messages_cpp
[35m[1mScanning dependencies of target std_msgs_generate_messages_cpp[0m
[  0%] Built target std_msgs_generate_messages_cpp
[35m[1mScanning dependencies of target geometry_msgs_generate_messages_eus[0m
[  0%] Built target geometry_msgs_generate_messages_eus
[35m[1mScanning dependencies of target std_msgs_generate_messages_eus[0m
[  0%] Built target std_msgs_generate_messages_eus
[35m[1mScanning dependencies of target prefiltering_nodelet[0m
[  2%] [32mBuilding CXX object CMakeFiles/prefiltering_nodelet.dir/apps/prefiltering_nodelet.cpp.o[0m
[  4%] [32m[1mLinking CXX shared library /home/ecl-109/uuv_ws/devel/.private/hdl_graph_slam/lib/libprefiltering_nodelet.so[0m
[  4%] Built target prefiltering_nodelet
[35m[1mScanning dependencies of target hdl_graph_slam_generate_messages_cpp[0m
[35m[1mScanning dependencies of target hdl_graph_slam_generate_messages_nodejs[0m
[35m[1mScanning dependencies of target hdl_graph_slam_generate_messages_eus[0m
[35m[1mScanning dependencies of target hdl_graph_slam_generate_messages_lisp[0m
[35m[1mScanning dependencies of target hdl_graph_slam_generate_messages_py[0m
[ 18%] [34m[1mGenerating Javascript code from hdl_graph_slam/FloorCoeffs.msg[0m
[ 18%] [34m[1mGenerating Lisp code from hdl_graph_slam/FloorCoeffs.msg[0m
[ 18%] [34m[1mGenerating EusLisp code from hdl_graph_slam/FloorCoeffs.msg[0m
[ 18%] [34m[1mGenerating Python from MSG hdl_graph_slam/FloorCoeffs[0m
[ 18%] [34m[1mGenerating Python from MSG hdl_graph_slam/ScanMatchingStatus[0m
[ 18%] [34m[1mGenerating C++ code from hdl_graph_slam/FloorCoeffs.msg[0m
[ 20%] [34m[1mGenerating Javascript code from hdl_graph_slam/ScanMatchingStatus.msg[0m
[ 23%] [34m[1mGenerating Lisp code from hdl_graph_slam/ScanMatchingStatus.msg[0m
[ 25%] [34m[1mGenerating C++ code from hdl_graph_slam/ScanMatchingStatus.msg[0m
[ 27%] [34m[1mGenerating Python code from SRV hdl_graph_slam/SaveMap[0m
[ 30%] [34m[1mGenerating EusLisp code from hdl_graph_slam/ScanMatchingStatus.msg[0m
[ 32%] [34m[1mGenerating Javascript code from hdl_graph_slam/SaveMap.srv[0m
[ 34%] [34m[1mGenerating Lisp code from hdl_graph_slam/SaveMap.srv[0m
[ 37%] [34m[1mGenerating C++ code from hdl_graph_slam/SaveMap.srv[0m
[ 39%] [34m[1mGenerating Javascript code from hdl_graph_slam/LoadGraph.srv[0m
[ 41%] [34m[1mGenerating Lisp code from hdl_graph_slam/LoadGraph.srv[0m
[ 44%] [34m[1mGenerating C++ code from hdl_graph_slam/LoadGraph.srv[0m
[ 46%] [34m[1mGenerating EusLisp code from hdl_graph_slam/SaveMap.srv[0m
[ 48%] [34m[1mGenerating Javascript code from hdl_graph_slam/DumpGraph.srv[0m
[ 51%] [34m[1mGenerating Lisp code from hdl_graph_slam/DumpGraph.srv[0m
[ 53%] [34m[1mGenerating Python code from SRV hdl_graph_slam/LoadGraph[0m
[ 53%] Built target hdl_graph_slam_generate_messages_nodejs
[ 58%] [34m[1mGenerating Python code from SRV hdl_graph_slam/DumpGraph[0m
[ 58%] [34m[1mGenerating EusLisp code from hdl_graph_slam/LoadGraph.srv[0m
[ 58%] Built target hdl_graph_slam_generate_messages_lisp
[ 60%] [34m[1mGenerating C++ code from hdl_graph_slam/DumpGraph.srv[0m
[ 62%] [34m[1mGenerating EusLisp code from hdl_graph_slam/DumpGraph.srv[0m
[ 65%] [34m[1mGenerating EusLisp manifest code for hdl_graph_slam[0m
[ 69%] [34m[1mGenerating Python msg __init__.py for hdl_graph_slam[0m
[ 69%] [34m[1mGenerating Python srv __init__.py for hdl_graph_slam[0m
[ 69%] Built target hdl_graph_slam_generate_messages_cpp
[35m[1mScanning dependencies of target hdl_graph_slam_gencpp[0m
[ 69%] Built target hdl_graph_slam_gencpp
[35m[1mScanning dependencies of target scan_matching_odometry_nodelet[0m
[35m[1mScanning dependencies of target hdl_graph_slam_nodelet[0m
[35m[1mScanning dependencies of target floor_detection_nodelet[0m
[ 69%] Built target hdl_graph_slam_generate_messages_py
[ 72%] [32mBuilding CXX object CMakeFiles/scan_matching_odometry_nodelet.dir/apps/scan_matching_odometry_nodelet.cpp.o[0m
[ 74%] [32mBuilding CXX object CMakeFiles/scan_matching_odometry_nodelet.dir/src/hdl_graph_slam/registrations.cpp.o[0m
[ 76%] [32mBuilding CXX object CMakeFiles/floor_detection_nodelet.dir/apps/floor_detection_nodelet.cpp.o[0m
[ 79%] [32mBuilding CXX object CMakeFiles/hdl_graph_slam_nodelet.dir/apps/hdl_graph_slam_nodelet.cpp.o[0m
[ 81%] [32mBuilding CXX object CMakeFiles/hdl_graph_slam_nodelet.dir/src/hdl_graph_slam/graph_slam.cpp.o[0m
[ 81%] Built target hdl_graph_slam_generate_messages_eus
[35m[1mScanning dependencies of target hdl_graph_slam_generate_messages[0m
[ 81%] Built target hdl_graph_slam_generate_messages
[ 83%] [32mBuilding CXX object CMakeFiles/hdl_graph_slam_nodelet.dir/src/hdl_graph_slam/keyframe.cpp.o[0m
[ 86%] [32mBuilding CXX object CMakeFiles/hdl_graph_slam_nodelet.dir/src/hdl_graph_slam/map_cloud_generator.cpp.o[0m
[ 88%] [32m[1mLinking CXX shared library /home/ecl-109/uuv_ws/devel/.private/hdl_graph_slam/lib/libfloor_detection_nodelet.so[0m
[ 90%] [32mBuilding CXX object CMakeFiles/hdl_graph_slam_nodelet.dir/src/hdl_graph_slam/registrations.cpp.o[0m
[ 93%] [32mBuilding CXX object CMakeFiles/hdl_graph_slam_nodelet.dir/src/hdl_graph_slam/information_matrix_calculator.cpp.o[0m
[ 95%] [32mBuilding CXX object CMakeFiles/hdl_graph_slam_nodelet.dir/src/g2o/robust_kernel_io.cpp.o[0m
[ 97%] [32m[1mLinking CXX shared library /home/ecl-109/uuv_ws/devel/.private/hdl_graph_slam/lib/libscan_matching_odometry_nodelet.so[0m
[ 97%] Built target floor_detection_nodelet
[ 97%] Built target scan_matching_odometry_nodelet
[100%] [32m[1mLinking CXX shared library /home/ecl-109/uuv_ws/devel/.private/hdl_graph_slam/lib/libhdl_graph_slam_nodelet.so[0m
[100%] Built target hdl_graph_slam_nodelet
