Symlinking /home/ecl-109/uuv_ws/devel/include/hdl_graph_slam/FloorCoeffs.h
Symlinking /home/ecl-109/uuv_ws/devel/include/hdl_graph_slam/SaveMap.h
Symlinking /home/ecl-109/uuv_ws/devel/include/hdl_graph_slam/DumpGraphRequest.h
Symlinking /home/ecl-109/uuv_ws/devel/include/hdl_graph_slam/LoadGraphResponse.h
Symlinking /home/ecl-109/uuv_ws/devel/include/hdl_graph_slam/SaveMapRequest.h
Symlinking /home/ecl-109/uuv_ws/devel/include/hdl_graph_slam/LoadGraphRequest.h
Symlinking /home/ecl-109/uuv_ws/devel/include/hdl_graph_slam/SaveMapResponse.h
Symlinking /home/ecl-109/uuv_ws/devel/include/hdl_graph_slam/DumpGraphResponse.h
Symlinking /home/ecl-109/uuv_ws/devel/include/hdl_graph_slam/ScanMatchingStatus.h
Symlinking /home/ecl-109/uuv_ws/devel/include/hdl_graph_slam/LoadGraph.h
Symlinking /home/ecl-109/uuv_ws/devel/include/hdl_graph_slam/DumpGraph.h
Symlinking /home/ecl-109/uuv_ws/devel/lib/libscan_matching_odometry_nodelet.so
Symlinking /home/ecl-109/uuv_ws/devel/lib/libfloor_detection_nodelet.so
Symlinking /home/ecl-109/uuv_ws/devel/lib/libprefiltering_nodelet.so
Symlinking /home/ecl-109/uuv_ws/devel/lib/libhdl_graph_slam_nodelet.so
Symlinking /home/ecl-109/uuv_ws/devel/lib/hdl_graph_slam/cmake.lock
Symlinking /home/ecl-109/uuv_ws/devel/lib/hdl_graph_slam/ford2bag.py
Symlinking /home/ecl-109/uuv_ws/devel/lib/hdl_graph_slam/map2odom_publisher.py
Symlinking /home/ecl-109/uuv_ws/devel/lib/hdl_graph_slam/bag_player.py
Symlinking /home/ecl-109/uuv_ws/devel/lib/python3/dist-packages/hdl_graph_slam/__init__.py
Symlinking /home/ecl-109/uuv_ws/devel/lib/python3/dist-packages/hdl_graph_slam/srv/_SaveMap.py
Symlinking /home/ecl-109/uuv_ws/devel/lib/python3/dist-packages/hdl_graph_slam/srv/_DumpGraph.py
Symlinking /home/ecl-109/uuv_ws/devel/lib/python3/dist-packages/hdl_graph_slam/srv/_LoadGraph.py
Symlinking /home/ecl-109/uuv_ws/devel/lib/python3/dist-packages/hdl_graph_slam/srv/__init__.py
Symlinking /home/ecl-109/uuv_ws/devel/lib/python3/dist-packages/hdl_graph_slam/msg/_FloorCoeffs.py
Symlinking /home/ecl-109/uuv_ws/devel/lib/python3/dist-packages/hdl_graph_slam/msg/_ScanMatchingStatus.py
Symlinking /home/ecl-109/uuv_ws/devel/lib/python3/dist-packages/hdl_graph_slam/msg/__init__.py
Symlinking /home/ecl-109/uuv_ws/devel/lib/pkgconfig/hdl_graph_slam.pc
Symlinking /home/ecl-109/uuv_ws/devel/share/roseus/ros/hdl_graph_slam/manifest.l
Symlinking /home/ecl-109/uuv_ws/devel/share/roseus/ros/hdl_graph_slam/srv/SaveMap.l
Symlinking /home/ecl-109/uuv_ws/devel/share/roseus/ros/hdl_graph_slam/srv/DumpGraph.l
Symlinking /home/ecl-109/uuv_ws/devel/share/roseus/ros/hdl_graph_slam/srv/LoadGraph.l
Symlinking /home/ecl-109/uuv_ws/devel/share/roseus/ros/hdl_graph_slam/msg/FloorCoeffs.l
Symlinking /home/ecl-109/uuv_ws/devel/share/roseus/ros/hdl_graph_slam/msg/ScanMatchingStatus.l
Symlinking /home/ecl-109/uuv_ws/devel/share/gennodejs/ros/hdl_graph_slam/_index.js
Symlinking /home/ecl-109/uuv_ws/devel/share/gennodejs/ros/hdl_graph_slam/srv/SaveMap.js
Symlinking /home/ecl-109/uuv_ws/devel/share/gennodejs/ros/hdl_graph_slam/srv/LoadGraph.js
Symlinking /home/ecl-109/uuv_ws/devel/share/gennodejs/ros/hdl_graph_slam/srv/DumpGraph.js
Symlinking /home/ecl-109/uuv_ws/devel/share/gennodejs/ros/hdl_graph_slam/srv/_index.js
Symlinking /home/ecl-109/uuv_ws/devel/share/gennodejs/ros/hdl_graph_slam/msg/FloorCoeffs.js
Symlinking /home/ecl-109/uuv_ws/devel/share/gennodejs/ros/hdl_graph_slam/msg/ScanMatchingStatus.js
Symlinking /home/ecl-109/uuv_ws/devel/share/gennodejs/ros/hdl_graph_slam/msg/_index.js
Symlinking /home/ecl-109/uuv_ws/devel/share/hdl_graph_slam/cmake/hdl_graph_slam-msg-paths.cmake
Symlinking /home/ecl-109/uuv_ws/devel/share/hdl_graph_slam/cmake/hdl_graph_slamConfig-version.cmake
Symlinking /home/ecl-109/uuv_ws/devel/share/hdl_graph_slam/cmake/hdl_graph_slamConfig.cmake
Symlinking /home/ecl-109/uuv_ws/devel/share/hdl_graph_slam/cmake/hdl_graph_slam-msg-extras.cmake
Symlinking /home/ecl-109/uuv_ws/devel/share/common-lisp/ros/hdl_graph_slam/srv/_package_LoadGraph.lisp
Symlinking /home/ecl-109/uuv_ws/devel/share/common-lisp/ros/hdl_graph_slam/srv/hdl_graph_slam-srv.asd
Symlinking /home/ecl-109/uuv_ws/devel/share/common-lisp/ros/hdl_graph_slam/srv/LoadGraph.lisp
Symlinking /home/ecl-109/uuv_ws/devel/share/common-lisp/ros/hdl_graph_slam/srv/SaveMap.lisp
Symlinking /home/ecl-109/uuv_ws/devel/share/common-lisp/ros/hdl_graph_slam/srv/_package_DumpGraph.lisp
Symlinking /home/ecl-109/uuv_ws/devel/share/common-lisp/ros/hdl_graph_slam/srv/_package.lisp
Symlinking /home/ecl-109/uuv_ws/devel/share/common-lisp/ros/hdl_graph_slam/srv/DumpGraph.lisp
Symlinking /home/ecl-109/uuv_ws/devel/share/common-lisp/ros/hdl_graph_slam/srv/_package_SaveMap.lisp
Symlinking /home/ecl-109/uuv_ws/devel/share/common-lisp/ros/hdl_graph_slam/msg/_package_FloorCoeffs.lisp
Symlinking /home/ecl-109/uuv_ws/devel/share/common-lisp/ros/hdl_graph_slam/msg/ScanMatchingStatus.lisp
Symlinking /home/ecl-109/uuv_ws/devel/share/common-lisp/ros/hdl_graph_slam/msg/_package_ScanMatchingStatus.lisp
Symlinking /home/ecl-109/uuv_ws/devel/share/common-lisp/ros/hdl_graph_slam/msg/hdl_graph_slam-msg.asd
Symlinking /home/ecl-109/uuv_ws/devel/share/common-lisp/ros/hdl_graph_slam/msg/FloorCoeffs.lisp
Symlinking /home/ecl-109/uuv_ws/devel/share/common-lisp/ros/hdl_graph_slam/msg/_package.lisp
