[  0%] Built target _hdl_graph_slam_generate_messages_check_deps_SaveMap
[  0%] Built target _hdl_graph_slam_generate_messages_check_deps_DumpGraph
[  0%] Built target geometry_msgs_generate_messages_py
[  0%] Built target _hdl_graph_slam_generate_messages_check_deps_LoadGraph
[  0%] Built target std_msgs_generate_messages_py
[  0%] Built target geometry_msgs_generate_messages_lisp
[  0%] Built target _hdl_graph_slam_generate_messages_check_deps_ScanMatchingStatus
[  0%] Built target std_msgs_generate_messages_nodejs
[  0%] Built target geometry_msgs_generate_messages_nodejs
[  0%] Built target std_msgs_generate_messages_cpp
[  0%] Built target geometry_msgs_generate_messages_cpp
[  0%] Built target std_msgs_generate_messages_lisp
[  0%] Built target _hdl_graph_slam_generate_messages_check_deps_FloorCoeffs
[  0%] Built target geometry_msgs_generate_messages_eus
[  0%] Built target std_msgs_generate_messages_eus
[ 25%] Built target hdl_graph_slam_generate_messages_lisp
[ 27%] Built target hdl_graph_slam_generate_messages_py
[ 39%] Built target hdl_graph_slam_generate_messages_nodejs
[ 51%] Built target hdl_graph_slam_generate_messages_cpp
[ 65%] Built target hdl_graph_slam_generate_messages_eus
[ 65%] Built target hdl_graph_slam_gencpp
[ 65%] Built target hdl_graph_slam_generate_messages
[ 69%] Built target prefiltering_nodelet
[ 76%] Built target scan_matching_odometry_nodelet
[ 81%] Built target floor_detection_nodelet
[100%] Built target hdl_graph_slam_nodelet
