Linked: (/home/ecl-109/uuv_ws/devel/.private/hdl_graph_slam/include/hdl_graph_slam/FloorCoeffs.h, /home/ecl-109/uuv_ws/devel/include/hdl_graph_slam/FloorCoeffs.h)
Linked: (/home/ecl-109/uuv_ws/devel/.private/hdl_graph_slam/include/hdl_graph_slam/SaveMap.h, /home/ecl-109/uuv_ws/devel/include/hdl_graph_slam/SaveMap.h)
Linked: (/home/ecl-109/uuv_ws/devel/.private/hdl_graph_slam/include/hdl_graph_slam/DumpGraphRequest.h, /home/ecl-109/uuv_ws/devel/include/hdl_graph_slam/DumpGraphRequest.h)
Linked: (/home/ecl-109/uuv_ws/devel/.private/hdl_graph_slam/include/hdl_graph_slam/LoadGraphResponse.h, /home/ecl-109/uuv_ws/devel/include/hdl_graph_slam/LoadGraphResponse.h)
Linked: (/home/ecl-109/uuv_ws/devel/.private/hdl_graph_slam/include/hdl_graph_slam/SaveMapRequest.h, /home/ecl-109/uuv_ws/devel/include/hdl_graph_slam/SaveMapRequest.h)
Linked: (/home/ecl-109/uuv_ws/devel/.private/hdl_graph_slam/include/hdl_graph_slam/LoadGraphRequest.h, /home/ecl-109/uuv_ws/devel/include/hdl_graph_slam/LoadGraphRequest.h)
Linked: (/home/ecl-109/uuv_ws/devel/.private/hdl_graph_slam/include/hdl_graph_slam/SaveMapResponse.h, /home/ecl-109/uuv_ws/devel/include/hdl_graph_slam/SaveMapResponse.h)
Linked: (/home/ecl-109/uuv_ws/devel/.private/hdl_graph_slam/include/hdl_graph_slam/DumpGraphResponse.h, /home/ecl-109/uuv_ws/devel/include/hdl_graph_slam/DumpGraphResponse.h)
Linked: (/home/ecl-109/uuv_ws/devel/.private/hdl_graph_slam/include/hdl_graph_slam/ScanMatchingStatus.h, /home/ecl-109/uuv_ws/devel/include/hdl_graph_slam/ScanMatchingStatus.h)
Linked: (/home/ecl-109/uuv_ws/devel/.private/hdl_graph_slam/include/hdl_graph_slam/LoadGraph.h, /home/ecl-109/uuv_ws/devel/include/hdl_graph_slam/LoadGraph.h)
Linked: (/home/ecl-109/uuv_ws/devel/.private/hdl_graph_slam/include/hdl_graph_slam/DumpGraph.h, /home/ecl-109/uuv_ws/devel/include/hdl_graph_slam/DumpGraph.h)
Linked: (/home/ecl-109/uuv_ws/devel/.private/hdl_graph_slam/lib/libscan_matching_odometry_nodelet.so, /home/ecl-109/uuv_ws/devel/lib/libscan_matching_odometry_nodelet.so)
Linked: (/home/ecl-109/uuv_ws/devel/.private/hdl_graph_slam/lib/libfloor_detection_nodelet.so, /home/ecl-109/uuv_ws/devel/lib/libfloor_detection_nodelet.so)
Linked: (/home/ecl-109/uuv_ws/devel/.private/hdl_graph_slam/lib/libprefiltering_nodelet.so, /home/ecl-109/uuv_ws/devel/lib/libprefiltering_nodelet.so)
Linked: (/home/ecl-109/uuv_ws/devel/.private/hdl_graph_slam/lib/libhdl_graph_slam_nodelet.so, /home/ecl-109/uuv_ws/devel/lib/libhdl_graph_slam_nodelet.so)
Linked: (/home/ecl-109/uuv_ws/devel/.private/hdl_graph_slam/lib/hdl_graph_slam/cmake.lock, /home/ecl-109/uuv_ws/devel/lib/hdl_graph_slam/cmake.lock)
Linked: (/home/ecl-109/uuv_ws/devel/.private/hdl_graph_slam/lib/hdl_graph_slam/ford2bag.py, /home/ecl-109/uuv_ws/devel/lib/hdl_graph_slam/ford2bag.py)
Linked: (/home/ecl-109/uuv_ws/devel/.private/hdl_graph_slam/lib/hdl_graph_slam/map2odom_publisher.py, /home/ecl-109/uuv_ws/devel/lib/hdl_graph_slam/map2odom_publisher.py)
Linked: (/home/ecl-109/uuv_ws/devel/.private/hdl_graph_slam/lib/hdl_graph_slam/bag_player.py, /home/ecl-109/uuv_ws/devel/lib/hdl_graph_slam/bag_player.py)
Linked: (/home/ecl-109/uuv_ws/devel/.private/hdl_graph_slam/lib/python3/dist-packages/hdl_graph_slam/__init__.py, /home/ecl-109/uuv_ws/devel/lib/python3/dist-packages/hdl_graph_slam/__init__.py)
Linked: (/home/ecl-109/uuv_ws/devel/.private/hdl_graph_slam/lib/python3/dist-packages/hdl_graph_slam/srv/_SaveMap.py, /home/ecl-109/uuv_ws/devel/lib/python3/dist-packages/hdl_graph_slam/srv/_SaveMap.py)
Linked: (/home/ecl-109/uuv_ws/devel/.private/hdl_graph_slam/lib/python3/dist-packages/hdl_graph_slam/srv/_DumpGraph.py, /home/ecl-109/uuv_ws/devel/lib/python3/dist-packages/hdl_graph_slam/srv/_DumpGraph.py)
Linked: (/home/ecl-109/uuv_ws/devel/.private/hdl_graph_slam/lib/python3/dist-packages/hdl_graph_slam/srv/_LoadGraph.py, /home/ecl-109/uuv_ws/devel/lib/python3/dist-packages/hdl_graph_slam/srv/_LoadGraph.py)
Linked: (/home/ecl-109/uuv_ws/devel/.private/hdl_graph_slam/lib/python3/dist-packages/hdl_graph_slam/srv/__init__.py, /home/ecl-109/uuv_ws/devel/lib/python3/dist-packages/hdl_graph_slam/srv/__init__.py)
Linked: (/home/ecl-109/uuv_ws/devel/.private/hdl_graph_slam/lib/python3/dist-packages/hdl_graph_slam/msg/_FloorCoeffs.py, /home/ecl-109/uuv_ws/devel/lib/python3/dist-packages/hdl_graph_slam/msg/_FloorCoeffs.py)
Linked: (/home/ecl-109/uuv_ws/devel/.private/hdl_graph_slam/lib/python3/dist-packages/hdl_graph_slam/msg/_ScanMatchingStatus.py, /home/ecl-109/uuv_ws/devel/lib/python3/dist-packages/hdl_graph_slam/msg/_ScanMatchingStatus.py)
Linked: (/home/ecl-109/uuv_ws/devel/.private/hdl_graph_slam/lib/python3/dist-packages/hdl_graph_slam/msg/__init__.py, /home/ecl-109/uuv_ws/devel/lib/python3/dist-packages/hdl_graph_slam/msg/__init__.py)
Linked: (/home/ecl-109/uuv_ws/devel/.private/hdl_graph_slam/lib/pkgconfig/hdl_graph_slam.pc, /home/ecl-109/uuv_ws/devel/lib/pkgconfig/hdl_graph_slam.pc)
Linked: (/home/ecl-109/uuv_ws/devel/.private/hdl_graph_slam/share/roseus/ros/hdl_graph_slam/manifest.l, /home/ecl-109/uuv_ws/devel/share/roseus/ros/hdl_graph_slam/manifest.l)
Linked: (/home/ecl-109/uuv_ws/devel/.private/hdl_graph_slam/share/roseus/ros/hdl_graph_slam/srv/SaveMap.l, /home/ecl-109/uuv_ws/devel/share/roseus/ros/hdl_graph_slam/srv/SaveMap.l)
Linked: (/home/ecl-109/uuv_ws/devel/.private/hdl_graph_slam/share/roseus/ros/hdl_graph_slam/srv/DumpGraph.l, /home/ecl-109/uuv_ws/devel/share/roseus/ros/hdl_graph_slam/srv/DumpGraph.l)
Linked: (/home/ecl-109/uuv_ws/devel/.private/hdl_graph_slam/share/roseus/ros/hdl_graph_slam/srv/LoadGraph.l, /home/ecl-109/uuv_ws/devel/share/roseus/ros/hdl_graph_slam/srv/LoadGraph.l)
Linked: (/home/ecl-109/uuv_ws/devel/.private/hdl_graph_slam/share/roseus/ros/hdl_graph_slam/msg/FloorCoeffs.l, /home/ecl-109/uuv_ws/devel/share/roseus/ros/hdl_graph_slam/msg/FloorCoeffs.l)
Linked: (/home/ecl-109/uuv_ws/devel/.private/hdl_graph_slam/share/roseus/ros/hdl_graph_slam/msg/ScanMatchingStatus.l, /home/ecl-109/uuv_ws/devel/share/roseus/ros/hdl_graph_slam/msg/ScanMatchingStatus.l)
Linked: (/home/ecl-109/uuv_ws/devel/.private/hdl_graph_slam/share/gennodejs/ros/hdl_graph_slam/_index.js, /home/ecl-109/uuv_ws/devel/share/gennodejs/ros/hdl_graph_slam/_index.js)
Linked: (/home/ecl-109/uuv_ws/devel/.private/hdl_graph_slam/share/gennodejs/ros/hdl_graph_slam/srv/SaveMap.js, /home/ecl-109/uuv_ws/devel/share/gennodejs/ros/hdl_graph_slam/srv/SaveMap.js)
Linked: (/home/ecl-109/uuv_ws/devel/.private/hdl_graph_slam/share/gennodejs/ros/hdl_graph_slam/srv/LoadGraph.js, /home/ecl-109/uuv_ws/devel/share/gennodejs/ros/hdl_graph_slam/srv/LoadGraph.js)
Linked: (/home/ecl-109/uuv_ws/devel/.private/hdl_graph_slam/share/gennodejs/ros/hdl_graph_slam/srv/DumpGraph.js, /home/ecl-109/uuv_ws/devel/share/gennodejs/ros/hdl_graph_slam/srv/DumpGraph.js)
Linked: (/home/ecl-109/uuv_ws/devel/.private/hdl_graph_slam/share/gennodejs/ros/hdl_graph_slam/srv/_index.js, /home/ecl-109/uuv_ws/devel/share/gennodejs/ros/hdl_graph_slam/srv/_index.js)
Linked: (/home/ecl-109/uuv_ws/devel/.private/hdl_graph_slam/share/gennodejs/ros/hdl_graph_slam/msg/FloorCoeffs.js, /home/ecl-109/uuv_ws/devel/share/gennodejs/ros/hdl_graph_slam/msg/FloorCoeffs.js)
Linked: (/home/ecl-109/uuv_ws/devel/.private/hdl_graph_slam/share/gennodejs/ros/hdl_graph_slam/msg/ScanMatchingStatus.js, /home/ecl-109/uuv_ws/devel/share/gennodejs/ros/hdl_graph_slam/msg/ScanMatchingStatus.js)
Linked: (/home/ecl-109/uuv_ws/devel/.private/hdl_graph_slam/share/gennodejs/ros/hdl_graph_slam/msg/_index.js, /home/ecl-109/uuv_ws/devel/share/gennodejs/ros/hdl_graph_slam/msg/_index.js)
Linked: (/home/ecl-109/uuv_ws/devel/.private/hdl_graph_slam/share/hdl_graph_slam/cmake/hdl_graph_slam-msg-paths.cmake, /home/ecl-109/uuv_ws/devel/share/hdl_graph_slam/cmake/hdl_graph_slam-msg-paths.cmake)
Linked: (/home/ecl-109/uuv_ws/devel/.private/hdl_graph_slam/share/hdl_graph_slam/cmake/hdl_graph_slamConfig-version.cmake, /home/ecl-109/uuv_ws/devel/share/hdl_graph_slam/cmake/hdl_graph_slamConfig-version.cmake)
Linked: (/home/ecl-109/uuv_ws/devel/.private/hdl_graph_slam/share/hdl_graph_slam/cmake/hdl_graph_slamConfig.cmake, /home/ecl-109/uuv_ws/devel/share/hdl_graph_slam/cmake/hdl_graph_slamConfig.cmake)
Linked: (/home/ecl-109/uuv_ws/devel/.private/hdl_graph_slam/share/hdl_graph_slam/cmake/hdl_graph_slam-msg-extras.cmake, /home/ecl-109/uuv_ws/devel/share/hdl_graph_slam/cmake/hdl_graph_slam-msg-extras.cmake)
Linked: (/home/ecl-109/uuv_ws/devel/.private/hdl_graph_slam/share/common-lisp/ros/hdl_graph_slam/srv/_package_LoadGraph.lisp, /home/ecl-109/uuv_ws/devel/share/common-lisp/ros/hdl_graph_slam/srv/_package_LoadGraph.lisp)
Linked: (/home/ecl-109/uuv_ws/devel/.private/hdl_graph_slam/share/common-lisp/ros/hdl_graph_slam/srv/hdl_graph_slam-srv.asd, /home/ecl-109/uuv_ws/devel/share/common-lisp/ros/hdl_graph_slam/srv/hdl_graph_slam-srv.asd)
Linked: (/home/ecl-109/uuv_ws/devel/.private/hdl_graph_slam/share/common-lisp/ros/hdl_graph_slam/srv/LoadGraph.lisp, /home/ecl-109/uuv_ws/devel/share/common-lisp/ros/hdl_graph_slam/srv/LoadGraph.lisp)
Linked: (/home/ecl-109/uuv_ws/devel/.private/hdl_graph_slam/share/common-lisp/ros/hdl_graph_slam/srv/SaveMap.lisp, /home/ecl-109/uuv_ws/devel/share/common-lisp/ros/hdl_graph_slam/srv/SaveMap.lisp)
Linked: (/home/ecl-109/uuv_ws/devel/.private/hdl_graph_slam/share/common-lisp/ros/hdl_graph_slam/srv/_package_DumpGraph.lisp, /home/ecl-109/uuv_ws/devel/share/common-lisp/ros/hdl_graph_slam/srv/_package_DumpGraph.lisp)
Linked: (/home/ecl-109/uuv_ws/devel/.private/hdl_graph_slam/share/common-lisp/ros/hdl_graph_slam/srv/_package.lisp, /home/ecl-109/uuv_ws/devel/share/common-lisp/ros/hdl_graph_slam/srv/_package.lisp)
Linked: (/home/ecl-109/uuv_ws/devel/.private/hdl_graph_slam/share/common-lisp/ros/hdl_graph_slam/srv/DumpGraph.lisp, /home/ecl-109/uuv_ws/devel/share/common-lisp/ros/hdl_graph_slam/srv/DumpGraph.lisp)
Linked: (/home/ecl-109/uuv_ws/devel/.private/hdl_graph_slam/share/common-lisp/ros/hdl_graph_slam/srv/_package_SaveMap.lisp, /home/ecl-109/uuv_ws/devel/share/common-lisp/ros/hdl_graph_slam/srv/_package_SaveMap.lisp)
Linked: (/home/ecl-109/uuv_ws/devel/.private/hdl_graph_slam/share/common-lisp/ros/hdl_graph_slam/msg/_package_FloorCoeffs.lisp, /home/ecl-109/uuv_ws/devel/share/common-lisp/ros/hdl_graph_slam/msg/_package_FloorCoeffs.lisp)
Linked: (/home/ecl-109/uuv_ws/devel/.private/hdl_graph_slam/share/common-lisp/ros/hdl_graph_slam/msg/ScanMatchingStatus.lisp, /home/ecl-109/uuv_ws/devel/share/common-lisp/ros/hdl_graph_slam/msg/ScanMatchingStatus.lisp)
Linked: (/home/ecl-109/uuv_ws/devel/.private/hdl_graph_slam/share/common-lisp/ros/hdl_graph_slam/msg/_package_ScanMatchingStatus.lisp, /home/ecl-109/uuv_ws/devel/share/common-lisp/ros/hdl_graph_slam/msg/_package_ScanMatchingStatus.lisp)
Linked: (/home/ecl-109/uuv_ws/devel/.private/hdl_graph_slam/share/common-lisp/ros/hdl_graph_slam/msg/hdl_graph_slam-msg.asd, /home/ecl-109/uuv_ws/devel/share/common-lisp/ros/hdl_graph_slam/msg/hdl_graph_slam-msg.asd)
Linked: (/home/ecl-109/uuv_ws/devel/.private/hdl_graph_slam/share/common-lisp/ros/hdl_graph_slam/msg/FloorCoeffs.lisp, /home/ecl-109/uuv_ws/devel/share/common-lisp/ros/hdl_graph_slam/msg/FloorCoeffs.lisp)
Linked: (/home/ecl-109/uuv_ws/devel/.private/hdl_graph_slam/share/common-lisp/ros/hdl_graph_slam/msg/_package.lisp, /home/ecl-109/uuv_ws/devel/share/common-lisp/ros/hdl_graph_slam/msg/_package.lisp)
